============================= test session starts ==============================
platform linux -- Python 3.14.2, pytest-9.0.3, pluggy-1.6.0
rootdir: /home/jack/dev/python/nged-substation-forecast
configfile: pyproject.toml
plugins: hydra-core-1.3.2, zarr-3.1.6, cov-7.1.0, hypothesis-6.151.12, anyio-4.13.0
collected 1 item

tests/test_xgboost_dagster_integration.py 2026-04-11 15:14:02 +0100 - dagster - DEBUG - xgboost_integration_job - ff1f7018-b313-4237-8529-31521c938a73 - 128807 - RUN_START - Started execution of run for "xgboost_integration_job".
2026-04-11 15:14:02 +0100 - dagster - DEBUG - xgboost_integration_job - ff1f7018-b313-4237-8529-31521c938a73 - 128807 - ENGINE_EVENT - Executing steps in process (pid: 128807)
2026-04-11 15:14:02 +0100 - dagster - DEBUG - xgboost_integration_job - ff1f7018-b313-4237-8529-31521c938a73 - 128807 - cleaned_actuals - RESOURCE_INIT_STARTED - Starting initialization of resources [io_manager, settings].
2026-04-11 15:14:02 +0100 - dagster - DEBUG - xgboost_integration_job - ff1f7018-b313-4237-8529-31521c938a73 - 128807 - cleaned_actuals - RESOURCE_INIT_SUCCESS - Finished initialization of resources [io_manager, settings].
2026-04-11 15:14:02 +0100 - dagster - DEBUG - xgboost_integration_job - ff1f7018-b313-4237-8529-31521c938a73 - 128807 - LOGS_CAPTURED - Started capturing logs in process (pid: 128807).
2026-04-11 15:14:02 +0100 - dagster - DEBUG - xgboost_integration_job - ff1f7018-b313-4237-8529-31521c938a73 - 128807 - cleaned_actuals - STEP_START - Started execution of step "cleaned_actuals".
2026-04-11 15:14:02 +0100 - dagster - INFO - xgboost_integration_job - ff1f7018-b313-4237-8529-31521c938a73 - cleaned_actuals - Cleaning partition: 2026-02-11
2026-04-11 15:14:02 +0100 - dagster - INFO - xgboost_integration_job - ff1f7018-b313-4237-8529-31521c938a73 - cleaned_actuals - Materialized data shape before cleaning: (3168, 3)
2026-04-11 15:14:02 +0100 - dagster - INFO - xgboost_integration_job - ff1f7018-b313-4237-8529-31521c938a73 - cleaned_actuals - DF after dropping nulls: shape: (75_070, 3)
┌────────────────┬─────────────────────────┬───────┐
│ time_series_id ┆ period_end_time         ┆ power │
│ ---            ┆ ---                     ┆ ---   │
│ i32            ┆ datetime[μs, UTC]       ┆ f32   │
╞════════════════╪═════════════════════════╪═══════╡
│ 11             ┆ 2026-02-10 00:30:00 UTC ┆ 3.956 │
│ 11             ┆ 2026-02-10 00:30:00 UTC ┆ 3.956 │
│ 11             ┆ 2026-02-10 00:30:00 UTC ┆ 3.956 │
│ 11             ┆ 2026-02-10 00:30:00 UTC ┆ 3.956 │
│ 11             ┆ 2026-02-10 00:30:00 UTC ┆ 3.956 │
│ …              ┆ …                       ┆ …     │
│ 13             ┆ 2026-02-11 23:30:00 UTC ┆ 3.079 │
│ 13             ┆ 2026-02-11 23:30:00 UTC ┆ 3.079 │
│ 13             ┆ 2026-02-11 23:30:00 UTC ┆ 3.079 │
│ 13             ┆ 2026-02-11 23:30:00 UTC ┆ 3.079 │
│ 13             ┆ 2026-02-11 23:30:00 UTC ┆ 3.079 │
└────────────────┴─────────────────────────┴───────┘
2026-04-11 15:14:02 +0100 - dagster - INFO - xgboost_integration_job - ff1f7018-b313-4237-8529-31521c938a73 - cleaned_actuals - Cleaned data shape after cleaning: (75070, 3)
2026-04-11 15:14:02 +0100 - dagster - INFO - xgboost_integration_job - ff1f7018-b313-4237-8529-31521c938a73 - cleaned_actuals - Validated data shape: (75070, 3)
2026-04-11 15:14:02 +0100 - dagster - INFO - xgboost_integration_job - ff1f7018-b313-4237-8529-31521c938a73 - cleaned_actuals - Filtered cleaned actuals to current partition. Partition range: [2026-02-11 00:00:00+00:00, 2026-02-12 00:00:00+00:00). Data shape: (37735, 3)
2026-04-11 15:14:02 +0100 - dagster - INFO - xgboost_integration_job - ff1f7018-b313-4237-8529-31521c938a73 - cleaned_actuals - Saved cleaned actuals to Delta table at data/NGED/delta/cleaned_actuals
2026-04-11 15:14:02 +0100 - dagster - DEBUG - xgboost_integration_job - ff1f7018-b313-4237-8529-31521c938a73 - 128807 - cleaned_actuals - STEP_OUTPUT - Yielded output "result" of type "DataFrame". (Type check passed).
2026-04-11 15:14:02 +0100 - dagster - DEBUG - xgboost_integration_job - ff1f7018-b313-4237-8529-31521c938a73 - cleaned_actuals - Writing file at: /tmp/pytest-of-jack/pytest-64/test_xgboost_dagster_integrati0/cleaned_actuals/2026-02-11 using CompositeIOManager...
2026-04-11 15:14:02 +0100 - dagster - DEBUG - xgboost_integration_job - ff1f7018-b313-4237-8529-31521c938a73 - 128807 - cleaned_actuals - ASSET_MATERIALIZATION - Materialized value cleaned_actuals.
2026-04-11 15:14:02 +0100 - dagster - DEBUG - xgboost_integration_job - ff1f7018-b313-4237-8529-31521c938a73 - 128807 - cleaned_actuals - HANDLED_OUTPUT - Handled output "result" using IO manager "io_manager"
2026-04-11 15:14:02 +0100 - dagster - DEBUG - xgboost_integration_job - ff1f7018-b313-4237-8529-31521c938a73 - 128807 - cleaned_actuals - STEP_SUCCESS - Finished execution of step "cleaned_actuals" in 155ms.
2026-04-11 15:14:02 +0100 - dagster - DEBUG - xgboost_integration_job - ff1f7018-b313-4237-8529-31521c938a73 - 128807 - ENGINE_EVENT - Finished steps in process (pid: 128807) in 159ms
2026-04-11 15:14:02 +0100 - dagster - DEBUG - xgboost_integration_job - ff1f7018-b313-4237-8529-31521c938a73 - 128807 - RUN_SUCCESS - Finished execution of run for "xgboost_integration_job".
2026-04-11 15:14:02 +0100 - dagster - DEBUG - xgboost_integration_job - 2227d645-9505-41da-80ad-b12faf219f3f - 128807 - RUN_START - Started execution of run for "xgboost_integration_job".
2026-04-11 15:14:02 +0100 - dagster - DEBUG - xgboost_integration_job - 2227d645-9505-41da-80ad-b12faf219f3f - 128807 - ENGINE_EVENT - Executing steps in process (pid: 128807)
2026-04-11 15:14:02 +0100 - dagster - DEBUG - xgboost_integration_job - 2227d645-9505-41da-80ad-b12faf219f3f - 128807 - cleaned_actuals - RESOURCE_INIT_STARTED - Starting initialization of resources [io_manager, settings].
2026-04-11 15:14:02 +0100 - dagster - DEBUG - xgboost_integration_job - 2227d645-9505-41da-80ad-b12faf219f3f - 128807 - cleaned_actuals - RESOURCE_INIT_SUCCESS - Finished initialization of resources [io_manager, settings].
2026-04-11 15:14:02 +0100 - dagster - DEBUG - xgboost_integration_job - 2227d645-9505-41da-80ad-b12faf219f3f - 128807 - LOGS_CAPTURED - Started capturing logs in process (pid: 128807).
2026-04-11 15:14:02 +0100 - dagster - DEBUG - xgboost_integration_job - 2227d645-9505-41da-80ad-b12faf219f3f - 128807 - cleaned_actuals - STEP_START - Started execution of step "cleaned_actuals".
2026-04-11 15:14:02 +0100 - dagster - INFO - xgboost_integration_job - 2227d645-9505-41da-80ad-b12faf219f3f - cleaned_actuals - Cleaning partition: 2026-02-12
2026-04-11 15:14:02 +0100 - dagster - INFO - xgboost_integration_job - 2227d645-9505-41da-80ad-b12faf219f3f - cleaned_actuals - Materialized data shape before cleaning: (3168, 3)
2026-04-11 15:14:02 +0100 - dagster - INFO - xgboost_integration_job - 2227d645-9505-41da-80ad-b12faf219f3f - cleaned_actuals - DF after dropping nulls: shape: (75_063, 3)
┌────────────────┬─────────────────────────┬───────┐
│ time_series_id ┆ period_end_time         ┆ power │
│ ---            ┆ ---                     ┆ ---   │
│ i32            ┆ datetime[μs, UTC]       ┆ f32   │
╞════════════════╪═════════════════════════╪═══════╡
│ 11             ┆ 2026-02-11 00:30:00 UTC ┆ 3.931 │
│ 11             ┆ 2026-02-11 00:30:00 UTC ┆ 3.931 │
│ 11             ┆ 2026-02-11 00:30:00 UTC ┆ 3.931 │
│ 11             ┆ 2026-02-11 00:30:00 UTC ┆ 3.931 │
│ 11             ┆ 2026-02-11 00:30:00 UTC ┆ 3.931 │
│ …              ┆ …                       ┆ …     │
│ 13             ┆ 2026-02-12 23:30:00 UTC ┆ 3.143 │
│ 13             ┆ 2026-02-12 23:30:00 UTC ┆ 3.143 │
│ 13             ┆ 2026-02-12 23:30:00 UTC ┆ 3.143 │
│ 13             ┆ 2026-02-12 23:30:00 UTC ┆ 3.143 │
│ 13             ┆ 2026-02-12 23:30:00 UTC ┆ 3.143 │
└────────────────┴─────────────────────────┴───────┘
2026-04-11 15:14:02 +0100 - dagster - INFO - xgboost_integration_job - 2227d645-9505-41da-80ad-b12faf219f3f - cleaned_actuals - Cleaned data shape after cleaning: (75063, 3)
2026-04-11 15:14:02 +0100 - dagster - INFO - xgboost_integration_job - 2227d645-9505-41da-80ad-b12faf219f3f - cleaned_actuals - Validated data shape: (75063, 3)
2026-04-11 15:14:02 +0100 - dagster - INFO - xgboost_integration_job - 2227d645-9505-41da-80ad-b12faf219f3f - cleaned_actuals - Filtered cleaned actuals to current partition. Partition range: [2026-02-12 00:00:00+00:00, 2026-02-13 00:00:00+00:00). Data shape: (38336, 3)
2026-04-11 15:14:03 +0100 - dagster - INFO - xgboost_integration_job - 2227d645-9505-41da-80ad-b12faf219f3f - cleaned_actuals - Saved cleaned actuals to Delta table at data/NGED/delta/cleaned_actuals
2026-04-11 15:14:03 +0100 - dagster - DEBUG - xgboost_integration_job - 2227d645-9505-41da-80ad-b12faf219f3f - 128807 - cleaned_actuals - STEP_OUTPUT - Yielded output "result" of type "DataFrame". (Type check passed).
2026-04-11 15:14:03 +0100 - dagster - DEBUG - xgboost_integration_job - 2227d645-9505-41da-80ad-b12faf219f3f - cleaned_actuals - Writing file at: /tmp/pytest-of-jack/pytest-64/test_xgboost_dagster_integrati0/cleaned_actuals/2026-02-12 using CompositeIOManager...
2026-04-11 15:14:03 +0100 - dagster - DEBUG - xgboost_integration_job - 2227d645-9505-41da-80ad-b12faf219f3f - 128807 - cleaned_actuals - ASSET_MATERIALIZATION - Materialized value cleaned_actuals.
2026-04-11 15:14:03 +0100 - dagster - DEBUG - xgboost_integration_job - 2227d645-9505-41da-80ad-b12faf219f3f - 128807 - cleaned_actuals - HANDLED_OUTPUT - Handled output "result" using IO manager "io_manager"
2026-04-11 15:14:03 +0100 - dagster - DEBUG - xgboost_integration_job - 2227d645-9505-41da-80ad-b12faf219f3f - 128807 - cleaned_actuals - STEP_SUCCESS - Finished execution of step "cleaned_actuals" in 131ms.
2026-04-11 15:14:03 +0100 - dagster - DEBUG - xgboost_integration_job - 2227d645-9505-41da-80ad-b12faf219f3f - 128807 - ENGINE_EVENT - Finished steps in process (pid: 128807) in 134ms
2026-04-11 15:14:03 +0100 - dagster - DEBUG - xgboost_integration_job - 2227d645-9505-41da-80ad-b12faf219f3f - 128807 - RUN_SUCCESS - Finished execution of run for "xgboost_integration_job".
2026-04-11 15:14:03 +0100 - dagster - DEBUG - xgboost_integration_job - 23ee407b-7291-4d48-bba8-ddcde1d53c97 - 128807 - RUN_START - Started execution of run for "xgboost_integration_job".
2026-04-11 15:14:03 +0100 - dagster - DEBUG - xgboost_integration_job - 23ee407b-7291-4d48-bba8-ddcde1d53c97 - 128807 - ENGINE_EVENT - Executing steps in process (pid: 128807)
2026-04-11 15:14:03 +0100 - dagster - DEBUG - xgboost_integration_job - 23ee407b-7291-4d48-bba8-ddcde1d53c97 - 128807 - cleaned_actuals - RESOURCE_INIT_STARTED - Starting initialization of resources [io_manager, settings].
2026-04-11 15:14:03 +0100 - dagster - DEBUG - xgboost_integration_job - 23ee407b-7291-4d48-bba8-ddcde1d53c97 - 128807 - cleaned_actuals - RESOURCE_INIT_SUCCESS - Finished initialization of resources [io_manager, settings].
2026-04-11 15:14:03 +0100 - dagster - DEBUG - xgboost_integration_job - 23ee407b-7291-4d48-bba8-ddcde1d53c97 - 128807 - LOGS_CAPTURED - Started capturing logs in process (pid: 128807).
2026-04-11 15:14:03 +0100 - dagster - DEBUG - xgboost_integration_job - 23ee407b-7291-4d48-bba8-ddcde1d53c97 - 128807 - cleaned_actuals - STEP_START - Started execution of step "cleaned_actuals".
2026-04-11 15:14:03 +0100 - dagster - INFO - xgboost_integration_job - 23ee407b-7291-4d48-bba8-ddcde1d53c97 - cleaned_actuals - Cleaning partition: 2026-02-13
2026-04-11 15:14:03 +0100 - dagster - INFO - xgboost_integration_job - 23ee407b-7291-4d48-bba8-ddcde1d53c97 - cleaned_actuals - Materialized data shape before cleaning: (3168, 3)
2026-04-11 15:14:03 +0100 - dagster - INFO - xgboost_integration_job - 23ee407b-7291-4d48-bba8-ddcde1d53c97 - cleaned_actuals - DF after dropping nulls: shape: (75_855, 3)
┌────────────────┬─────────────────────────┬───────┐
│ time_series_id ┆ period_end_time         ┆ power │
│ ---            ┆ ---                     ┆ ---   │
│ i32            ┆ datetime[μs, UTC]       ┆ f32   │
╞════════════════╪═════════════════════════╪═══════╡
│ 11             ┆ 2026-02-12 00:30:00 UTC ┆ 3.686 │
│ 11             ┆ 2026-02-12 00:30:00 UTC ┆ 3.686 │
│ 11             ┆ 2026-02-12 00:30:00 UTC ┆ 3.686 │
│ 11             ┆ 2026-02-12 00:30:00 UTC ┆ 3.686 │
│ 11             ┆ 2026-02-12 00:30:00 UTC ┆ 3.686 │
│ …              ┆ …                       ┆ …     │
│ 13             ┆ 2026-02-13 23:30:00 UTC ┆ 3.104 │
│ 13             ┆ 2026-02-13 23:30:00 UTC ┆ 3.104 │
│ 13             ┆ 2026-02-13 23:30:00 UTC ┆ 3.104 │
│ 13             ┆ 2026-02-13 23:30:00 UTC ┆ 3.104 │
│ 13             ┆ 2026-02-13 23:30:00 UTC ┆ 3.104 │
└────────────────┴─────────────────────────┴───────┘
2026-04-11 15:14:03 +0100 - dagster - INFO - xgboost_integration_job - 23ee407b-7291-4d48-bba8-ddcde1d53c97 - cleaned_actuals - Cleaned data shape after cleaning: (75855, 3)
2026-04-11 15:14:03 +0100 - dagster - INFO - xgboost_integration_job - 23ee407b-7291-4d48-bba8-ddcde1d53c97 - cleaned_actuals - Validated data shape: (75855, 3)
2026-04-11 15:14:03 +0100 - dagster - INFO - xgboost_integration_job - 23ee407b-7291-4d48-bba8-ddcde1d53c97 - cleaned_actuals - Filtered cleaned actuals to current partition. Partition range: [2026-02-13 00:00:00+00:00, 2026-02-14 00:00:00+00:00). Data shape: (38599, 3)
2026-04-11 15:14:03 +0100 - dagster - INFO - xgboost_integration_job - 23ee407b-7291-4d48-bba8-ddcde1d53c97 - cleaned_actuals - Saved cleaned actuals to Delta table at data/NGED/delta/cleaned_actuals
2026-04-11 15:14:03 +0100 - dagster - DEBUG - xgboost_integration_job - 23ee407b-7291-4d48-bba8-ddcde1d53c97 - 128807 - cleaned_actuals - STEP_OUTPUT - Yielded output "result" of type "DataFrame". (Type check passed).
2026-04-11 15:14:03 +0100 - dagster - DEBUG - xgboost_integration_job - 23ee407b-7291-4d48-bba8-ddcde1d53c97 - cleaned_actuals - Writing file at: /tmp/pytest-of-jack/pytest-64/test_xgboost_dagster_integrati0/cleaned_actuals/2026-02-13 using CompositeIOManager...
2026-04-11 15:14:03 +0100 - dagster - DEBUG - xgboost_integration_job - 23ee407b-7291-4d48-bba8-ddcde1d53c97 - 128807 - cleaned_actuals - ASSET_MATERIALIZATION - Materialized value cleaned_actuals.
2026-04-11 15:14:03 +0100 - dagster - DEBUG - xgboost_integration_job - 23ee407b-7291-4d48-bba8-ddcde1d53c97 - 128807 - cleaned_actuals - HANDLED_OUTPUT - Handled output "result" using IO manager "io_manager"
2026-04-11 15:14:03 +0100 - dagster - DEBUG - xgboost_integration_job - 23ee407b-7291-4d48-bba8-ddcde1d53c97 - 128807 - cleaned_actuals - STEP_SUCCESS - Finished execution of step "cleaned_actuals" in 156ms.
2026-04-11 15:14:03 +0100 - dagster - DEBUG - xgboost_integration_job - 23ee407b-7291-4d48-bba8-ddcde1d53c97 - 128807 - ENGINE_EVENT - Finished steps in process (pid: 128807) in 159ms
2026-04-11 15:14:03 +0100 - dagster - DEBUG - xgboost_integration_job - 23ee407b-7291-4d48-bba8-ddcde1d53c97 - 128807 - RUN_SUCCESS - Finished execution of run for "xgboost_integration_job".
2026-04-11 15:14:03 +0100 - dagster - DEBUG - xgboost_integration_job - 1426b008-a819-4ba6-8e5a-e6fd7f9ebe9c - 128807 - RUN_START - Started execution of run for "xgboost_integration_job".
2026-04-11 15:14:03 +0100 - dagster - DEBUG - xgboost_integration_job - 1426b008-a819-4ba6-8e5a-e6fd7f9ebe9c - 128807 - ENGINE_EVENT - Executing steps in process (pid: 128807)
2026-04-11 15:14:03 +0100 - dagster - DEBUG - xgboost_integration_job - 1426b008-a819-4ba6-8e5a-e6fd7f9ebe9c - 128807 - cleaned_actuals - RESOURCE_INIT_STARTED - Starting initialization of resources [io_manager, settings].
2026-04-11 15:14:03 +0100 - dagster - DEBUG - xgboost_integration_job - 1426b008-a819-4ba6-8e5a-e6fd7f9ebe9c - 128807 - cleaned_actuals - RESOURCE_INIT_SUCCESS - Finished initialization of resources [io_manager, settings].
2026-04-11 15:14:03 +0100 - dagster - DEBUG - xgboost_integration_job - 1426b008-a819-4ba6-8e5a-e6fd7f9ebe9c - 128807 - LOGS_CAPTURED - Started capturing logs in process (pid: 128807).
2026-04-11 15:14:03 +0100 - dagster - DEBUG - xgboost_integration_job - 1426b008-a819-4ba6-8e5a-e6fd7f9ebe9c - 128807 - cleaned_actuals - STEP_START - Started execution of step "cleaned_actuals".
2026-04-11 15:14:03 +0100 - dagster - INFO - xgboost_integration_job - 1426b008-a819-4ba6-8e5a-e6fd7f9ebe9c - cleaned_actuals - Cleaning partition: 2026-02-14
2026-04-11 15:14:03 +0100 - dagster - INFO - xgboost_integration_job - 1426b008-a819-4ba6-8e5a-e6fd7f9ebe9c - cleaned_actuals - Materialized data shape before cleaning: (3168, 3)
2026-04-11 15:14:03 +0100 - dagster - INFO - xgboost_integration_job - 1426b008-a819-4ba6-8e5a-e6fd7f9ebe9c - cleaned_actuals - DF after dropping nulls: shape: (76_753, 3)
┌────────────────┬─────────────────────────┬───────┐
│ time_series_id ┆ period_end_time         ┆ power │
│ ---            ┆ ---                     ┆ ---   │
│ i32            ┆ datetime[μs, UTC]       ┆ f32   │
╞════════════════╪═════════════════════════╪═══════╡
│ 11             ┆ 2026-02-13 00:30:00 UTC ┆ 3.921 │
│ 11             ┆ 2026-02-13 00:30:00 UTC ┆ 3.921 │
│ 11             ┆ 2026-02-13 00:30:00 UTC ┆ 3.921 │
│ 11             ┆ 2026-02-13 00:30:00 UTC ┆ 3.921 │
│ 11             ┆ 2026-02-13 00:30:00 UTC ┆ 3.921 │
│ …              ┆ …                       ┆ …     │
│ 13             ┆ 2026-02-14 23:30:00 UTC ┆ 3.058 │
│ 13             ┆ 2026-02-14 23:30:00 UTC ┆ 3.058 │
│ 13             ┆ 2026-02-14 23:30:00 UTC ┆ 3.058 │
│ 13             ┆ 2026-02-14 23:30:00 UTC ┆ 3.058 │
│ 13             ┆ 2026-02-14 23:30:00 UTC ┆ 3.058 │
└────────────────┴─────────────────────────┴───────┘
2026-04-11 15:14:03 +0100 - dagster - INFO - xgboost_integration_job - 1426b008-a819-4ba6-8e5a-e6fd7f9ebe9c - cleaned_actuals - Cleaned data shape after cleaning: (76753, 3)
2026-04-11 15:14:03 +0100 - dagster - INFO - xgboost_integration_job - 1426b008-a819-4ba6-8e5a-e6fd7f9ebe9c - cleaned_actuals - Validated data shape: (76753, 3)
2026-04-11 15:14:03 +0100 - dagster - INFO - xgboost_integration_job - 1426b008-a819-4ba6-8e5a-e6fd7f9ebe9c - cleaned_actuals - Filtered cleaned actuals to current partition. Partition range: [2026-02-14 00:00:00+00:00, 2026-02-15 00:00:00+00:00). Data shape: (39234, 3)
2026-04-11 15:14:03 +0100 - dagster - INFO - xgboost_integration_job - 1426b008-a819-4ba6-8e5a-e6fd7f9ebe9c - cleaned_actuals - Saved cleaned actuals to Delta table at data/NGED/delta/cleaned_actuals
2026-04-11 15:14:03 +0100 - dagster - DEBUG - xgboost_integration_job - 1426b008-a819-4ba6-8e5a-e6fd7f9ebe9c - 128807 - cleaned_actuals - STEP_OUTPUT - Yielded output "result" of type "DataFrame". (Type check passed).
2026-04-11 15:14:03 +0100 - dagster - DEBUG - xgboost_integration_job - 1426b008-a819-4ba6-8e5a-e6fd7f9ebe9c - cleaned_actuals - Writing file at: /tmp/pytest-of-jack/pytest-64/test_xgboost_dagster_integrati0/cleaned_actuals/2026-02-14 using CompositeIOManager...
2026-04-11 15:14:03 +0100 - dagster - DEBUG - xgboost_integration_job - 1426b008-a819-4ba6-8e5a-e6fd7f9ebe9c - 128807 - cleaned_actuals - ASSET_MATERIALIZATION - Materialized value cleaned_actuals.
2026-04-11 15:14:03 +0100 - dagster - DEBUG - xgboost_integration_job - 1426b008-a819-4ba6-8e5a-e6fd7f9ebe9c - 128807 - cleaned_actuals - HANDLED_OUTPUT - Handled output "result" using IO manager "io_manager"
2026-04-11 15:14:03 +0100 - dagster - DEBUG - xgboost_integration_job - 1426b008-a819-4ba6-8e5a-e6fd7f9ebe9c - 128807 - cleaned_actuals - STEP_SUCCESS - Finished execution of step "cleaned_actuals" in 142ms.
2026-04-11 15:14:03 +0100 - dagster - DEBUG - xgboost_integration_job - 1426b008-a819-4ba6-8e5a-e6fd7f9ebe9c - 128807 - ENGINE_EVENT - Finished steps in process (pid: 128807) in 145ms
2026-04-11 15:14:03 +0100 - dagster - DEBUG - xgboost_integration_job - 1426b008-a819-4ba6-8e5a-e6fd7f9ebe9c - 128807 - RUN_SUCCESS - Finished execution of run for "xgboost_integration_job".
2026-04-11 15:14:03 +0100 - dagster - DEBUG - xgboost_integration_job - a06c0092-2f69-4dee-8f37-5d54387d4b99 - 128807 - RUN_START - Started execution of run for "xgboost_integration_job".
2026-04-11 15:14:03 +0100 - dagster - DEBUG - xgboost_integration_job - a06c0092-2f69-4dee-8f37-5d54387d4b99 - 128807 - ENGINE_EVENT - Executing steps in process (pid: 128807)
2026-04-11 15:14:03 +0100 - dagster - DEBUG - xgboost_integration_job - a06c0092-2f69-4dee-8f37-5d54387d4b99 - 128807 - cleaned_actuals - RESOURCE_INIT_STARTED - Starting initialization of resources [io_manager, settings].
2026-04-11 15:14:03 +0100 - dagster - DEBUG - xgboost_integration_job - a06c0092-2f69-4dee-8f37-5d54387d4b99 - 128807 - cleaned_actuals - RESOURCE_INIT_SUCCESS - Finished initialization of resources [io_manager, settings].
2026-04-11 15:14:03 +0100 - dagster - DEBUG - xgboost_integration_job - a06c0092-2f69-4dee-8f37-5d54387d4b99 - 128807 - LOGS_CAPTURED - Started capturing logs in process (pid: 128807).
2026-04-11 15:14:03 +0100 - dagster - DEBUG - xgboost_integration_job - a06c0092-2f69-4dee-8f37-5d54387d4b99 - 128807 - cleaned_actuals - STEP_START - Started execution of step "cleaned_actuals".
2026-04-11 15:14:03 +0100 - dagster - INFO - xgboost_integration_job - a06c0092-2f69-4dee-8f37-5d54387d4b99 - cleaned_actuals - Cleaning partition: 2026-02-15
2026-04-11 15:14:03 +0100 - dagster - INFO - xgboost_integration_job - a06c0092-2f69-4dee-8f37-5d54387d4b99 - cleaned_actuals - Materialized data shape before cleaning: (3168, 3)
2026-04-11 15:14:03 +0100 - dagster - INFO - xgboost_integration_job - a06c0092-2f69-4dee-8f37-5d54387d4b99 - cleaned_actuals - DF after dropping nulls: shape: (76_165, 3)
┌────────────────┬─────────────────────────┬───────┐
│ time_series_id ┆ period_end_time         ┆ power │
│ ---            ┆ ---                     ┆ ---   │
│ i32            ┆ datetime[μs, UTC]       ┆ f32   │
╞════════════════╪═════════════════════════╪═══════╡
│ 11             ┆ 2026-02-14 00:30:00 UTC ┆ 5.405 │
│ 11             ┆ 2026-02-14 00:30:00 UTC ┆ 5.405 │
│ 11             ┆ 2026-02-14 00:30:00 UTC ┆ 5.405 │
│ 11             ┆ 2026-02-14 00:30:00 UTC ┆ 5.405 │
│ 11             ┆ 2026-02-14 00:30:00 UTC ┆ 5.405 │
│ …              ┆ …                       ┆ …     │
│ 13             ┆ 2026-02-15 23:30:00 UTC ┆ 2.794 │
│ 13             ┆ 2026-02-15 23:30:00 UTC ┆ 2.794 │
│ 13             ┆ 2026-02-15 23:30:00 UTC ┆ 2.794 │
│ 13             ┆ 2026-02-15 23:30:00 UTC ┆ 2.794 │
│ 13             ┆ 2026-02-15 23:30:00 UTC ┆ 2.794 │
└────────────────┴─────────────────────────┴───────┘
2026-04-11 15:14:03 +0100 - dagster - INFO - xgboost_integration_job - a06c0092-2f69-4dee-8f37-5d54387d4b99 - cleaned_actuals - Cleaned data shape after cleaning: (76165, 3)
2026-04-11 15:14:03 +0100 - dagster - INFO - xgboost_integration_job - a06c0092-2f69-4dee-8f37-5d54387d4b99 - cleaned_actuals - Validated data shape: (76165, 3)
2026-04-11 15:14:03 +0100 - dagster - INFO - xgboost_integration_job - a06c0092-2f69-4dee-8f37-5d54387d4b99 - cleaned_actuals - Filtered cleaned actuals to current partition. Partition range: [2026-02-15 00:00:00+00:00, 2026-02-16 00:00:00+00:00). Data shape: (38069, 3)
2026-04-11 15:14:03 +0100 - dagster - INFO - xgboost_integration_job - a06c0092-2f69-4dee-8f37-5d54387d4b99 - cleaned_actuals - Saved cleaned actuals to Delta table at data/NGED/delta/cleaned_actuals
2026-04-11 15:14:03 +0100 - dagster - DEBUG - xgboost_integration_job - a06c0092-2f69-4dee-8f37-5d54387d4b99 - 128807 - cleaned_actuals - STEP_OUTPUT - Yielded output "result" of type "DataFrame". (Type check passed).
2026-04-11 15:14:03 +0100 - dagster - DEBUG - xgboost_integration_job - a06c0092-2f69-4dee-8f37-5d54387d4b99 - cleaned_actuals - Writing file at: /tmp/pytest-of-jack/pytest-64/test_xgboost_dagster_integrati0/cleaned_actuals/2026-02-15 using CompositeIOManager...
2026-04-11 15:14:03 +0100 - dagster - DEBUG - xgboost_integration_job - a06c0092-2f69-4dee-8f37-5d54387d4b99 - 128807 - cleaned_actuals - ASSET_MATERIALIZATION - Materialized value cleaned_actuals.
2026-04-11 15:14:03 +0100 - dagster - DEBUG - xgboost_integration_job - a06c0092-2f69-4dee-8f37-5d54387d4b99 - 128807 - cleaned_actuals - HANDLED_OUTPUT - Handled output "result" using IO manager "io_manager"
2026-04-11 15:14:03 +0100 - dagster - DEBUG - xgboost_integration_job - a06c0092-2f69-4dee-8f37-5d54387d4b99 - 128807 - cleaned_actuals - STEP_SUCCESS - Finished execution of step "cleaned_actuals" in 156ms.
2026-04-11 15:14:03 +0100 - dagster - DEBUG - xgboost_integration_job - a06c0092-2f69-4dee-8f37-5d54387d4b99 - 128807 - ENGINE_EVENT - Finished steps in process (pid: 128807) in 159ms
2026-04-11 15:14:03 +0100 - dagster - DEBUG - xgboost_integration_job - a06c0092-2f69-4dee-8f37-5d54387d4b99 - 128807 - RUN_SUCCESS - Finished execution of run for "xgboost_integration_job".
2026-04-11 15:14:03 +0100 - dagster - DEBUG - xgboost_integration_job - 8fa9e438-055f-416b-bc68-a44c0ac67241 - 128807 - RUN_START - Started execution of run for "xgboost_integration_job".
2026-04-11 15:14:03 +0100 - dagster - DEBUG - xgboost_integration_job - 8fa9e438-055f-416b-bc68-a44c0ac67241 - 128807 - ENGINE_EVENT - Executing steps in process (pid: 128807)
2026-04-11 15:14:03 +0100 - dagster - DEBUG - xgboost_integration_job - 8fa9e438-055f-416b-bc68-a44c0ac67241 - 128807 - cleaned_actuals - RESOURCE_INIT_STARTED - Starting initialization of resources [io_manager, settings].
2026-04-11 15:14:03 +0100 - dagster - DEBUG - xgboost_integration_job - 8fa9e438-055f-416b-bc68-a44c0ac67241 - 128807 - cleaned_actuals - RESOURCE_INIT_SUCCESS - Finished initialization of resources [io_manager, settings].
2026-04-11 15:14:03 +0100 - dagster - DEBUG - xgboost_integration_job - 8fa9e438-055f-416b-bc68-a44c0ac67241 - 128807 - LOGS_CAPTURED - Started capturing logs in process (pid: 128807).
2026-04-11 15:14:03 +0100 - dagster - DEBUG - xgboost_integration_job - 8fa9e438-055f-416b-bc68-a44c0ac67241 - 128807 - cleaned_actuals - STEP_START - Started execution of step "cleaned_actuals".
2026-04-11 15:14:03 +0100 - dagster - INFO - xgboost_integration_job - 8fa9e438-055f-416b-bc68-a44c0ac67241 - cleaned_actuals - Cleaning partition: 2026-02-16
2026-04-11 15:14:03 +0100 - dagster - INFO - xgboost_integration_job - 8fa9e438-055f-416b-bc68-a44c0ac67241 - cleaned_actuals - Materialized data shape before cleaning: (3168, 3)
2026-04-11 15:14:03 +0100 - dagster - INFO - xgboost_integration_job - 8fa9e438-055f-416b-bc68-a44c0ac67241 - cleaned_actuals - DF after dropping nulls: shape: (76_849, 3)
┌────────────────┬─────────────────────────┬───────┐
│ time_series_id ┆ period_end_time         ┆ power │
│ ---            ┆ ---                     ┆ ---   │
│ i32            ┆ datetime[μs, UTC]       ┆ f32   │
╞════════════════╪═════════════════════════╪═══════╡
│ 11             ┆ 2026-02-15 00:30:00 UTC ┆ 4.687 │
│ 11             ┆ 2026-02-15 00:30:00 UTC ┆ 4.687 │
│ 11             ┆ 2026-02-15 00:30:00 UTC ┆ 4.687 │
│ 11             ┆ 2026-02-15 00:30:00 UTC ┆ 4.687 │
│ 11             ┆ 2026-02-15 00:30:00 UTC ┆ 4.687 │
│ …              ┆ …                       ┆ …     │
│ 13             ┆ 2026-02-16 23:30:00 UTC ┆ 3.063 │
│ 13             ┆ 2026-02-16 23:30:00 UTC ┆ 3.063 │
│ 13             ┆ 2026-02-16 23:30:00 UTC ┆ 3.063 │
│ 13             ┆ 2026-02-16 23:30:00 UTC ┆ 3.063 │
│ 13             ┆ 2026-02-16 23:30:00 UTC ┆ 3.063 │
└────────────────┴─────────────────────────┴───────┘
2026-04-11 15:14:03 +0100 - dagster - INFO - xgboost_integration_job - 8fa9e438-055f-416b-bc68-a44c0ac67241 - cleaned_actuals - Cleaned data shape after cleaning: (76849, 3)
2026-04-11 15:14:03 +0100 - dagster - INFO - xgboost_integration_job - 8fa9e438-055f-416b-bc68-a44c0ac67241 - cleaned_actuals - Validated data shape: (76849, 3)
2026-04-11 15:14:03 +0100 - dagster - INFO - xgboost_integration_job - 8fa9e438-055f-416b-bc68-a44c0ac67241 - cleaned_actuals - Filtered cleaned actuals to current partition. Partition range: [2026-02-16 00:00:00+00:00, 2026-02-17 00:00:00+00:00). Data shape: (39875, 3)
2026-04-11 15:14:03 +0100 - dagster - INFO - xgboost_integration_job - 8fa9e438-055f-416b-bc68-a44c0ac67241 - cleaned_actuals - Saved cleaned actuals to Delta table at data/NGED/delta/cleaned_actuals
2026-04-11 15:14:03 +0100 - dagster - DEBUG - xgboost_integration_job - 8fa9e438-055f-416b-bc68-a44c0ac67241 - 128807 - cleaned_actuals - STEP_OUTPUT - Yielded output "result" of type "DataFrame". (Type check passed).
2026-04-11 15:14:03 +0100 - dagster - DEBUG - xgboost_integration_job - 8fa9e438-055f-416b-bc68-a44c0ac67241 - cleaned_actuals - Writing file at: /tmp/pytest-of-jack/pytest-64/test_xgboost_dagster_integrati0/cleaned_actuals/2026-02-16 using CompositeIOManager...
2026-04-11 15:14:03 +0100 - dagster - DEBUG - xgboost_integration_job - 8fa9e438-055f-416b-bc68-a44c0ac67241 - 128807 - cleaned_actuals - ASSET_MATERIALIZATION - Materialized value cleaned_actuals.
2026-04-11 15:14:03 +0100 - dagster - DEBUG - xgboost_integration_job - 8fa9e438-055f-416b-bc68-a44c0ac67241 - 128807 - cleaned_actuals - HANDLED_OUTPUT - Handled output "result" using IO manager "io_manager"
2026-04-11 15:14:03 +0100 - dagster - DEBUG - xgboost_integration_job - 8fa9e438-055f-416b-bc68-a44c0ac67241 - 128807 - cleaned_actuals - STEP_SUCCESS - Finished execution of step "cleaned_actuals" in 130ms.
2026-04-11 15:14:03 +0100 - dagster - DEBUG - xgboost_integration_job - 8fa9e438-055f-416b-bc68-a44c0ac67241 - 128807 - ENGINE_EVENT - Finished steps in process (pid: 128807) in 133ms
2026-04-11 15:14:03 +0100 - dagster - DEBUG - xgboost_integration_job - 8fa9e438-055f-416b-bc68-a44c0ac67241 - 128807 - RUN_SUCCESS - Finished execution of run for "xgboost_integration_job".
2026-04-11 15:14:03 +0100 - dagster - DEBUG - xgboost_integration_job - 8df2cd08-fc99-48fc-86d5-93edf9cf1572 - 128807 - RUN_START - Started execution of run for "xgboost_integration_job".
2026-04-11 15:14:03 +0100 - dagster - DEBUG - xgboost_integration_job - 8df2cd08-fc99-48fc-86d5-93edf9cf1572 - 128807 - ENGINE_EVENT - Executing steps in process (pid: 128807)
2026-04-11 15:14:03 +0100 - dagster - DEBUG - xgboost_integration_job - 8df2cd08-fc99-48fc-86d5-93edf9cf1572 - 128807 - cleaned_actuals - RESOURCE_INIT_STARTED - Starting initialization of resources [io_manager, settings].
2026-04-11 15:14:03 +0100 - dagster - DEBUG - xgboost_integration_job - 8df2cd08-fc99-48fc-86d5-93edf9cf1572 - 128807 - cleaned_actuals - RESOURCE_INIT_SUCCESS - Finished initialization of resources [io_manager, settings].
2026-04-11 15:14:03 +0100 - dagster - DEBUG - xgboost_integration_job - 8df2cd08-fc99-48fc-86d5-93edf9cf1572 - 128807 - LOGS_CAPTURED - Started capturing logs in process (pid: 128807).
2026-04-11 15:14:03 +0100 - dagster - DEBUG - xgboost_integration_job - 8df2cd08-fc99-48fc-86d5-93edf9cf1572 - 128807 - cleaned_actuals - STEP_START - Started execution of step "cleaned_actuals".
2026-04-11 15:14:03 +0100 - dagster - INFO - xgboost_integration_job - 8df2cd08-fc99-48fc-86d5-93edf9cf1572 - cleaned_actuals - Cleaning partition: 2026-02-17
2026-04-11 15:14:03 +0100 - dagster - INFO - xgboost_integration_job - 8df2cd08-fc99-48fc-86d5-93edf9cf1572 - cleaned_actuals - Materialized data shape before cleaning: (3168, 3)
2026-04-11 15:14:03 +0100 - dagster - INFO - xgboost_integration_job - 8df2cd08-fc99-48fc-86d5-93edf9cf1572 - cleaned_actuals - DF after dropping nulls: shape: (77_878, 3)
┌────────────────┬─────────────────────────┬───────┐
│ time_series_id ┆ period_end_time         ┆ power │
│ ---            ┆ ---                     ┆ ---   │
│ i32            ┆ datetime[μs, UTC]       ┆ f32   │
╞════════════════╪═════════════════════════╪═══════╡
│ 11             ┆ 2026-02-16 00:30:00 UTC ┆ 4.936 │
│ 11             ┆ 2026-02-16 00:30:00 UTC ┆ 4.936 │
│ 11             ┆ 2026-02-16 00:30:00 UTC ┆ 4.936 │
│ 11             ┆ 2026-02-16 00:30:00 UTC ┆ 4.936 │
│ 11             ┆ 2026-02-16 00:30:00 UTC ┆ 4.936 │
│ …              ┆ …                       ┆ …     │
│ 13             ┆ 2026-02-17 23:30:00 UTC ┆ 2.973 │
│ 13             ┆ 2026-02-17 23:30:00 UTC ┆ 2.973 │
│ 13             ┆ 2026-02-17 23:30:00 UTC ┆ 2.973 │
│ 13             ┆ 2026-02-17 23:30:00 UTC ┆ 2.973 │
│ 13             ┆ 2026-02-17 23:30:00 UTC ┆ 2.973 │
└────────────────┴─────────────────────────┴───────┘
2026-04-11 15:14:03 +0100 - dagster - INFO - xgboost_integration_job - 8df2cd08-fc99-48fc-86d5-93edf9cf1572 - cleaned_actuals - Cleaned data shape after cleaning: (77878, 3)
2026-04-11 15:14:03 +0100 - dagster - INFO - xgboost_integration_job - 8df2cd08-fc99-48fc-86d5-93edf9cf1572 - cleaned_actuals - Validated data shape: (77878, 3)
2026-04-11 15:14:03 +0100 - dagster - INFO - xgboost_integration_job - 8df2cd08-fc99-48fc-86d5-93edf9cf1572 - cleaned_actuals - Filtered cleaned actuals to current partition. Partition range: [2026-02-17 00:00:00+00:00, 2026-02-18 00:00:00+00:00). Data shape: (39107, 3)
2026-04-11 15:14:03 +0100 - dagster - INFO - xgboost_integration_job - 8df2cd08-fc99-48fc-86d5-93edf9cf1572 - cleaned_actuals - Saved cleaned actuals to Delta table at data/NGED/delta/cleaned_actuals
2026-04-11 15:14:03 +0100 - dagster - DEBUG - xgboost_integration_job - 8df2cd08-fc99-48fc-86d5-93edf9cf1572 - 128807 - cleaned_actuals - STEP_OUTPUT - Yielded output "result" of type "DataFrame". (Type check passed).
2026-04-11 15:14:03 +0100 - dagster - DEBUG - xgboost_integration_job - 8df2cd08-fc99-48fc-86d5-93edf9cf1572 - cleaned_actuals - Writing file at: /tmp/pytest-of-jack/pytest-64/test_xgboost_dagster_integrati0/cleaned_actuals/2026-02-17 using CompositeIOManager...
2026-04-11 15:14:03 +0100 - dagster - DEBUG - xgboost_integration_job - 8df2cd08-fc99-48fc-86d5-93edf9cf1572 - 128807 - cleaned_actuals - ASSET_MATERIALIZATION - Materialized value cleaned_actuals.
2026-04-11 15:14:03 +0100 - dagster - DEBUG - xgboost_integration_job - 8df2cd08-fc99-48fc-86d5-93edf9cf1572 - 128807 - cleaned_actuals - HANDLED_OUTPUT - Handled output "result" using IO manager "io_manager"
2026-04-11 15:14:03 +0100 - dagster - DEBUG - xgboost_integration_job - 8df2cd08-fc99-48fc-86d5-93edf9cf1572 - 128807 - cleaned_actuals - STEP_SUCCESS - Finished execution of step "cleaned_actuals" in 133ms.
2026-04-11 15:14:03 +0100 - dagster - DEBUG - xgboost_integration_job - 8df2cd08-fc99-48fc-86d5-93edf9cf1572 - 128807 - ENGINE_EVENT - Finished steps in process (pid: 128807) in 137ms
2026-04-11 15:14:03 +0100 - dagster - DEBUG - xgboost_integration_job - 8df2cd08-fc99-48fc-86d5-93edf9cf1572 - 128807 - RUN_SUCCESS - Finished execution of run for "xgboost_integration_job".
2026-04-11 15:14:03 +0100 - dagster - DEBUG - xgboost_integration_job - ef9a6ced-cb77-4de1-915a-f9c9a20018b0 - 128807 - RUN_START - Started execution of run for "xgboost_integration_job".
2026-04-11 15:14:03 +0100 - dagster - DEBUG - xgboost_integration_job - ef9a6ced-cb77-4de1-915a-f9c9a20018b0 - 128807 - ENGINE_EVENT - Executing steps in process (pid: 128807)
2026-04-11 15:14:03 +0100 - dagster - DEBUG - xgboost_integration_job - ef9a6ced-cb77-4de1-915a-f9c9a20018b0 - 128807 - cleaned_actuals - RESOURCE_INIT_STARTED - Starting initialization of resources [io_manager, settings].
2026-04-11 15:14:03 +0100 - dagster - DEBUG - xgboost_integration_job - ef9a6ced-cb77-4de1-915a-f9c9a20018b0 - 128807 - cleaned_actuals - RESOURCE_INIT_SUCCESS - Finished initialization of resources [io_manager, settings].
2026-04-11 15:14:03 +0100 - dagster - DEBUG - xgboost_integration_job - ef9a6ced-cb77-4de1-915a-f9c9a20018b0 - 128807 - LOGS_CAPTURED - Started capturing logs in process (pid: 128807).
2026-04-11 15:14:03 +0100 - dagster - DEBUG - xgboost_integration_job - ef9a6ced-cb77-4de1-915a-f9c9a20018b0 - 128807 - cleaned_actuals - STEP_START - Started execution of step "cleaned_actuals".
2026-04-11 15:14:03 +0100 - dagster - INFO - xgboost_integration_job - ef9a6ced-cb77-4de1-915a-f9c9a20018b0 - cleaned_actuals - Cleaning partition: 2026-02-18
2026-04-11 15:14:03 +0100 - dagster - INFO - xgboost_integration_job - ef9a6ced-cb77-4de1-915a-f9c9a20018b0 - cleaned_actuals - Materialized data shape before cleaning: (3168, 3)
2026-04-11 15:14:03 +0100 - dagster - INFO - xgboost_integration_job - ef9a6ced-cb77-4de1-915a-f9c9a20018b0 - cleaned_actuals - DF after dropping nulls: shape: (76_983, 3)
┌────────────────┬─────────────────────────┬───────┐
│ time_series_id ┆ period_end_time         ┆ power │
│ ---            ┆ ---                     ┆ ---   │
│ i32            ┆ datetime[μs, UTC]       ┆ f32   │
╞════════════════╪═════════════════════════╪═══════╡
│ 11             ┆ 2026-02-17 00:30:00 UTC ┆ 4.751 │
│ 11             ┆ 2026-02-17 00:30:00 UTC ┆ 4.751 │
│ 11             ┆ 2026-02-17 00:30:00 UTC ┆ 4.751 │
│ 11             ┆ 2026-02-17 00:30:00 UTC ┆ 4.751 │
│ 11             ┆ 2026-02-17 00:30:00 UTC ┆ 4.751 │
│ …              ┆ …                       ┆ …     │
│ 13             ┆ 2026-02-18 23:30:00 UTC ┆ 3.106 │
│ 13             ┆ 2026-02-18 23:30:00 UTC ┆ 3.106 │
│ 13             ┆ 2026-02-18 23:30:00 UTC ┆ 3.106 │
│ 13             ┆ 2026-02-18 23:30:00 UTC ┆ 3.106 │
│ 13             ┆ 2026-02-18 23:30:00 UTC ┆ 3.106 │
└────────────────┴─────────────────────────┴───────┘
2026-04-11 15:14:03 +0100 - dagster - INFO - xgboost_integration_job - ef9a6ced-cb77-4de1-915a-f9c9a20018b0 - cleaned_actuals - Cleaned data shape after cleaning: (76983, 3)
2026-04-11 15:14:03 +0100 - dagster - INFO - xgboost_integration_job - ef9a6ced-cb77-4de1-915a-f9c9a20018b0 - cleaned_actuals - Validated data shape: (76983, 3)
2026-04-11 15:14:03 +0100 - dagster - INFO - xgboost_integration_job - ef9a6ced-cb77-4de1-915a-f9c9a20018b0 - cleaned_actuals - Filtered cleaned actuals to current partition. Partition range: [2026-02-18 00:00:00+00:00, 2026-02-19 00:00:00+00:00). Data shape: (38984, 3)
2026-04-11 15:14:04 +0100 - dagster - INFO - xgboost_integration_job - ef9a6ced-cb77-4de1-915a-f9c9a20018b0 - cleaned_actuals - Saved cleaned actuals to Delta table at data/NGED/delta/cleaned_actuals
2026-04-11 15:14:04 +0100 - dagster - DEBUG - xgboost_integration_job - ef9a6ced-cb77-4de1-915a-f9c9a20018b0 - 128807 - cleaned_actuals - STEP_OUTPUT - Yielded output "result" of type "DataFrame". (Type check passed).
2026-04-11 15:14:04 +0100 - dagster - DEBUG - xgboost_integration_job - ef9a6ced-cb77-4de1-915a-f9c9a20018b0 - cleaned_actuals - Writing file at: /tmp/pytest-of-jack/pytest-64/test_xgboost_dagster_integrati0/cleaned_actuals/2026-02-18 using CompositeIOManager...
2026-04-11 15:14:04 +0100 - dagster - DEBUG - xgboost_integration_job - ef9a6ced-cb77-4de1-915a-f9c9a20018b0 - 128807 - cleaned_actuals - ASSET_MATERIALIZATION - Materialized value cleaned_actuals.
2026-04-11 15:14:04 +0100 - dagster - DEBUG - xgboost_integration_job - ef9a6ced-cb77-4de1-915a-f9c9a20018b0 - 128807 - cleaned_actuals - HANDLED_OUTPUT - Handled output "result" using IO manager "io_manager"
2026-04-11 15:14:04 +0100 - dagster - DEBUG - xgboost_integration_job - ef9a6ced-cb77-4de1-915a-f9c9a20018b0 - 128807 - cleaned_actuals - STEP_SUCCESS - Finished execution of step "cleaned_actuals" in 159ms.
2026-04-11 15:14:04 +0100 - dagster - DEBUG - xgboost_integration_job - ef9a6ced-cb77-4de1-915a-f9c9a20018b0 - 128807 - ENGINE_EVENT - Finished steps in process (pid: 128807) in 163ms
2026-04-11 15:14:04 +0100 - dagster - DEBUG - xgboost_integration_job - ef9a6ced-cb77-4de1-915a-f9c9a20018b0 - 128807 - RUN_SUCCESS - Finished execution of run for "xgboost_integration_job".
2026-04-11 15:14:04 +0100 - dagster - DEBUG - xgboost_integration_job - 8e006cfb-7db0-467f-9ccd-52cbb74161df - 128807 - RUN_START - Started execution of run for "xgboost_integration_job".
2026-04-11 15:14:04 +0100 - dagster - DEBUG - xgboost_integration_job - 8e006cfb-7db0-467f-9ccd-52cbb74161df - 128807 - ENGINE_EVENT - Executing steps in process (pid: 128807)
2026-04-11 15:14:04 +0100 - dagster - DEBUG - xgboost_integration_job - 8e006cfb-7db0-467f-9ccd-52cbb74161df - 128807 - cleaned_actuals - RESOURCE_INIT_STARTED - Starting initialization of resources [io_manager, settings].
2026-04-11 15:14:04 +0100 - dagster - DEBUG - xgboost_integration_job - 8e006cfb-7db0-467f-9ccd-52cbb74161df - 128807 - cleaned_actuals - RESOURCE_INIT_SUCCESS - Finished initialization of resources [io_manager, settings].
2026-04-11 15:14:04 +0100 - dagster - DEBUG - xgboost_integration_job - 8e006cfb-7db0-467f-9ccd-52cbb74161df - 128807 - LOGS_CAPTURED - Started capturing logs in process (pid: 128807).
2026-04-11 15:14:04 +0100 - dagster - DEBUG - xgboost_integration_job - 8e006cfb-7db0-467f-9ccd-52cbb74161df - 128807 - cleaned_actuals - STEP_START - Started execution of step "cleaned_actuals".
2026-04-11 15:14:04 +0100 - dagster - INFO - xgboost_integration_job - 8e006cfb-7db0-467f-9ccd-52cbb74161df - cleaned_actuals - Cleaning partition: 2026-02-19
2026-04-11 15:14:04 +0100 - dagster - INFO - xgboost_integration_job - 8e006cfb-7db0-467f-9ccd-52cbb74161df - cleaned_actuals - Materialized data shape before cleaning: (3168, 3)
2026-04-11 15:14:04 +0100 - dagster - INFO - xgboost_integration_job - 8e006cfb-7db0-467f-9ccd-52cbb74161df - cleaned_actuals - DF after dropping nulls: shape: (76_483, 3)
┌────────────────┬─────────────────────────┬───────┐
│ time_series_id ┆ period_end_time         ┆ power │
│ ---            ┆ ---                     ┆ ---   │
│ i32            ┆ datetime[μs, UTC]       ┆ f32   │
╞════════════════╪═════════════════════════╪═══════╡
│ 11             ┆ 2026-02-18 00:30:00 UTC ┆ 4.887 │
│ 11             ┆ 2026-02-18 00:30:00 UTC ┆ 4.887 │
│ 11             ┆ 2026-02-18 00:30:00 UTC ┆ 4.887 │
│ 11             ┆ 2026-02-18 00:30:00 UTC ┆ 4.887 │
│ 11             ┆ 2026-02-18 00:30:00 UTC ┆ 4.887 │
│ …              ┆ …                       ┆ …     │
│ 13             ┆ 2026-02-19 23:30:00 UTC ┆ 3.015 │
│ 13             ┆ 2026-02-19 23:30:00 UTC ┆ 3.015 │
│ 13             ┆ 2026-02-19 23:30:00 UTC ┆ 3.015 │
│ 13             ┆ 2026-02-19 23:30:00 UTC ┆ 3.015 │
│ 13             ┆ 2026-02-19 23:30:00 UTC ┆ 3.015 │
└────────────────┴─────────────────────────┴───────┘
2026-04-11 15:14:04 +0100 - dagster - INFO - xgboost_integration_job - 8e006cfb-7db0-467f-9ccd-52cbb74161df - cleaned_actuals - Cleaned data shape after cleaning: (76483, 3)
2026-04-11 15:14:04 +0100 - dagster - INFO - xgboost_integration_job - 8e006cfb-7db0-467f-9ccd-52cbb74161df - cleaned_actuals - Validated data shape: (76483, 3)
2026-04-11 15:14:04 +0100 - dagster - INFO - xgboost_integration_job - 8e006cfb-7db0-467f-9ccd-52cbb74161df - cleaned_actuals - Filtered cleaned actuals to current partition. Partition range: [2026-02-19 00:00:00+00:00, 2026-02-20 00:00:00+00:00). Data shape: (38525, 3)
2026-04-11 15:14:04 +0100 - dagster - INFO - xgboost_integration_job - 8e006cfb-7db0-467f-9ccd-52cbb74161df - cleaned_actuals - Saved cleaned actuals to Delta table at data/NGED/delta/cleaned_actuals
2026-04-11 15:14:04 +0100 - dagster - DEBUG - xgboost_integration_job - 8e006cfb-7db0-467f-9ccd-52cbb74161df - 128807 - cleaned_actuals - STEP_OUTPUT - Yielded output "result" of type "DataFrame". (Type check passed).
2026-04-11 15:14:04 +0100 - dagster - DEBUG - xgboost_integration_job - 8e006cfb-7db0-467f-9ccd-52cbb74161df - cleaned_actuals - Writing file at: /tmp/pytest-of-jack/pytest-64/test_xgboost_dagster_integrati0/cleaned_actuals/2026-02-19 using CompositeIOManager...
2026-04-11 15:14:04 +0100 - dagster - DEBUG - xgboost_integration_job - 8e006cfb-7db0-467f-9ccd-52cbb74161df - 128807 - cleaned_actuals - ASSET_MATERIALIZATION - Materialized value cleaned_actuals.
2026-04-11 15:14:04 +0100 - dagster - DEBUG - xgboost_integration_job - 8e006cfb-7db0-467f-9ccd-52cbb74161df - 128807 - cleaned_actuals - HANDLED_OUTPUT - Handled output "result" using IO manager "io_manager"
2026-04-11 15:14:04 +0100 - dagster - DEBUG - xgboost_integration_job - 8e006cfb-7db0-467f-9ccd-52cbb74161df - 128807 - cleaned_actuals - STEP_SUCCESS - Finished execution of step "cleaned_actuals" in 146ms.
2026-04-11 15:14:04 +0100 - dagster - DEBUG - xgboost_integration_job - 8e006cfb-7db0-467f-9ccd-52cbb74161df - 128807 - ENGINE_EVENT - Finished steps in process (pid: 128807) in 150ms
2026-04-11 15:14:04 +0100 - dagster - DEBUG - xgboost_integration_job - 8e006cfb-7db0-467f-9ccd-52cbb74161df - 128807 - RUN_SUCCESS - Finished execution of run for "xgboost_integration_job".
2026-04-11 15:14:04 +0100 - dagster - DEBUG - xgboost_integration_job - eaf9d367-59be-41ff-8f35-de3ed2374e80 - 128807 - RUN_START - Started execution of run for "xgboost_integration_job".
2026-04-11 15:14:04 +0100 - dagster - DEBUG - xgboost_integration_job - eaf9d367-59be-41ff-8f35-de3ed2374e80 - 128807 - ENGINE_EVENT - Executing steps in process (pid: 128807)
2026-04-11 15:14:04 +0100 - dagster - DEBUG - xgboost_integration_job - eaf9d367-59be-41ff-8f35-de3ed2374e80 - 128807 - cleaned_actuals - RESOURCE_INIT_STARTED - Starting initialization of resources [io_manager, settings].
2026-04-11 15:14:04 +0100 - dagster - DEBUG - xgboost_integration_job - eaf9d367-59be-41ff-8f35-de3ed2374e80 - 128807 - cleaned_actuals - RESOURCE_INIT_SUCCESS - Finished initialization of resources [io_manager, settings].
2026-04-11 15:14:04 +0100 - dagster - DEBUG - xgboost_integration_job - eaf9d367-59be-41ff-8f35-de3ed2374e80 - 128807 - LOGS_CAPTURED - Started capturing logs in process (pid: 128807).
2026-04-11 15:14:04 +0100 - dagster - DEBUG - xgboost_integration_job - eaf9d367-59be-41ff-8f35-de3ed2374e80 - 128807 - cleaned_actuals - STEP_START - Started execution of step "cleaned_actuals".
2026-04-11 15:14:04 +0100 - dagster - INFO - xgboost_integration_job - eaf9d367-59be-41ff-8f35-de3ed2374e80 - cleaned_actuals - Cleaning partition: 2026-02-20
2026-04-11 15:14:04 +0100 - dagster - INFO - xgboost_integration_job - eaf9d367-59be-41ff-8f35-de3ed2374e80 - cleaned_actuals - Materialized data shape before cleaning: (3168, 3)
2026-04-11 15:14:04 +0100 - dagster - INFO - xgboost_integration_job - eaf9d367-59be-41ff-8f35-de3ed2374e80 - cleaned_actuals - DF after dropping nulls: shape: (76_504, 3)
┌────────────────┬─────────────────────────┬───────┐
│ time_series_id ┆ period_end_time         ┆ power │
│ ---            ┆ ---                     ┆ ---   │
│ i32            ┆ datetime[μs, UTC]       ┆ f32   │
╞════════════════╪═════════════════════════╪═══════╡
│ 11             ┆ 2026-02-19 00:30:00 UTC ┆ 5.109 │
│ 11             ┆ 2026-02-19 00:30:00 UTC ┆ 5.109 │
│ 11             ┆ 2026-02-19 00:30:00 UTC ┆ 5.109 │
│ 11             ┆ 2026-02-19 00:30:00 UTC ┆ 5.109 │
│ 11             ┆ 2026-02-19 00:30:00 UTC ┆ 5.109 │
│ …              ┆ …                       ┆ …     │
│ 13             ┆ 2026-02-20 23:30:00 UTC ┆ 3.156 │
│ 13             ┆ 2026-02-20 23:30:00 UTC ┆ 3.156 │
│ 13             ┆ 2026-02-20 23:30:00 UTC ┆ 3.156 │
│ 13             ┆ 2026-02-20 23:30:00 UTC ┆ 3.156 │
│ 13             ┆ 2026-02-20 23:30:00 UTC ┆ 3.156 │
└────────────────┴─────────────────────────┴───────┘
2026-04-11 15:14:04 +0100 - dagster - INFO - xgboost_integration_job - eaf9d367-59be-41ff-8f35-de3ed2374e80 - cleaned_actuals - Cleaned data shape after cleaning: (76504, 3)
2026-04-11 15:14:04 +0100 - dagster - INFO - xgboost_integration_job - eaf9d367-59be-41ff-8f35-de3ed2374e80 - cleaned_actuals - Validated data shape: (76504, 3)
2026-04-11 15:14:04 +0100 - dagster - INFO - xgboost_integration_job - eaf9d367-59be-41ff-8f35-de3ed2374e80 - cleaned_actuals - Filtered cleaned actuals to current partition. Partition range: [2026-02-20 00:00:00+00:00, 2026-02-21 00:00:00+00:00). Data shape: (39086, 3)
2026-04-11 15:14:04 +0100 - dagster - INFO - xgboost_integration_job - eaf9d367-59be-41ff-8f35-de3ed2374e80 - cleaned_actuals - Saved cleaned actuals to Delta table at data/NGED/delta/cleaned_actuals
2026-04-11 15:14:04 +0100 - dagster - DEBUG - xgboost_integration_job - eaf9d367-59be-41ff-8f35-de3ed2374e80 - 128807 - cleaned_actuals - STEP_OUTPUT - Yielded output "result" of type "DataFrame". (Type check passed).
2026-04-11 15:14:04 +0100 - dagster - DEBUG - xgboost_integration_job - eaf9d367-59be-41ff-8f35-de3ed2374e80 - cleaned_actuals - Writing file at: /tmp/pytest-of-jack/pytest-64/test_xgboost_dagster_integrati0/cleaned_actuals/2026-02-20 using CompositeIOManager...
2026-04-11 15:14:04 +0100 - dagster - DEBUG - xgboost_integration_job - eaf9d367-59be-41ff-8f35-de3ed2374e80 - 128807 - cleaned_actuals - ASSET_MATERIALIZATION - Materialized value cleaned_actuals.
2026-04-11 15:14:04 +0100 - dagster - DEBUG - xgboost_integration_job - eaf9d367-59be-41ff-8f35-de3ed2374e80 - 128807 - cleaned_actuals - HANDLED_OUTPUT - Handled output "result" using IO manager "io_manager"
2026-04-11 15:14:04 +0100 - dagster - DEBUG - xgboost_integration_job - eaf9d367-59be-41ff-8f35-de3ed2374e80 - 128807 - cleaned_actuals - STEP_SUCCESS - Finished execution of step "cleaned_actuals" in 135ms.
2026-04-11 15:14:04 +0100 - dagster - DEBUG - xgboost_integration_job - eaf9d367-59be-41ff-8f35-de3ed2374e80 - 128807 - ENGINE_EVENT - Finished steps in process (pid: 128807) in 138ms
2026-04-11 15:14:04 +0100 - dagster - DEBUG - xgboost_integration_job - eaf9d367-59be-41ff-8f35-de3ed2374e80 - 128807 - RUN_SUCCESS - Finished execution of run for "xgboost_integration_job".
2026-04-11 15:14:04 +0100 - dagster - DEBUG - xgboost_integration_job - 24a6ddb4-166d-4335-84a7-1472045d4b65 - 128807 - RUN_START - Started execution of run for "xgboost_integration_job".
2026-04-11 15:14:04 +0100 - dagster - DEBUG - xgboost_integration_job - 24a6ddb4-166d-4335-84a7-1472045d4b65 - 128807 - ENGINE_EVENT - Executing steps in process (pid: 128807)
2026-04-11 15:14:04 +0100 - dagster - DEBUG - xgboost_integration_job - 24a6ddb4-166d-4335-84a7-1472045d4b65 - 128807 - cleaned_actuals - RESOURCE_INIT_STARTED - Starting initialization of resources [io_manager, settings].
2026-04-11 15:14:04 +0100 - dagster - DEBUG - xgboost_integration_job - 24a6ddb4-166d-4335-84a7-1472045d4b65 - 128807 - cleaned_actuals - RESOURCE_INIT_SUCCESS - Finished initialization of resources [io_manager, settings].
2026-04-11 15:14:04 +0100 - dagster - DEBUG - xgboost_integration_job - 24a6ddb4-166d-4335-84a7-1472045d4b65 - 128807 - LOGS_CAPTURED - Started capturing logs in process (pid: 128807).
2026-04-11 15:14:04 +0100 - dagster - DEBUG - xgboost_integration_job - 24a6ddb4-166d-4335-84a7-1472045d4b65 - 128807 - cleaned_actuals - STEP_START - Started execution of step "cleaned_actuals".
2026-04-11 15:14:04 +0100 - dagster - INFO - xgboost_integration_job - 24a6ddb4-166d-4335-84a7-1472045d4b65 - cleaned_actuals - Cleaning partition: 2026-02-21
2026-04-11 15:14:04 +0100 - dagster - INFO - xgboost_integration_job - 24a6ddb4-166d-4335-84a7-1472045d4b65 - cleaned_actuals - Materialized data shape before cleaning: (3168, 3)
2026-04-11 15:14:04 +0100 - dagster - INFO - xgboost_integration_job - 24a6ddb4-166d-4335-84a7-1472045d4b65 - cleaned_actuals - DF after dropping nulls: shape: (76_825, 3)
┌────────────────┬─────────────────────────┬───────┐
│ time_series_id ┆ period_end_time         ┆ power │
│ ---            ┆ ---                     ┆ ---   │
│ i32            ┆ datetime[μs, UTC]       ┆ f32   │
╞════════════════╪═════════════════════════╪═══════╡
│ 11             ┆ 2026-02-20 00:30:00 UTC ┆ 4.665 │
│ 11             ┆ 2026-02-20 00:30:00 UTC ┆ 4.665 │
│ 11             ┆ 2026-02-20 00:30:00 UTC ┆ 4.665 │
│ 11             ┆ 2026-02-20 00:30:00 UTC ┆ 4.665 │
│ 11             ┆ 2026-02-20 00:30:00 UTC ┆ 4.665 │
│ …              ┆ …                       ┆ …     │
│ 13             ┆ 2026-02-21 23:30:00 UTC ┆ 3.101 │
│ 13             ┆ 2026-02-21 23:30:00 UTC ┆ 3.101 │
│ 13             ┆ 2026-02-21 23:30:00 UTC ┆ 3.101 │
│ 13             ┆ 2026-02-21 23:30:00 UTC ┆ 3.101 │
│ 13             ┆ 2026-02-21 23:30:00 UTC ┆ 3.101 │
└────────────────┴─────────────────────────┴───────┘
2026-04-11 15:14:04 +0100 - dagster - INFO - xgboost_integration_job - 24a6ddb4-166d-4335-84a7-1472045d4b65 - cleaned_actuals - Cleaned data shape after cleaning: (76825, 3)
2026-04-11 15:14:04 +0100 - dagster - INFO - xgboost_integration_job - 24a6ddb4-166d-4335-84a7-1472045d4b65 - cleaned_actuals - Validated data shape: (76825, 3)
2026-04-11 15:14:04 +0100 - dagster - INFO - xgboost_integration_job - 24a6ddb4-166d-4335-84a7-1472045d4b65 - cleaned_actuals - Filtered cleaned actuals to current partition. Partition range: [2026-02-21 00:00:00+00:00, 2026-02-22 00:00:00+00:00). Data shape: (38735, 3)
2026-04-11 15:14:04 +0100 - dagster - INFO - xgboost_integration_job - 24a6ddb4-166d-4335-84a7-1472045d4b65 - cleaned_actuals - Saved cleaned actuals to Delta table at data/NGED/delta/cleaned_actuals
2026-04-11 15:14:04 +0100 - dagster - DEBUG - xgboost_integration_job - 24a6ddb4-166d-4335-84a7-1472045d4b65 - 128807 - cleaned_actuals - STEP_OUTPUT - Yielded output "result" of type "DataFrame". (Type check passed).
2026-04-11 15:14:04 +0100 - dagster - DEBUG - xgboost_integration_job - 24a6ddb4-166d-4335-84a7-1472045d4b65 - cleaned_actuals - Writing file at: /tmp/pytest-of-jack/pytest-64/test_xgboost_dagster_integrati0/cleaned_actuals/2026-02-21 using CompositeIOManager...
2026-04-11 15:14:04 +0100 - dagster - DEBUG - xgboost_integration_job - 24a6ddb4-166d-4335-84a7-1472045d4b65 - 128807 - cleaned_actuals - ASSET_MATERIALIZATION - Materialized value cleaned_actuals.
2026-04-11 15:14:04 +0100 - dagster - DEBUG - xgboost_integration_job - 24a6ddb4-166d-4335-84a7-1472045d4b65 - 128807 - cleaned_actuals - HANDLED_OUTPUT - Handled output "result" using IO manager "io_manager"
2026-04-11 15:14:04 +0100 - dagster - DEBUG - xgboost_integration_job - 24a6ddb4-166d-4335-84a7-1472045d4b65 - 128807 - cleaned_actuals - STEP_SUCCESS - Finished execution of step "cleaned_actuals" in 141ms.
2026-04-11 15:14:04 +0100 - dagster - DEBUG - xgboost_integration_job - 24a6ddb4-166d-4335-84a7-1472045d4b65 - 128807 - ENGINE_EVENT - Finished steps in process (pid: 128807) in 144ms
2026-04-11 15:14:04 +0100 - dagster - DEBUG - xgboost_integration_job - 24a6ddb4-166d-4335-84a7-1472045d4b65 - 128807 - RUN_SUCCESS - Finished execution of run for "xgboost_integration_job".
2026-04-11 15:14:04 +0100 - dagster - DEBUG - xgboost_integration_job - 1fca5343-676a-40f0-98ee-2ac7fdb19f6e - 128807 - RUN_START - Started execution of run for "xgboost_integration_job".
2026-04-11 15:14:04 +0100 - dagster - DEBUG - xgboost_integration_job - 1fca5343-676a-40f0-98ee-2ac7fdb19f6e - 128807 - ENGINE_EVENT - Executing steps in process (pid: 128807)
2026-04-11 15:14:04 +0100 - dagster - DEBUG - xgboost_integration_job - 1fca5343-676a-40f0-98ee-2ac7fdb19f6e - 128807 - cleaned_actuals - RESOURCE_INIT_STARTED - Starting initialization of resources [io_manager, settings].
2026-04-11 15:14:04 +0100 - dagster - DEBUG - xgboost_integration_job - 1fca5343-676a-40f0-98ee-2ac7fdb19f6e - 128807 - cleaned_actuals - RESOURCE_INIT_SUCCESS - Finished initialization of resources [io_manager, settings].
2026-04-11 15:14:04 +0100 - dagster - DEBUG - xgboost_integration_job - 1fca5343-676a-40f0-98ee-2ac7fdb19f6e - 128807 - LOGS_CAPTURED - Started capturing logs in process (pid: 128807).
2026-04-11 15:14:04 +0100 - dagster - DEBUG - xgboost_integration_job - 1fca5343-676a-40f0-98ee-2ac7fdb19f6e - 128807 - cleaned_actuals - STEP_START - Started execution of step "cleaned_actuals".
2026-04-11 15:14:04 +0100 - dagster - INFO - xgboost_integration_job - 1fca5343-676a-40f0-98ee-2ac7fdb19f6e - cleaned_actuals - Cleaning partition: 2026-02-22
2026-04-11 15:14:04 +0100 - dagster - INFO - xgboost_integration_job - 1fca5343-676a-40f0-98ee-2ac7fdb19f6e - cleaned_actuals - Materialized data shape before cleaning: (3168, 3)
2026-04-11 15:14:04 +0100 - dagster - INFO - xgboost_integration_job - 1fca5343-676a-40f0-98ee-2ac7fdb19f6e - cleaned_actuals - DF after dropping nulls: shape: (77_978, 3)
┌────────────────┬─────────────────────────┬───────┐
│ time_series_id ┆ period_end_time         ┆ power │
│ ---            ┆ ---                     ┆ ---   │
│ i32            ┆ datetime[μs, UTC]       ┆ f32   │
╞════════════════╪═════════════════════════╪═══════╡
│ 11             ┆ 2026-02-21 00:30:00 UTC ┆ 4.703 │
│ 11             ┆ 2026-02-21 00:30:00 UTC ┆ 4.703 │
│ 11             ┆ 2026-02-21 00:30:00 UTC ┆ 4.703 │
│ 11             ┆ 2026-02-21 00:30:00 UTC ┆ 4.703 │
│ 11             ┆ 2026-02-21 00:30:00 UTC ┆ 4.703 │
│ …              ┆ …                       ┆ …     │
│ 13             ┆ 2026-02-22 23:30:00 UTC ┆ 2.775 │
│ 13             ┆ 2026-02-22 23:30:00 UTC ┆ 2.775 │
│ 13             ┆ 2026-02-22 23:30:00 UTC ┆ 2.775 │
│ 13             ┆ 2026-02-22 23:30:00 UTC ┆ 2.775 │
│ 13             ┆ 2026-02-22 23:30:00 UTC ┆ 2.775 │
└────────────────┴─────────────────────────┴───────┘
2026-04-11 15:14:04 +0100 - dagster - INFO - xgboost_integration_job - 1fca5343-676a-40f0-98ee-2ac7fdb19f6e - cleaned_actuals - Cleaned data shape after cleaning: (77978, 3)
2026-04-11 15:14:04 +0100 - dagster - INFO - xgboost_integration_job - 1fca5343-676a-40f0-98ee-2ac7fdb19f6e - cleaned_actuals - Validated data shape: (77978, 3)
2026-04-11 15:14:04 +0100 - dagster - INFO - xgboost_integration_job - 1fca5343-676a-40f0-98ee-2ac7fdb19f6e - cleaned_actuals - Filtered cleaned actuals to current partition. Partition range: [2026-02-22 00:00:00+00:00, 2026-02-23 00:00:00+00:00). Data shape: (40367, 3)
2026-04-11 15:14:04 +0100 - dagster - INFO - xgboost_integration_job - 1fca5343-676a-40f0-98ee-2ac7fdb19f6e - cleaned_actuals - Saved cleaned actuals to Delta table at data/NGED/delta/cleaned_actuals
2026-04-11 15:14:04 +0100 - dagster - DEBUG - xgboost_integration_job - 1fca5343-676a-40f0-98ee-2ac7fdb19f6e - 128807 - cleaned_actuals - STEP_OUTPUT - Yielded output "result" of type "DataFrame". (Type check passed).
2026-04-11 15:14:04 +0100 - dagster - DEBUG - xgboost_integration_job - 1fca5343-676a-40f0-98ee-2ac7fdb19f6e - cleaned_actuals - Writing file at: /tmp/pytest-of-jack/pytest-64/test_xgboost_dagster_integrati0/cleaned_actuals/2026-02-22 using CompositeIOManager...
2026-04-11 15:14:04 +0100 - dagster - DEBUG - xgboost_integration_job - 1fca5343-676a-40f0-98ee-2ac7fdb19f6e - 128807 - cleaned_actuals - ASSET_MATERIALIZATION - Materialized value cleaned_actuals.
2026-04-11 15:14:04 +0100 - dagster - DEBUG - xgboost_integration_job - 1fca5343-676a-40f0-98ee-2ac7fdb19f6e - 128807 - cleaned_actuals - HANDLED_OUTPUT - Handled output "result" using IO manager "io_manager"
2026-04-11 15:14:04 +0100 - dagster - DEBUG - xgboost_integration_job - 1fca5343-676a-40f0-98ee-2ac7fdb19f6e - 128807 - cleaned_actuals - STEP_SUCCESS - Finished execution of step "cleaned_actuals" in 125ms.
2026-04-11 15:14:04 +0100 - dagster - DEBUG - xgboost_integration_job - 1fca5343-676a-40f0-98ee-2ac7fdb19f6e - 128807 - ENGINE_EVENT - Finished steps in process (pid: 128807) in 128ms
2026-04-11 15:14:04 +0100 - dagster - DEBUG - xgboost_integration_job - 1fca5343-676a-40f0-98ee-2ac7fdb19f6e - 128807 - RUN_SUCCESS - Finished execution of run for "xgboost_integration_job".
2026-04-11 15:14:04 +0100 - dagster - DEBUG - xgboost_integration_job - 6f9c0a58-f658-4d0f-9833-ec8f796917d1 - 128807 - RUN_START - Started execution of run for "xgboost_integration_job".
2026-04-11 15:14:04 +0100 - dagster - DEBUG - xgboost_integration_job - 6f9c0a58-f658-4d0f-9833-ec8f796917d1 - 128807 - ENGINE_EVENT - Executing steps in process (pid: 128807)
2026-04-11 15:14:04 +0100 - dagster - DEBUG - xgboost_integration_job - 6f9c0a58-f658-4d0f-9833-ec8f796917d1 - 128807 - cleaned_actuals - RESOURCE_INIT_STARTED - Starting initialization of resources [io_manager, settings].
2026-04-11 15:14:04 +0100 - dagster - DEBUG - xgboost_integration_job - 6f9c0a58-f658-4d0f-9833-ec8f796917d1 - 128807 - cleaned_actuals - RESOURCE_INIT_SUCCESS - Finished initialization of resources [io_manager, settings].
2026-04-11 15:14:04 +0100 - dagster - DEBUG - xgboost_integration_job - 6f9c0a58-f658-4d0f-9833-ec8f796917d1 - 128807 - LOGS_CAPTURED - Started capturing logs in process (pid: 128807).
2026-04-11 15:14:04 +0100 - dagster - DEBUG - xgboost_integration_job - 6f9c0a58-f658-4d0f-9833-ec8f796917d1 - 128807 - cleaned_actuals - STEP_START - Started execution of step "cleaned_actuals".
2026-04-11 15:14:04 +0100 - dagster - INFO - xgboost_integration_job - 6f9c0a58-f658-4d0f-9833-ec8f796917d1 - cleaned_actuals - Cleaning partition: 2026-02-23
2026-04-11 15:14:04 +0100 - dagster - INFO - xgboost_integration_job - 6f9c0a58-f658-4d0f-9833-ec8f796917d1 - cleaned_actuals - Materialized data shape before cleaning: (3168, 3)
2026-04-11 15:14:04 +0100 - dagster - INFO - xgboost_integration_job - 6f9c0a58-f658-4d0f-9833-ec8f796917d1 - cleaned_actuals - DF after dropping nulls: shape: (78_785, 3)
┌────────────────┬─────────────────────────┬───────┐
│ time_series_id ┆ period_end_time         ┆ power │
│ ---            ┆ ---                     ┆ ---   │
│ i32            ┆ datetime[μs, UTC]       ┆ f32   │
╞════════════════╪═════════════════════════╪═══════╡
│ 11             ┆ 2026-02-22 00:30:00 UTC ┆ 4.022 │
│ 11             ┆ 2026-02-22 00:30:00 UTC ┆ 4.022 │
│ 11             ┆ 2026-02-22 00:30:00 UTC ┆ 4.022 │
│ 11             ┆ 2026-02-22 00:30:00 UTC ┆ 4.022 │
│ 11             ┆ 2026-02-22 00:30:00 UTC ┆ 4.022 │
│ …              ┆ …                       ┆ …     │
│ 13             ┆ 2026-02-23 23:30:00 UTC ┆ 2.791 │
│ 13             ┆ 2026-02-23 23:30:00 UTC ┆ 2.791 │
│ 13             ┆ 2026-02-23 23:30:00 UTC ┆ 2.791 │
│ 13             ┆ 2026-02-23 23:30:00 UTC ┆ 2.791 │
│ 13             ┆ 2026-02-23 23:30:00 UTC ┆ 2.791 │
└────────────────┴─────────────────────────┴───────┘
2026-04-11 15:14:04 +0100 - dagster - INFO - xgboost_integration_job - 6f9c0a58-f658-4d0f-9833-ec8f796917d1 - cleaned_actuals - Cleaned data shape after cleaning: (78785, 3)
2026-04-11 15:14:04 +0100 - dagster - INFO - xgboost_integration_job - 6f9c0a58-f658-4d0f-9833-ec8f796917d1 - cleaned_actuals - Validated data shape: (78785, 3)
2026-04-11 15:14:04 +0100 - dagster - INFO - xgboost_integration_job - 6f9c0a58-f658-4d0f-9833-ec8f796917d1 - cleaned_actuals - Filtered cleaned actuals to current partition. Partition range: [2026-02-23 00:00:00+00:00, 2026-02-24 00:00:00+00:00). Data shape: (39544, 3)
2026-04-11 15:14:04 +0100 - dagster - INFO - xgboost_integration_job - 6f9c0a58-f658-4d0f-9833-ec8f796917d1 - cleaned_actuals - Saved cleaned actuals to Delta table at data/NGED/delta/cleaned_actuals
2026-04-11 15:14:04 +0100 - dagster - DEBUG - xgboost_integration_job - 6f9c0a58-f658-4d0f-9833-ec8f796917d1 - 128807 - cleaned_actuals - STEP_OUTPUT - Yielded output "result" of type "DataFrame". (Type check passed).
2026-04-11 15:14:04 +0100 - dagster - DEBUG - xgboost_integration_job - 6f9c0a58-f658-4d0f-9833-ec8f796917d1 - cleaned_actuals - Writing file at: /tmp/pytest-of-jack/pytest-64/test_xgboost_dagster_integrati0/cleaned_actuals/2026-02-23 using CompositeIOManager...
2026-04-11 15:14:04 +0100 - dagster - DEBUG - xgboost_integration_job - 6f9c0a58-f658-4d0f-9833-ec8f796917d1 - 128807 - cleaned_actuals - ASSET_MATERIALIZATION - Materialized value cleaned_actuals.
2026-04-11 15:14:04 +0100 - dagster - DEBUG - xgboost_integration_job - 6f9c0a58-f658-4d0f-9833-ec8f796917d1 - 128807 - cleaned_actuals - HANDLED_OUTPUT - Handled output "result" using IO manager "io_manager"
2026-04-11 15:14:04 +0100 - dagster - DEBUG - xgboost_integration_job - 6f9c0a58-f658-4d0f-9833-ec8f796917d1 - 128807 - cleaned_actuals - STEP_SUCCESS - Finished execution of step "cleaned_actuals" in 132ms.
2026-04-11 15:14:04 +0100 - dagster - DEBUG - xgboost_integration_job - 6f9c0a58-f658-4d0f-9833-ec8f796917d1 - 128807 - ENGINE_EVENT - Finished steps in process (pid: 128807) in 135ms
2026-04-11 15:14:04 +0100 - dagster - DEBUG - xgboost_integration_job - 6f9c0a58-f658-4d0f-9833-ec8f796917d1 - 128807 - RUN_SUCCESS - Finished execution of run for "xgboost_integration_job".
2026-04-11 15:14:04 +0100 - dagster - DEBUG - xgboost_integration_job - de75c05e-f03b-435d-86f0-659b0bdf730e - 128807 - RUN_START - Started execution of run for "xgboost_integration_job".
2026-04-11 15:14:04 +0100 - dagster - DEBUG - xgboost_integration_job - de75c05e-f03b-435d-86f0-659b0bdf730e - 128807 - ENGINE_EVENT - Executing steps in process (pid: 128807)
2026-04-11 15:14:04 +0100 - dagster - DEBUG - xgboost_integration_job - de75c05e-f03b-435d-86f0-659b0bdf730e - 128807 - cleaned_actuals - RESOURCE_INIT_STARTED - Starting initialization of resources [io_manager, settings].
2026-04-11 15:14:04 +0100 - dagster - DEBUG - xgboost_integration_job - de75c05e-f03b-435d-86f0-659b0bdf730e - 128807 - cleaned_actuals - RESOURCE_INIT_SUCCESS - Finished initialization of resources [io_manager, settings].
2026-04-11 15:14:04 +0100 - dagster - DEBUG - xgboost_integration_job - de75c05e-f03b-435d-86f0-659b0bdf730e - 128807 - LOGS_CAPTURED - Started capturing logs in process (pid: 128807).
2026-04-11 15:14:04 +0100 - dagster - DEBUG - xgboost_integration_job - de75c05e-f03b-435d-86f0-659b0bdf730e - 128807 - cleaned_actuals - STEP_START - Started execution of step "cleaned_actuals".
2026-04-11 15:14:04 +0100 - dagster - INFO - xgboost_integration_job - de75c05e-f03b-435d-86f0-659b0bdf730e - cleaned_actuals - Cleaning partition: 2026-02-24
2026-04-11 15:14:04 +0100 - dagster - INFO - xgboost_integration_job - de75c05e-f03b-435d-86f0-659b0bdf730e - cleaned_actuals - Materialized data shape before cleaning: (3168, 3)
2026-04-11 15:14:04 +0100 - dagster - INFO - xgboost_integration_job - de75c05e-f03b-435d-86f0-659b0bdf730e - cleaned_actuals - DF after dropping nulls: shape: (77_835, 3)
┌────────────────┬─────────────────────────┬───────┐
│ time_series_id ┆ period_end_time         ┆ power │
│ ---            ┆ ---                     ┆ ---   │
│ i32            ┆ datetime[μs, UTC]       ┆ f32   │
╞════════════════╪═════════════════════════╪═══════╡
│ 11             ┆ 2026-02-23 00:30:00 UTC ┆ 3.535 │
│ 11             ┆ 2026-02-23 00:30:00 UTC ┆ 3.535 │
│ 11             ┆ 2026-02-23 00:30:00 UTC ┆ 3.535 │
│ 11             ┆ 2026-02-23 00:30:00 UTC ┆ 3.535 │
│ 11             ┆ 2026-02-23 00:30:00 UTC ┆ 3.535 │
│ …              ┆ …                       ┆ …     │
│ 13             ┆ 2026-02-24 23:30:00 UTC ┆ 2.847 │
│ 13             ┆ 2026-02-24 23:30:00 UTC ┆ 2.847 │
│ 13             ┆ 2026-02-24 23:30:00 UTC ┆ 2.847 │
│ 13             ┆ 2026-02-24 23:30:00 UTC ┆ 2.847 │
│ 13             ┆ 2026-02-24 23:30:00 UTC ┆ 2.847 │
└────────────────┴─────────────────────────┴───────┘
2026-04-11 15:14:04 +0100 - dagster - INFO - xgboost_integration_job - de75c05e-f03b-435d-86f0-659b0bdf730e - cleaned_actuals - Cleaned data shape after cleaning: (77835, 3)
2026-04-11 15:14:04 +0100 - dagster - INFO - xgboost_integration_job - de75c05e-f03b-435d-86f0-659b0bdf730e - cleaned_actuals - Validated data shape: (77835, 3)
2026-04-11 15:14:04 +0100 - dagster - INFO - xgboost_integration_job - de75c05e-f03b-435d-86f0-659b0bdf730e - cleaned_actuals - Filtered cleaned actuals to current partition. Partition range: [2026-02-24 00:00:00+00:00, 2026-02-25 00:00:00+00:00). Data shape: (39419, 3)
2026-04-11 15:14:04 +0100 - dagster - INFO - xgboost_integration_job - de75c05e-f03b-435d-86f0-659b0bdf730e - cleaned_actuals - Saved cleaned actuals to Delta table at data/NGED/delta/cleaned_actuals
2026-04-11 15:14:04 +0100 - dagster - DEBUG - xgboost_integration_job - de75c05e-f03b-435d-86f0-659b0bdf730e - 128807 - cleaned_actuals - STEP_OUTPUT - Yielded output "result" of type "DataFrame". (Type check passed).
2026-04-11 15:14:04 +0100 - dagster - DEBUG - xgboost_integration_job - de75c05e-f03b-435d-86f0-659b0bdf730e - cleaned_actuals - Writing file at: /tmp/pytest-of-jack/pytest-64/test_xgboost_dagster_integrati0/cleaned_actuals/2026-02-24 using CompositeIOManager...
2026-04-11 15:14:04 +0100 - dagster - DEBUG - xgboost_integration_job - de75c05e-f03b-435d-86f0-659b0bdf730e - 128807 - cleaned_actuals - ASSET_MATERIALIZATION - Materialized value cleaned_actuals.
2026-04-11 15:14:04 +0100 - dagster - DEBUG - xgboost_integration_job - de75c05e-f03b-435d-86f0-659b0bdf730e - 128807 - cleaned_actuals - HANDLED_OUTPUT - Handled output "result" using IO manager "io_manager"
2026-04-11 15:14:04 +0100 - dagster - DEBUG - xgboost_integration_job - de75c05e-f03b-435d-86f0-659b0bdf730e - 128807 - cleaned_actuals - STEP_SUCCESS - Finished execution of step "cleaned_actuals" in 190ms.
2026-04-11 15:14:04 +0100 - dagster - DEBUG - xgboost_integration_job - de75c05e-f03b-435d-86f0-659b0bdf730e - 128807 - ENGINE_EVENT - Finished steps in process (pid: 128807) in 193ms
2026-04-11 15:14:04 +0100 - dagster - DEBUG - xgboost_integration_job - de75c05e-f03b-435d-86f0-659b0bdf730e - 128807 - RUN_SUCCESS - Finished execution of run for "xgboost_integration_job".
2026-04-11 15:14:05 +0100 - dagster - DEBUG - xgboost_integration_job - 8229baf7-34af-4ea9-8fd3-f9f4c6d66603 - 128807 - RUN_START - Started execution of run for "xgboost_integration_job".
2026-04-11 15:14:05 +0100 - dagster - DEBUG - xgboost_integration_job - 8229baf7-34af-4ea9-8fd3-f9f4c6d66603 - 128807 - ENGINE_EVENT - Executing steps in process (pid: 128807)
2026-04-11 15:14:05 +0100 - dagster - DEBUG - xgboost_integration_job - 8229baf7-34af-4ea9-8fd3-f9f4c6d66603 - 128807 - cleaned_actuals - RESOURCE_INIT_STARTED - Starting initialization of resources [io_manager, settings].
2026-04-11 15:14:05 +0100 - dagster - DEBUG - xgboost_integration_job - 8229baf7-34af-4ea9-8fd3-f9f4c6d66603 - 128807 - cleaned_actuals - RESOURCE_INIT_SUCCESS - Finished initialization of resources [io_manager, settings].
2026-04-11 15:14:05 +0100 - dagster - DEBUG - xgboost_integration_job - 8229baf7-34af-4ea9-8fd3-f9f4c6d66603 - 128807 - LOGS_CAPTURED - Started capturing logs in process (pid: 128807).
2026-04-11 15:14:05 +0100 - dagster - DEBUG - xgboost_integration_job - 8229baf7-34af-4ea9-8fd3-f9f4c6d66603 - 128807 - cleaned_actuals - STEP_START - Started execution of step "cleaned_actuals".
2026-04-11 15:14:05 +0100 - dagster - INFO - xgboost_integration_job - 8229baf7-34af-4ea9-8fd3-f9f4c6d66603 - cleaned_actuals - Cleaning partition: 2026-02-25
2026-04-11 15:14:05 +0100 - dagster - INFO - xgboost_integration_job - 8229baf7-34af-4ea9-8fd3-f9f4c6d66603 - cleaned_actuals - Materialized data shape before cleaning: (3168, 3)
2026-04-11 15:14:05 +0100 - dagster - INFO - xgboost_integration_job - 8229baf7-34af-4ea9-8fd3-f9f4c6d66603 - cleaned_actuals - DF after dropping nulls: shape: (78_198, 3)
┌────────────────┬─────────────────────────┬───────┐
│ time_series_id ┆ period_end_time         ┆ power │
│ ---            ┆ ---                     ┆ ---   │
│ i32            ┆ datetime[μs, UTC]       ┆ f32   │
╞════════════════╪═════════════════════════╪═══════╡
│ 11             ┆ 2026-02-24 00:30:00 UTC ┆ 4.036 │
│ 11             ┆ 2026-02-24 00:30:00 UTC ┆ 4.036 │
│ 11             ┆ 2026-02-24 00:30:00 UTC ┆ 4.036 │
│ 11             ┆ 2026-02-24 00:30:00 UTC ┆ 4.036 │
│ 11             ┆ 2026-02-24 00:30:00 UTC ┆ 4.036 │
│ …              ┆ …                       ┆ …     │
│ 13             ┆ 2026-02-25 23:30:00 UTC ┆ 2.679 │
│ 13             ┆ 2026-02-25 23:30:00 UTC ┆ 2.679 │
│ 13             ┆ 2026-02-25 23:30:00 UTC ┆ 2.679 │
│ 13             ┆ 2026-02-25 23:30:00 UTC ┆ 2.679 │
│ 13             ┆ 2026-02-25 23:30:00 UTC ┆ 2.679 │
└────────────────┴─────────────────────────┴───────┘
2026-04-11 15:14:05 +0100 - dagster - INFO - xgboost_integration_job - 8229baf7-34af-4ea9-8fd3-f9f4c6d66603 - cleaned_actuals - Cleaned data shape after cleaning: (78198, 3)
2026-04-11 15:14:05 +0100 - dagster - INFO - xgboost_integration_job - 8229baf7-34af-4ea9-8fd3-f9f4c6d66603 - cleaned_actuals - Validated data shape: (78198, 3)
2026-04-11 15:14:05 +0100 - dagster - INFO - xgboost_integration_job - 8229baf7-34af-4ea9-8fd3-f9f4c6d66603 - cleaned_actuals - Filtered cleaned actuals to current partition. Partition range: [2026-02-25 00:00:00+00:00, 2026-02-26 00:00:00+00:00). Data shape: (39793, 3)
2026-04-11 15:14:05 +0100 - dagster - INFO - xgboost_integration_job - 8229baf7-34af-4ea9-8fd3-f9f4c6d66603 - cleaned_actuals - Saved cleaned actuals to Delta table at data/NGED/delta/cleaned_actuals
2026-04-11 15:14:05 +0100 - dagster - DEBUG - xgboost_integration_job - 8229baf7-34af-4ea9-8fd3-f9f4c6d66603 - 128807 - cleaned_actuals - STEP_OUTPUT - Yielded output "result" of type "DataFrame". (Type check passed).
2026-04-11 15:14:05 +0100 - dagster - DEBUG - xgboost_integration_job - 8229baf7-34af-4ea9-8fd3-f9f4c6d66603 - cleaned_actuals - Writing file at: /tmp/pytest-of-jack/pytest-64/test_xgboost_dagster_integrati0/cleaned_actuals/2026-02-25 using CompositeIOManager...
2026-04-11 15:14:05 +0100 - dagster - DEBUG - xgboost_integration_job - 8229baf7-34af-4ea9-8fd3-f9f4c6d66603 - 128807 - cleaned_actuals - ASSET_MATERIALIZATION - Materialized value cleaned_actuals.
2026-04-11 15:14:05 +0100 - dagster - DEBUG - xgboost_integration_job - 8229baf7-34af-4ea9-8fd3-f9f4c6d66603 - 128807 - cleaned_actuals - HANDLED_OUTPUT - Handled output "result" using IO manager "io_manager"
2026-04-11 15:14:05 +0100 - dagster - DEBUG - xgboost_integration_job - 8229baf7-34af-4ea9-8fd3-f9f4c6d66603 - 128807 - cleaned_actuals - STEP_SUCCESS - Finished execution of step "cleaned_actuals" in 159ms.
2026-04-11 15:14:05 +0100 - dagster - DEBUG - xgboost_integration_job - 8229baf7-34af-4ea9-8fd3-f9f4c6d66603 - 128807 - ENGINE_EVENT - Finished steps in process (pid: 128807) in 162ms
2026-04-11 15:14:05 +0100 - dagster - DEBUG - xgboost_integration_job - 8229baf7-34af-4ea9-8fd3-f9f4c6d66603 - 128807 - RUN_SUCCESS - Finished execution of run for "xgboost_integration_job".
2026-04-11 15:14:05 +0100 - dagster - DEBUG - xgboost_integration_job - bb17ad23-f588-4d21-a5ca-f96c489815b0 - 128807 - RUN_START - Started execution of run for "xgboost_integration_job".
2026-04-11 15:14:05 +0100 - dagster - DEBUG - xgboost_integration_job - bb17ad23-f588-4d21-a5ca-f96c489815b0 - 128807 - ENGINE_EVENT - Executing steps in process (pid: 128807)
2026-04-11 15:14:05 +0100 - dagster - DEBUG - xgboost_integration_job - bb17ad23-f588-4d21-a5ca-f96c489815b0 - 128807 - cleaned_actuals - RESOURCE_INIT_STARTED - Starting initialization of resources [io_manager, settings].
2026-04-11 15:14:05 +0100 - dagster - DEBUG - xgboost_integration_job - bb17ad23-f588-4d21-a5ca-f96c489815b0 - 128807 - cleaned_actuals - RESOURCE_INIT_SUCCESS - Finished initialization of resources [io_manager, settings].
2026-04-11 15:14:05 +0100 - dagster - DEBUG - xgboost_integration_job - bb17ad23-f588-4d21-a5ca-f96c489815b0 - 128807 - LOGS_CAPTURED - Started capturing logs in process (pid: 128807).
2026-04-11 15:14:05 +0100 - dagster - DEBUG - xgboost_integration_job - bb17ad23-f588-4d21-a5ca-f96c489815b0 - 128807 - cleaned_actuals - STEP_START - Started execution of step "cleaned_actuals".
2026-04-11 15:14:05 +0100 - dagster - INFO - xgboost_integration_job - bb17ad23-f588-4d21-a5ca-f96c489815b0 - cleaned_actuals - Cleaning partition: 2026-02-26
2026-04-11 15:14:05 +0100 - dagster - INFO - xgboost_integration_job - bb17ad23-f588-4d21-a5ca-f96c489815b0 - cleaned_actuals - Materialized data shape before cleaning: (3168, 3)
2026-04-11 15:14:05 +0100 - dagster - INFO - xgboost_integration_job - bb17ad23-f588-4d21-a5ca-f96c489815b0 - cleaned_actuals - DF after dropping nulls: shape: (78_501, 3)
┌────────────────┬─────────────────────────┬───────┐
│ time_series_id ┆ period_end_time         ┆ power │
│ ---            ┆ ---                     ┆ ---   │
│ i32            ┆ datetime[μs, UTC]       ┆ f32   │
╞════════════════╪═════════════════════════╪═══════╡
│ 11             ┆ 2026-02-25 00:30:00 UTC ┆ 3.678 │
│ 11             ┆ 2026-02-25 00:30:00 UTC ┆ 3.678 │
│ 11             ┆ 2026-02-25 00:30:00 UTC ┆ 3.678 │
│ 11             ┆ 2026-02-25 00:30:00 UTC ┆ 3.678 │
│ 11             ┆ 2026-02-25 00:30:00 UTC ┆ 3.678 │
│ …              ┆ …                       ┆ …     │
│ 13             ┆ 2026-02-26 23:30:00 UTC ┆ 2.892 │
│ 13             ┆ 2026-02-26 23:30:00 UTC ┆ 2.892 │
│ 13             ┆ 2026-02-26 23:30:00 UTC ┆ 2.892 │
│ 13             ┆ 2026-02-26 23:30:00 UTC ┆ 2.892 │
│ 13             ┆ 2026-02-26 23:30:00 UTC ┆ 2.892 │
└────────────────┴─────────────────────────┴───────┘
2026-04-11 15:14:05 +0100 - dagster - INFO - xgboost_integration_job - bb17ad23-f588-4d21-a5ca-f96c489815b0 - cleaned_actuals - Cleaned data shape after cleaning: (78501, 3)
2026-04-11 15:14:05 +0100 - dagster - INFO - xgboost_integration_job - bb17ad23-f588-4d21-a5ca-f96c489815b0 - cleaned_actuals - Validated data shape: (78501, 3)
2026-04-11 15:14:05 +0100 - dagster - INFO - xgboost_integration_job - bb17ad23-f588-4d21-a5ca-f96c489815b0 - cleaned_actuals - Filtered cleaned actuals to current partition. Partition range: [2026-02-26 00:00:00+00:00, 2026-02-27 00:00:00+00:00). Data shape: (39818, 3)
2026-04-11 15:14:05 +0100 - dagster - INFO - xgboost_integration_job - bb17ad23-f588-4d21-a5ca-f96c489815b0 - cleaned_actuals - Saved cleaned actuals to Delta table at data/NGED/delta/cleaned_actuals
2026-04-11 15:14:05 +0100 - dagster - DEBUG - xgboost_integration_job - bb17ad23-f588-4d21-a5ca-f96c489815b0 - 128807 - cleaned_actuals - STEP_OUTPUT - Yielded output "result" of type "DataFrame". (Type check passed).
2026-04-11 15:14:05 +0100 - dagster - DEBUG - xgboost_integration_job - bb17ad23-f588-4d21-a5ca-f96c489815b0 - cleaned_actuals - Writing file at: /tmp/pytest-of-jack/pytest-64/test_xgboost_dagster_integrati0/cleaned_actuals/2026-02-26 using CompositeIOManager...
2026-04-11 15:14:05 +0100 - dagster - DEBUG - xgboost_integration_job - bb17ad23-f588-4d21-a5ca-f96c489815b0 - 128807 - cleaned_actuals - ASSET_MATERIALIZATION - Materialized value cleaned_actuals.
2026-04-11 15:14:05 +0100 - dagster - DEBUG - xgboost_integration_job - bb17ad23-f588-4d21-a5ca-f96c489815b0 - 128807 - cleaned_actuals - HANDLED_OUTPUT - Handled output "result" using IO manager "io_manager"
2026-04-11 15:14:05 +0100 - dagster - DEBUG - xgboost_integration_job - bb17ad23-f588-4d21-a5ca-f96c489815b0 - 128807 - cleaned_actuals - STEP_SUCCESS - Finished execution of step "cleaned_actuals" in 133ms.
2026-04-11 15:14:05 +0100 - dagster - DEBUG - xgboost_integration_job - bb17ad23-f588-4d21-a5ca-f96c489815b0 - 128807 - ENGINE_EVENT - Finished steps in process (pid: 128807) in 136ms
2026-04-11 15:14:05 +0100 - dagster - DEBUG - xgboost_integration_job - bb17ad23-f588-4d21-a5ca-f96c489815b0 - 128807 - RUN_SUCCESS - Finished execution of run for "xgboost_integration_job".
2026-04-11 15:14:05 +0100 - dagster - DEBUG - xgboost_integration_job - a1ae5cc9-15d0-492b-a25d-653f972c6a80 - 128807 - RUN_START - Started execution of run for "xgboost_integration_job".
2026-04-11 15:14:05 +0100 - dagster - DEBUG - xgboost_integration_job - a1ae5cc9-15d0-492b-a25d-653f972c6a80 - 128807 - ENGINE_EVENT - Executing steps in process (pid: 128807)
2026-04-11 15:14:05 +0100 - dagster - DEBUG - xgboost_integration_job - a1ae5cc9-15d0-492b-a25d-653f972c6a80 - 128807 - cleaned_actuals - RESOURCE_INIT_STARTED - Starting initialization of resources [io_manager, settings].
2026-04-11 15:14:05 +0100 - dagster - DEBUG - xgboost_integration_job - a1ae5cc9-15d0-492b-a25d-653f972c6a80 - 128807 - cleaned_actuals - RESOURCE_INIT_SUCCESS - Finished initialization of resources [io_manager, settings].
2026-04-11 15:14:05 +0100 - dagster - DEBUG - xgboost_integration_job - a1ae5cc9-15d0-492b-a25d-653f972c6a80 - 128807 - LOGS_CAPTURED - Started capturing logs in process (pid: 128807).
2026-04-11 15:14:05 +0100 - dagster - DEBUG - xgboost_integration_job - a1ae5cc9-15d0-492b-a25d-653f972c6a80 - 128807 - cleaned_actuals - STEP_START - Started execution of step "cleaned_actuals".
2026-04-11 15:14:05 +0100 - dagster - INFO - xgboost_integration_job - a1ae5cc9-15d0-492b-a25d-653f972c6a80 - cleaned_actuals - Cleaning partition: 2026-02-27
2026-04-11 15:14:05 +0100 - dagster - INFO - xgboost_integration_job - a1ae5cc9-15d0-492b-a25d-653f972c6a80 - cleaned_actuals - Materialized data shape before cleaning: (3168, 3)
[...]
2026-04-11 15:14:09 +0100 - dagster - DEBUG - xgboost_integration_job - f743cf8b-51a0-47b6-a53b-1aa41381311e - 128807 - cleaned_actuals - HANDLED_OUTPUT - Handled output "result" using IO manager "io_manager"
2026-04-11 15:14:09 +0100 - dagster - DEBUG - xgboost_integration_job - f743cf8b-51a0-47b6-a53b-1aa41381311e - 128807 - cleaned_actuals - STEP_SUCCESS - Finished execution of step "cleaned_actuals" in 104ms.
2026-04-11 15:14:09 +0100 - dagster - DEBUG - xgboost_integration_job - f743cf8b-51a0-47b6-a53b-1aa41381311e - 128807 - ENGINE_EVENT - Finished steps in process (pid: 128807) in 107ms
2026-04-11 15:14:09 +0100 - dagster - DEBUG - xgboost_integration_job - f743cf8b-51a0-47b6-a53b-1aa41381311e - 128807 - RUN_SUCCESS - Finished execution of run for "xgboost_integration_job".
2026-04-11 15:14:09 +0100 - dagster - DEBUG - xgboost_integration_job - 30f5bb26-828a-4b0c-aaa4-801543b7b69d - 128807 - RUN_START - Started execution of run for "xgboost_integration_job".
2026-04-11 15:14:09 +0100 - dagster - DEBUG - xgboost_integration_job - 30f5bb26-828a-4b0c-aaa4-801543b7b69d - 128807 - ENGINE_EVENT - Executing steps in process (pid: 128807)
2026-04-11 15:14:09 +0100 - dagster - DEBUG - xgboost_integration_job - 30f5bb26-828a-4b0c-aaa4-801543b7b69d - 128807 - cleaned_actuals - RESOURCE_INIT_STARTED - Starting initialization of resources [io_manager, settings].
2026-04-11 15:14:09 +0100 - dagster - DEBUG - xgboost_integration_job - 30f5bb26-828a-4b0c-aaa4-801543b7b69d - 128807 - cleaned_actuals - RESOURCE_INIT_SUCCESS - Finished initialization of resources [io_manager, settings].
2026-04-11 15:14:09 +0100 - dagster - DEBUG - xgboost_integration_job - 30f5bb26-828a-4b0c-aaa4-801543b7b69d - 128807 - LOGS_CAPTURED - Started capturing logs in process (pid: 128807).
2026-04-11 15:14:09 +0100 - dagster - DEBUG - xgboost_integration_job - 30f5bb26-828a-4b0c-aaa4-801543b7b69d - 128807 - cleaned_actuals - STEP_START - Started execution of step "cleaned_actuals".
2026-04-11 15:14:09 +0100 - dagster - INFO - xgboost_integration_job - 30f5bb26-828a-4b0c-aaa4-801543b7b69d - cleaned_actuals - Cleaning partition: 2026-03-26
2026-04-11 15:14:09 +0100 - dagster - INFO - xgboost_integration_job - 30f5bb26-828a-4b0c-aaa4-801543b7b69d - cleaned_actuals - Materialized data shape before cleaning: (2178, 3)
2026-04-11 15:14:09 +0100 - dagster - INFO - xgboost_integration_job - 30f5bb26-828a-4b0c-aaa4-801543b7b69d - cleaned_actuals - DF after dropping nulls: shape: (51_737, 3)
┌────────────────┬─────────────────────────┬───────┐
│ time_series_id ┆ period_end_time         ┆ power │
│ ---            ┆ ---                     ┆ ---   │
│ i32            ┆ datetime[μs, UTC]       ┆ f32   │
╞════════════════╪═════════════════════════╪═══════╡
│ 11             ┆ 2026-03-25 00:30:00 UTC ┆ 5.008 │
│ 11             ┆ 2026-03-25 00:30:00 UTC ┆ 5.008 │
│ 11             ┆ 2026-03-25 00:30:00 UTC ┆ 5.008 │
│ 11             ┆ 2026-03-25 00:30:00 UTC ┆ 5.008 │
│ 11             ┆ 2026-03-25 00:30:00 UTC ┆ 5.008 │
│ …              ┆ …                       ┆ …     │
│ 13             ┆ 2026-03-26 08:30:00 UTC ┆ 2.739 │
│ 13             ┆ 2026-03-26 08:30:00 UTC ┆ 2.739 │
│ 13             ┆ 2026-03-26 08:30:00 UTC ┆ 2.739 │
│ 13             ┆ 2026-03-26 08:30:00 UTC ┆ 2.739 │
│ 13             ┆ 2026-03-26 08:30:00 UTC ┆ 2.739 │
└────────────────┴─────────────────────────┴───────┘
2026-04-11 15:14:09 +0100 - dagster - INFO - xgboost_integration_job - 30f5bb26-828a-4b0c-aaa4-801543b7b69d - cleaned_actuals - Cleaned data shape after cleaning: (51737, 3)
2026-04-11 15:14:09 +0100 - dagster - INFO - xgboost_integration_job - 30f5bb26-828a-4b0c-aaa4-801543b7b69d - cleaned_actuals - Validated data shape: (51737, 3)
2026-04-11 15:14:09 +0100 - dagster - INFO - xgboost_integration_job - 30f5bb26-828a-4b0c-aaa4-801543b7b69d - cleaned_actuals - Filtered cleaned actuals to current partition. Partition range: [2026-03-26 00:00:00+00:00, 2026-03-27 00:00:00+00:00). Data shape: (13556, 3)
2026-04-11 15:14:09 +0100 - dagster - INFO - xgboost_integration_job - 30f5bb26-828a-4b0c-aaa4-801543b7b69d - cleaned_actuals - Saved cleaned actuals to Delta table at data/NGED/delta/cleaned_actuals
2026-04-11 15:14:09 +0100 - dagster - DEBUG - xgboost_integration_job - 30f5bb26-828a-4b0c-aaa4-801543b7b69d - 128807 - cleaned_actuals - STEP_OUTPUT - Yielded output "result" of type "DataFrame". (Type check passed).
2026-04-11 15:14:09 +0100 - dagster - DEBUG - xgboost_integration_job - 30f5bb26-828a-4b0c-aaa4-801543b7b69d - cleaned_actuals - Writing file at: /tmp/pytest-of-jack/pytest-64/test_xgboost_dagster_integrati0/cleaned_actuals/2026-03-26 using CompositeIOManager...
2026-04-11 15:14:09 +0100 - dagster - DEBUG - xgboost_integration_job - 30f5bb26-828a-4b0c-aaa4-801543b7b69d - 128807 - cleaned_actuals - ASSET_MATERIALIZATION - Materialized value cleaned_actuals.
2026-04-11 15:14:09 +0100 - dagster - DEBUG - xgboost_integration_job - 30f5bb26-828a-4b0c-aaa4-801543b7b69d - 128807 - cleaned_actuals - HANDLED_OUTPUT - Handled output "result" using IO manager "io_manager"
2026-04-11 15:14:09 +0100 - dagster - DEBUG - xgboost_integration_job - 30f5bb26-828a-4b0c-aaa4-801543b7b69d - 128807 - cleaned_actuals - STEP_SUCCESS - Finished execution of step "cleaned_actuals" in 101ms.
2026-04-11 15:14:09 +0100 - dagster - DEBUG - xgboost_integration_job - 30f5bb26-828a-4b0c-aaa4-801543b7b69d - 128807 - ENGINE_EVENT - Finished steps in process (pid: 128807) in 104ms
2026-04-11 15:14:09 +0100 - dagster - DEBUG - xgboost_integration_job - 30f5bb26-828a-4b0c-aaa4-801543b7b69d - 128807 - RUN_SUCCESS - Finished execution of run for "xgboost_integration_job".
2026-04-11 15:14:09 +0100 - dagster - DEBUG - xgboost_integration_job - b1e31754-6c3e-44c6-bbe7-ffd58c5a2359 - 128807 - RUN_START - Started execution of run for "xgboost_integration_job".
2026-04-11 15:14:09 +0100 - dagster - DEBUG - xgboost_integration_job - b1e31754-6c3e-44c6-bbe7-ffd58c5a2359 - 128807 - ENGINE_EVENT - Executing steps in process (pid: 128807)
2026-04-11 15:14:09 +0100 - dagster - DEBUG - xgboost_integration_job - b1e31754-6c3e-44c6-bbe7-ffd58c5a2359 - 128807 - RESOURCE_INIT_STARTED - Starting initialization of resources [io_manager, settings].
2026-04-11 15:14:09 +0100 - dagster - DEBUG - xgboost_integration_job - b1e31754-6c3e-44c6-bbe7-ffd58c5a2359 - 128807 - RESOURCE_INIT_SUCCESS - Finished initialization of resources [io_manager, settings].
2026-04-11 15:14:09 +0100 - dagster - DEBUG - xgboost_integration_job - b1e31754-6c3e-44c6-bbe7-ffd58c5a2359 - 128807 - LOGS_CAPTURED - Started capturing logs in process (pid: 128807).
2026-04-11 15:14:09 +0100 - dagster - DEBUG - xgboost_integration_job - b1e31754-6c3e-44c6-bbe7-ffd58c5a2359 - 128807 - all_nwp_data - STEP_START - Started execution of step "all_nwp_data".
2026-04-11 15:14:09 +0100 - dagster - DEBUG - xgboost_integration_job - b1e31754-6c3e-44c6-bbe7-ffd58c5a2359 - 128807 - all_nwp_data - STEP_OUTPUT - Yielded output "result" of type "LazyFrame". (Type check passed).
2026-04-11 15:14:09 +0100 - dagster - DEBUG - xgboost_integration_job - b1e31754-6c3e-44c6-bbe7-ffd58c5a2359 - all_nwp_data - Writing file at: /tmp/pytest-of-jack/pytest-64/test_xgboost_dagster_integrati0/all_nwp_data using CompositeIOManager...
2026-04-11 15:14:09 +0100 - dagster - DEBUG - xgboost_integration_job - b1e31754-6c3e-44c6-bbe7-ffd58c5a2359 - 128807 - all_nwp_data - ASSET_MATERIALIZATION - Materialized value all_nwp_data.
2026-04-11 15:14:09 +0100 - dagster - DEBUG - xgboost_integration_job - b1e31754-6c3e-44c6-bbe7-ffd58c5a2359 - 128807 - all_nwp_data - HANDLED_OUTPUT - Handled output "result" using IO manager "io_manager"
2026-04-11 15:14:09 +0100 - dagster - DEBUG - xgboost_integration_job - b1e31754-6c3e-44c6-bbe7-ffd58c5a2359 - 128807 - all_nwp_data - STEP_SUCCESS - Finished execution of step "all_nwp_data" in 5.21ms.
2026-04-11 15:14:09 +0100 - dagster - DEBUG - xgboost_integration_job - b1e31754-6c3e-44c6-bbe7-ffd58c5a2359 - 128807 - cleaned_actuals - STEP_START - Started execution of step "cleaned_actuals".
2026-04-11 15:14:09 +0100 - dagster - INFO - xgboost_integration_job - b1e31754-6c3e-44c6-bbe7-ffd58c5a2359 - cleaned_actuals - Cleaning partition: 2026-03-26
2026-04-11 15:14:09 +0100 - dagster - INFO - xgboost_integration_job - b1e31754-6c3e-44c6-bbe7-ffd58c5a2359 - cleaned_actuals - Materialized data shape before cleaning: (2178, 3)
2026-04-11 15:14:09 +0100 - dagster - INFO - xgboost_integration_job - b1e31754-6c3e-44c6-bbe7-ffd58c5a2359 - cleaned_actuals - DF after dropping nulls: shape: (51_737, 3)
┌────────────────┬─────────────────────────┬───────┐
│ time_series_id ┆ period_end_time         ┆ power │
│ ---            ┆ ---                     ┆ ---   │
│ i32            ┆ datetime[μs, UTC]       ┆ f32   │
╞════════════════╪═════════════════════════╪═══════╡
│ 11             ┆ 2026-03-25 00:30:00 UTC ┆ 5.008 │
│ 11             ┆ 2026-03-25 00:30:00 UTC ┆ 5.008 │
│ 11             ┆ 2026-03-25 00:30:00 UTC ┆ 5.008 │
│ 11             ┆ 2026-03-25 00:30:00 UTC ┆ 5.008 │
│ 11             ┆ 2026-03-25 00:30:00 UTC ┆ 5.008 │
│ …              ┆ …                       ┆ …     │
│ 13             ┆ 2026-03-26 08:30:00 UTC ┆ 2.739 │
│ 13             ┆ 2026-03-26 08:30:00 UTC ┆ 2.739 │
│ 13             ┆ 2026-03-26 08:30:00 UTC ┆ 2.739 │
│ 13             ┆ 2026-03-26 08:30:00 UTC ┆ 2.739 │
│ 13             ┆ 2026-03-26 08:30:00 UTC ┆ 2.739 │
└────────────────┴─────────────────────────┴───────┘
2026-04-11 15:14:09 +0100 - dagster - INFO - xgboost_integration_job - b1e31754-6c3e-44c6-bbe7-ffd58c5a2359 - cleaned_actuals - Cleaned data shape after cleaning: (51737, 3)
2026-04-11 15:14:09 +0100 - dagster - INFO - xgboost_integration_job - b1e31754-6c3e-44c6-bbe7-ffd58c5a2359 - cleaned_actuals - Validated data shape: (51737, 3)
2026-04-11 15:14:09 +0100 - dagster - INFO - xgboost_integration_job - b1e31754-6c3e-44c6-bbe7-ffd58c5a2359 - cleaned_actuals - Filtered cleaned actuals to current partition. Partition range: [2026-03-26 00:00:00+00:00, 2026-03-27 00:00:00+00:00). Data shape: (13556, 3)
2026-04-11 15:14:09 +0100 - dagster - INFO - xgboost_integration_job - b1e31754-6c3e-44c6-bbe7-ffd58c5a2359 - cleaned_actuals - Saved cleaned actuals to Delta table at data/NGED/delta/cleaned_actuals
2026-04-11 15:14:09 +0100 - dagster - DEBUG - xgboost_integration_job - b1e31754-6c3e-44c6-bbe7-ffd58c5a2359 - 128807 - cleaned_actuals - STEP_OUTPUT - Yielded output "result" of type "DataFrame". (Type check passed).
2026-04-11 15:14:09 +0100 - dagster - DEBUG - xgboost_integration_job - b1e31754-6c3e-44c6-bbe7-ffd58c5a2359 - cleaned_actuals - Writing file at: /tmp/pytest-of-jack/pytest-64/test_xgboost_dagster_integrati0/cleaned_actuals/2026-03-26 using CompositeIOManager...
2026-04-11 15:14:09 +0100 - dagster - DEBUG - xgboost_integration_job - b1e31754-6c3e-44c6-bbe7-ffd58c5a2359 - 128807 - cleaned_actuals - ASSET_MATERIALIZATION - Materialized value cleaned_actuals.
2026-04-11 15:14:09 +0100 - dagster - DEBUG - xgboost_integration_job - b1e31754-6c3e-44c6-bbe7-ffd58c5a2359 - 128807 - cleaned_actuals - HANDLED_OUTPUT - Handled output "result" using IO manager "io_manager"
2026-04-11 15:14:09 +0100 - dagster - DEBUG - xgboost_integration_job - b1e31754-6c3e-44c6-bbe7-ffd58c5a2359 - 128807 - cleaned_actuals - STEP_SUCCESS - Finished execution of step "cleaned_actuals" in 108ms.
2026-04-11 15:14:09 +0100 - dagster - DEBUG - xgboost_integration_job - b1e31754-6c3e-44c6-bbe7-ffd58c5a2359 - 128807 - processed_nwp_data - STEP_START - Started execution of step "processed_nwp_data".
2026-04-11 15:14:09 +0100 - dagster - DEBUG - xgboost_integration_job - b1e31754-6c3e-44c6-bbe7-ffd58c5a2359 - processed_nwp_data - Loading file from: /tmp/pytest-of-jack/pytest-64/test_xgboost_dagster_integrati0/all_nwp_data using CompositeIOManager...
2026-04-11 15:14:09 +0100 - dagster - DEBUG - xgboost_integration_job - b1e31754-6c3e-44c6-bbe7-ffd58c5a2359 - 128807 - processed_nwp_data - LOADED_INPUT - Loaded input "all_nwp_data" using input manager "io_manager", from output "result" of step "all_nwp_data"
2026-04-11 15:14:09 +0100 - dagster - DEBUG - xgboost_integration_job - b1e31754-6c3e-44c6-bbe7-ffd58c5a2359 - 128807 - processed_nwp_data - STEP_INPUT - Got input "all_nwp_data" of type "LazyFrame". (Type check passed).
2026-04-11 15:14:09 +0100 - dagster - INFO - xgboost_integration_job - b1e31754-6c3e-44c6-bbe7-ffd58c5a2359 - processed_nwp_data - processed_nwp_data config: substation_ids=[16, 27, 31, 6] start_date='2026-01-28' end_date='2026-03-26'
2026-04-11 15:14:09 +0100 - dagster - INFO - xgboost_integration_job - b1e31754-6c3e-44c6-bbe7-ffd58c5a2359 - processed_nwp_data - all_nwp_data schema: ['h3_index', 'ensemble_member', 'pressure_surface', 'geopotential_height_500hpa', 'wind_u_10m', 'precipitation_surface', 'wind_u_100m', 'wind_v_10m', 'temperature_2m', 'dew_point_temperature_2m', 'downward_long_wave_radiation_flux_surface', 'downward_short_wave_radiation_flux_surface', 'wind_v_100m', 'pressure_reduced_to_mean_sea_level', 'categorical_precipitation_type_surface', 'init_time', 'valid_time']
2026-04-11 15:14:09 +0100 - dagster - DEBUG - xgboost_integration_job - b1e31754-6c3e-44c6-bbe7-ffd58c5a2359 - 128807 - processed_nwp_data - STEP_OUTPUT - Yielded output "result" of type "LazyFrame". (Type check passed).
2026-04-11 15:14:09 +0100 - dagster - DEBUG - xgboost_integration_job - b1e31754-6c3e-44c6-bbe7-ffd58c5a2359 - processed_nwp_data - Writing file at: /tmp/pytest-of-jack/pytest-64/test_xgboost_dagster_integrati0/processed_nwp_data using CompositeIOManager...
2026-04-11 15:14:09 +0100 - dagster - DEBUG - xgboost_integration_job - b1e31754-6c3e-44c6-bbe7-ffd58c5a2359 - 128807 - processed_nwp_data - ASSET_MATERIALIZATION - Materialized value processed_nwp_data.
2026-04-11 15:14:09 +0100 - dagster - DEBUG - xgboost_integration_job - b1e31754-6c3e-44c6-bbe7-ffd58c5a2359 - 128807 - processed_nwp_data - HANDLED_OUTPUT - Handled output "result" using IO manager "io_manager"
2026-04-11 15:14:09 +0100 - dagster - DEBUG - xgboost_integration_job - b1e31754-6c3e-44c6-bbe7-ffd58c5a2359 - 128807 - processed_nwp_data - STEP_SUCCESS - Finished execution of step "processed_nwp_data" in 16ms.
2026-04-11 15:14:09 +0100 - dagster - DEBUG - xgboost_integration_job - b1e31754-6c3e-44c6-bbe7-ffd58c5a2359 - 128807 - train_xgboost - STEP_START - Started execution of step "train_xgboost".
2026-04-11 15:14:09 +0100 - dagster - DEBUG - xgboost_integration_job - b1e31754-6c3e-44c6-bbe7-ffd58c5a2359 - train_xgboost - Loading file from: /tmp/pytest-of-jack/pytest-64/test_xgboost_dagster_integrati0/processed_nwp_data using CompositeIOManager...
2026-04-11 15:14:09 +0100 - dagster - DEBUG - xgboost_integration_job - b1e31754-6c3e-44c6-bbe7-ffd58c5a2359 - 128807 - train_xgboost - LOADED_INPUT - Loaded input "nwp" using input manager "io_manager", from output "result" of step "processed_nwp_data"
2026-04-11 15:14:09 +0100 - dagster - DEBUG - xgboost_integration_job - b1e31754-6c3e-44c6-bbe7-ffd58c5a2359 - 128807 - train_xgboost - STEP_INPUT - Got input "nwp" of type "LazyFrame". (Type check passed).
2026-04-11 15:14:09 +0100 - dagster - INFO - xgboost_integration_job - b1e31754-6c3e-44c6-bbe7-ffd58c5a2359 - train_xgboost - Reading cleaned actuals from data/NGED/delta/cleaned_actuals
2026-04-11 15:14:10 +0100 - dagster - INFO - xgboost_integration_job - b1e31754-6c3e-44c6-bbe7-ffd58c5a2359 - train_xgboost - Filtered requested substations to 4 healthy ones.
2026-04-11 15:14:10 +0100 - dagster - INFO - xgboost_integration_job - b1e31754-6c3e-44c6-bbe7-ffd58c5a2359 - train_xgboost - time_series_metadata_filtered shape: (4, 14)
2026-04-11 15:14:10 +0100 - dagster - INFO - xgboost_integration_job - b1e31754-6c3e-44c6-bbe7-ffd58c5a2359 - train_xgboost - sub_ids: [16, 27, 31, 6]
2026/04/11 15:17:46 WARNING mlflow.models.model: `artifact_path` is deprecated. Please use `name` instead.
2026/04/11 15:17:46 INFO mlflow.utils.uv_utils: Detected uv project: found uv.lock and pyproject.toml in /home/jack/dev/python/nged-substation-forecast
2026/04/11 15:17:46 INFO mlflow.utils.uv_utils: Detected uv project: found uv.lock and pyproject.toml in /home/jack/dev/python/nged-substation-forecast
2026/04/11 15:17:46 INFO mlflow.utils.environment: Detected uv project at /home/jack/dev/python/nged-substation-forecast. Attempting to export requirements via 'uv export'.
2026/04/11 15:17:46 INFO mlflow.utils.uv_utils: Exported 172 dependencies via uv
2026/04/11 15:17:46 INFO mlflow.utils.environment: Successfully exported 172 requirements from uv project. Skipping package capture based inference.
2026/04/11 15:17:46 WARNING mlflow.utils.environment: Failed to resolve installed pip version. ``pip`` will be added to conda.yaml environment spec without a version specifier.
2026-04-11 15:17:46 +0100 - dagster - DEBUG - xgboost_integration_job - b1e31754-6c3e-44c6-bbe7-ffd58c5a2359 - 128807 - train_xgboost - STEP_OUTPUT - Yielded output "result" of type "Any". (Type check passed).
2026-04-11 15:17:46 +0100 - dagster - DEBUG - xgboost_integration_job - b1e31754-6c3e-44c6-bbe7-ffd58c5a2359 - train_xgboost - Writing file at: /tmp/pytest-of-jack/pytest-64/test_xgboost_dagster_integrati0/train_xgboost using CompositeIOManager...
2026-04-11 15:17:46 +0100 - dagster - DEBUG - xgboost_integration_job - b1e31754-6c3e-44c6-bbe7-ffd58c5a2359 - 128807 - train_xgboost - ASSET_MATERIALIZATION - Materialized value train_xgboost.
2026-04-11 15:17:46 +0100 - dagster - DEBUG - xgboost_integration_job - b1e31754-6c3e-44c6-bbe7-ffd58c5a2359 - 128807 - train_xgboost - HANDLED_OUTPUT - Handled output "result" using IO manager "io_manager"
2026-04-11 15:17:46 +0100 - dagster - DEBUG - xgboost_integration_job - b1e31754-6c3e-44c6-bbe7-ffd58c5a2359 - 128807 - train_xgboost - STEP_SUCCESS - Finished execution of step "train_xgboost" in 3m36s.
2026-04-11 15:17:46 +0100 - dagster - DEBUG - xgboost_integration_job - b1e31754-6c3e-44c6-bbe7-ffd58c5a2359 - 128807 - evaluate_xgboost - STEP_START - Started execution of step "evaluate_xgboost".
2026-04-11 15:17:46 +0100 - dagster - DEBUG - xgboost_integration_job - b1e31754-6c3e-44c6-bbe7-ffd58c5a2359 - evaluate_xgboost - Loading file from: /tmp/pytest-of-jack/pytest-64/test_xgboost_dagster_integrati0/train_xgboost using CompositeIOManager...
2026-04-11 15:17:46 +0100 - dagster - DEBUG - xgboost_integration_job - b1e31754-6c3e-44c6-bbe7-ffd58c5a2359 - 128807 - evaluate_xgboost - LOADED_INPUT - Loaded input "model" using input manager "io_manager", from output "result" of step "train_xgboost"
2026-04-11 15:17:46 +0100 - dagster - DEBUG - xgboost_integration_job - b1e31754-6c3e-44c6-bbe7-ffd58c5a2359 - evaluate_xgboost - Loading file from: /tmp/pytest-of-jack/pytest-64/test_xgboost_dagster_integrati0/processed_nwp_data using CompositeIOManager...
2026-04-11 15:17:46 +0100 - dagster - DEBUG - xgboost_integration_job - b1e31754-6c3e-44c6-bbe7-ffd58c5a2359 - 128807 - evaluate_xgboost - LOADED_INPUT - Loaded input "nwp" using input manager "io_manager", from output "result" of step "processed_nwp_data"
2026-04-11 15:17:46 +0100 - dagster - DEBUG - xgboost_integration_job - b1e31754-6c3e-44c6-bbe7-ffd58c5a2359 - 128807 - evaluate_xgboost - STEP_INPUT - Got input "model" of type "XGBoostForecaster". (Type check passed).
2026-04-11 15:17:46 +0100 - dagster - DEBUG - xgboost_integration_job - b1e31754-6c3e-44c6-bbe7-ffd58c5a2359 - 128807 - evaluate_xgboost - STEP_INPUT - Got input "nwp" of type "LazyFrame". (Type check passed).
2026-04-11 15:17:46 +0100 - dagster - INFO - xgboost_integration_job - b1e31754-6c3e-44c6-bbe7-ffd58c5a2359 - evaluate_xgboost - Reading cleaned actuals from data/NGED/delta/cleaned_actuals
2026-04-11 15:17:46 +0100 - dagster - INFO - xgboost_integration_job - b1e31754-6c3e-44c6-bbe7-ffd58c5a2359 - evaluate_xgboost - Filtered requested substations to 4 healthy ones.
