============================= test session starts ==============================
platform linux -- Python 3.14.2, pytest-9.0.3, pluggy-1.6.0
rootdir: /home/jack/dev/python/nged-substation-forecast
configfile: pyproject.toml
plugins: hydra-core-1.3.2, zarr-3.1.6, cov-7.1.0, hypothesis-6.151.12, anyio-4.13.0
collected 1 item

tests/test_xgboost_dagster_integration.py 2026-04-11 15:56:06,177 - test_logger - INFO - Starting test_xgboost_dagster_integration
2026-04-11 15:56:06,763 - test_logger - INFO - min_dt: 2026-01-26 00:00:00+00:00, max_dt: 2026-03-26 08:30:00+00:00
2026-04-11 15:56:06,763 - test_logger - INFO - train_start: 2026-02-11, train_end: 2026-03-11
2026-04-11 15:56:06,763 - test_logger - INFO - nwp_init_time: 2026-03-12
2026-04-11 15:56:06,763 - test_logger - INFO - test_start: 2026-03-12, test_end: 2026-03-26
2026-04-11 15:56:06,763 - test_logger - INFO - Starting job execution for partition: 2026-02-11
2026-04-11 15:56:06 +0100 - dagster - DEBUG - xgboost_integration_job - ea7386b0-6d19-4d66-9238-416a146a8da9 - 153746 - RUN_START - Started execution of run for "xgboost_integration_job".
2026-04-11 15:56:06 +0100 - dagster - DEBUG - xgboost_integration_job - ea7386b0-6d19-4d66-9238-416a146a8da9 - 153746 - ENGINE_EVENT - Executing steps in process (pid: 153746)
2026-04-11 15:56:06 +0100 - dagster - DEBUG - xgboost_integration_job - ea7386b0-6d19-4d66-9238-416a146a8da9 - 153746 - cleaned_actuals - RESOURCE_INIT_STARTED - Starting initialization of resources [io_manager, settings].
2026-04-11 15:56:06 +0100 - dagster - DEBUG - xgboost_integration_job - ea7386b0-6d19-4d66-9238-416a146a8da9 - 153746 - cleaned_actuals - RESOURCE_INIT_SUCCESS - Finished initialization of resources [io_manager, settings].
2026-04-11 15:56:06 +0100 - dagster - DEBUG - xgboost_integration_job - ea7386b0-6d19-4d66-9238-416a146a8da9 - 153746 - LOGS_CAPTURED - Started capturing logs in process (pid: 153746).
2026-04-11 15:56:06 +0100 - dagster - DEBUG - xgboost_integration_job - ea7386b0-6d19-4d66-9238-416a146a8da9 - 153746 - cleaned_actuals - STEP_START - Started execution of step "cleaned_actuals".
2026-04-11 15:56:06 +0100 - dagster - INFO - xgboost_integration_job - ea7386b0-6d19-4d66-9238-416a146a8da9 - cleaned_actuals - Cleaning partition: 2026-02-11
2026-04-11 15:56:06 +0100 - dagster - INFO - xgboost_integration_job - ea7386b0-6d19-4d66-9238-416a146a8da9 - cleaned_actuals - Materialized data shape before cleaning: (3168, 3)
2026-04-11 15:56:06 +0100 - dagster - INFO - xgboost_integration_job - ea7386b0-6d19-4d66-9238-416a146a8da9 - cleaned_actuals - DF after dropping nulls: shape: (75_070, 3)
┌────────────────┬─────────────────────────┬───────┐
│ time_series_id ┆ period_end_time         ┆ power │
│ ---            ┆ ---                     ┆ ---   │
│ i32            ┆ datetime[μs, UTC]       ┆ f32   │
╞════════════════╪═════════════════════════╪═══════╡
│ 11             ┆ 2026-02-10 00:30:00 UTC ┆ 3.956 │
│ 11             ┆ 2026-02-10 00:30:00 UTC ┆ 3.956 │
│ 11             ┆ 2026-02-10 00:30:00 UTC ┆ 3.956 │
│ 11             ┆ 2026-02-10 00:30:00 UTC ┆ 3.956 │
│ 11             ┆ 2026-02-10 00:30:00 UTC ┆ 3.956 │
│ …              ┆ …                       ┆ …     │
│ 13             ┆ 2026-02-11 23:30:00 UTC ┆ 3.079 │
│ 13             ┆ 2026-02-11 23:30:00 UTC ┆ 3.079 │
│ 13             ┆ 2026-02-11 23:30:00 UTC ┆ 3.079 │
│ 13             ┆ 2026-02-11 23:30:00 UTC ┆ 3.079 │
│ 13             ┆ 2026-02-11 23:30:00 UTC ┆ 3.079 │
└────────────────┴─────────────────────────┴───────┘
2026-04-11 15:56:06,826 - dagster.builtin - INFO - xgboost_integration_job - ea7386b0-6d19-4d66-9238-416a146a8da9 - cleaned_actuals - DF after dropping nulls: shape: (75_070, 3)
┌────────────────┬─────────────────────────┬───────┐
│ time_series_id ┆ period_end_time         ┆ power │
│ ---            ┆ ---                     ┆ ---   │
│ i32            ┆ datetime[μs, UTC]       ┆ f32   │
╞════════════════╪═════════════════════════╪═══════╡
│ 11             ┆ 2026-02-10 00:30:00 UTC ┆ 3.956 │
│ 11             ┆ 2026-02-10 00:30:00 UTC ┆ 3.956 │
│ 11             ┆ 2026-02-10 00:30:00 UTC ┆ 3.956 │
│ 11             ┆ 2026-02-10 00:30:00 UTC ┆ 3.956 │
│ 11             ┆ 2026-02-10 00:30:00 UTC ┆ 3.956 │
│ …              ┆ …                       ┆ …     │
│ 13             ┆ 2026-02-11 23:30:00 UTC ┆ 3.079 │
│ 13             ┆ 2026-02-11 23:30:00 UTC ┆ 3.079 │
│ 13             ┆ 2026-02-11 23:30:00 UTC ┆ 3.079 │
│ 13             ┆ 2026-02-11 23:30:00 UTC ┆ 3.079 │
│ 13             ┆ 2026-02-11 23:30:00 UTC ┆ 3.079 │
└────────────────┴─────────────────────────┴───────┘
2026-04-11 15:56:06 +0100 - dagster - INFO - xgboost_integration_job - ea7386b0-6d19-4d66-9238-416a146a8da9 - cleaned_actuals - Cleaned data shape after cleaning: (75070, 3)
2026-04-11 15:56:06 +0100 - dagster - INFO - xgboost_integration_job - ea7386b0-6d19-4d66-9238-416a146a8da9 - cleaned_actuals - Validated data shape: (75070, 3)
2026-04-11 15:56:06 +0100 - dagster - INFO - xgboost_integration_job - ea7386b0-6d19-4d66-9238-416a146a8da9 - cleaned_actuals - Filtered cleaned actuals to current partition. Partition range: [2026-02-11 00:00:00+00:00, 2026-02-12 00:00:00+00:00). Data shape: (37735, 3)
2026-04-11 15:56:06 +0100 - dagster - INFO - xgboost_integration_job - ea7386b0-6d19-4d66-9238-416a146a8da9 - cleaned_actuals - Saved cleaned actuals to Delta table at data/NGED/delta/cleaned_actuals
2026-04-11 15:56:06 +0100 - dagster - DEBUG - xgboost_integration_job - ea7386b0-6d19-4d66-9238-416a146a8da9 - 153746 - cleaned_actuals - STEP_OUTPUT - Yielded output "result" of type "DataFrame". (Type check passed).
2026-04-11 15:56:06 +0100 - dagster - DEBUG - xgboost_integration_job - ea7386b0-6d19-4d66-9238-416a146a8da9 - cleaned_actuals - Writing file at: /tmp/pytest-of-jack/pytest-71/test_xgboost_dagster_integrati0/cleaned_actuals/2026-02-11 using CompositeIOManager...
2026-04-11 15:56:06 +0100 - dagster - DEBUG - xgboost_integration_job - ea7386b0-6d19-4d66-9238-416a146a8da9 - 153746 - cleaned_actuals - ASSET_MATERIALIZATION - Materialized value cleaned_actuals.
2026-04-11 15:56:06 +0100 - dagster - DEBUG - xgboost_integration_job - ea7386b0-6d19-4d66-9238-416a146a8da9 - 153746 - cleaned_actuals - HANDLED_OUTPUT - Handled output "result" using IO manager "io_manager"
2026-04-11 15:56:06 +0100 - dagster - DEBUG - xgboost_integration_job - ea7386b0-6d19-4d66-9238-416a146a8da9 - 153746 - cleaned_actuals - STEP_SUCCESS - Finished execution of step "cleaned_actuals" in 134ms.
2026-04-11 15:56:06 +0100 - dagster - DEBUG - xgboost_integration_job - ea7386b0-6d19-4d66-9238-416a146a8da9 - 153746 - ENGINE_EVENT - Finished steps in process (pid: 153746) in 139ms
2026-04-11 15:56:06 +0100 - dagster - DEBUG - xgboost_integration_job - ea7386b0-6d19-4d66-9238-416a146a8da9 - 153746 - RUN_SUCCESS - Finished execution of run for "xgboost_integration_job".
2026-04-11 15:56:06,930 - test_logger - INFO - Finished job execution for partition: 2026-02-11
2026-04-11 15:56:06,930 - test_logger - INFO - Starting job execution for partition: 2026-02-12
2026-04-11 15:56:06 +0100 - dagster - DEBUG - xgboost_integration_job - e1deac09-1941-4806-b525-ced184a0f9aa - 153746 - RUN_START - Started execution of run for "xgboost_integration_job".
2026-04-11 15:56:06 +0100 - dagster - DEBUG - xgboost_integration_job - e1deac09-1941-4806-b525-ced184a0f9aa - 153746 - ENGINE_EVENT - Executing steps in process (pid: 153746)
2026-04-11 15:56:06 +0100 - dagster - DEBUG - xgboost_integration_job - e1deac09-1941-4806-b525-ced184a0f9aa - 153746 - cleaned_actuals - RESOURCE_INIT_STARTED - Starting initialization of resources [io_manager, settings].
2026-04-11 15:56:06 +0100 - dagster - DEBUG - xgboost_integration_job - e1deac09-1941-4806-b525-ced184a0f9aa - 153746 - cleaned_actuals - RESOURCE_INIT_SUCCESS - Finished initialization of resources [io_manager, settings].
2026-04-11 15:56:06 +0100 - dagster - DEBUG - xgboost_integration_job - e1deac09-1941-4806-b525-ced184a0f9aa - 153746 - LOGS_CAPTURED - Started capturing logs in process (pid: 153746).
2026-04-11 15:56:06 +0100 - dagster - DEBUG - xgboost_integration_job - e1deac09-1941-4806-b525-ced184a0f9aa - 153746 - cleaned_actuals - STEP_START - Started execution of step "cleaned_actuals".
2026-04-11 15:56:06 +0100 - dagster - INFO - xgboost_integration_job - e1deac09-1941-4806-b525-ced184a0f9aa - cleaned_actuals - Cleaning partition: 2026-02-12
2026-04-11 15:56:06 +0100 - dagster - INFO - xgboost_integration_job - e1deac09-1941-4806-b525-ced184a0f9aa - cleaned_actuals - Materialized data shape before cleaning: (3168, 3)
2026-04-11 15:56:06 +0100 - dagster - INFO - xgboost_integration_job - e1deac09-1941-4806-b525-ced184a0f9aa - cleaned_actuals - DF after dropping nulls: shape: (75_063, 3)
┌────────────────┬─────────────────────────┬───────┐
│ time_series_id ┆ period_end_time         ┆ power │
│ ---            ┆ ---                     ┆ ---   │
│ i32            ┆ datetime[μs, UTC]       ┆ f32   │
╞════════════════╪═════════════════════════╪═══════╡
│ 11             ┆ 2026-02-11 00:30:00 UTC ┆ 3.931 │
│ 11             ┆ 2026-02-11 00:30:00 UTC ┆ 3.931 │
│ 11             ┆ 2026-02-11 00:30:00 UTC ┆ 3.931 │
│ 11             ┆ 2026-02-11 00:30:00 UTC ┆ 3.931 │
│ 11             ┆ 2026-02-11 00:30:00 UTC ┆ 3.931 │
│ …              ┆ …                       ┆ …     │
│ 13             ┆ 2026-02-12 23:30:00 UTC ┆ 3.143 │
│ 13             ┆ 2026-02-12 23:30:00 UTC ┆ 3.143 │
│ 13             ┆ 2026-02-12 23:30:00 UTC ┆ 3.143 │
│ 13             ┆ 2026-02-12 23:30:00 UTC ┆ 3.143 │
│ 13             ┆ 2026-02-12 23:30:00 UTC ┆ 3.143 │
└────────────────┴─────────────────────────┴───────┘
2026-04-11 15:56:06,971 - dagster.builtin - INFO - xgboost_integration_job - e1deac09-1941-4806-b525-ced184a0f9aa - cleaned_actuals - DF after dropping nulls: shape: (75_063, 3)
┌────────────────┬─────────────────────────┬───────┐
│ time_series_id ┆ period_end_time         ┆ power │
│ ---            ┆ ---                     ┆ ---   │
│ i32            ┆ datetime[μs, UTC]       ┆ f32   │
╞════════════════╪═════════════════════════╪═══════╡
│ 11             ┆ 2026-02-11 00:30:00 UTC ┆ 3.931 │
│ 11             ┆ 2026-02-11 00:30:00 UTC ┆ 3.931 │
│ 11             ┆ 2026-02-11 00:30:00 UTC ┆ 3.931 │
│ 11             ┆ 2026-02-11 00:30:00 UTC ┆ 3.931 │
│ 11             ┆ 2026-02-11 00:30:00 UTC ┆ 3.931 │
│ …              ┆ …                       ┆ …     │
│ 13             ┆ 2026-02-12 23:30:00 UTC ┆ 3.143 │
│ 13             ┆ 2026-02-12 23:30:00 UTC ┆ 3.143 │
│ 13             ┆ 2026-02-12 23:30:00 UTC ┆ 3.143 │
│ 13             ┆ 2026-02-12 23:30:00 UTC ┆ 3.143 │
│ 13             ┆ 2026-02-12 23:30:00 UTC ┆ 3.143 │
└────────────────┴─────────────────────────┴───────┘
2026-04-11 15:56:06 +0100 - dagster - INFO - xgboost_integration_job - e1deac09-1941-4806-b525-ced184a0f9aa - cleaned_actuals - Cleaned data shape after cleaning: (75063, 3)
2026-04-11 15:56:06 +0100 - dagster - INFO - xgboost_integration_job - e1deac09-1941-4806-b525-ced184a0f9aa - cleaned_actuals - Validated data shape: (75063, 3)
2026-04-11 15:56:06 +0100 - dagster - INFO - xgboost_integration_job - e1deac09-1941-4806-b525-ced184a0f9aa - cleaned_actuals - Filtered cleaned actuals to current partition. Partition range: [2026-02-12 00:00:00+00:00, 2026-02-13 00:00:00+00:00). Data shape: (38336, 3)
2026-04-11 15:56:07 +0100 - dagster - INFO - xgboost_integration_job - e1deac09-1941-4806-b525-ced184a0f9aa - cleaned_actuals - Saved cleaned actuals to Delta table at data/NGED/delta/cleaned_actuals
2026-04-11 15:56:07 +0100 - dagster - DEBUG - xgboost_integration_job - e1deac09-1941-4806-b525-ced184a0f9aa - 153746 - cleaned_actuals - STEP_OUTPUT - Yielded output "result" of type "DataFrame". (Type check passed).
2026-04-11 15:56:07 +0100 - dagster - DEBUG - xgboost_integration_job - e1deac09-1941-4806-b525-ced184a0f9aa - cleaned_actuals - Writing file at: /tmp/pytest-of-jack/pytest-71/test_xgboost_dagster_integrati0/cleaned_actuals/2026-02-12 using CompositeIOManager...
2026-04-11 15:56:07 +0100 - dagster - DEBUG - xgboost_integration_job - e1deac09-1941-4806-b525-ced184a0f9aa - 153746 - cleaned_actuals - ASSET_MATERIALIZATION - Materialized value cleaned_actuals.
2026-04-11 15:56:07 +0100 - dagster - DEBUG - xgboost_integration_job - e1deac09-1941-4806-b525-ced184a0f9aa - 153746 - cleaned_actuals - HANDLED_OUTPUT - Handled output "result" using IO manager "io_manager"
2026-04-11 15:56:07 +0100 - dagster - DEBUG - xgboost_integration_job - e1deac09-1941-4806-b525-ced184a0f9aa - 153746 - cleaned_actuals - STEP_SUCCESS - Finished execution of step "cleaned_actuals" in 139ms.
2026-04-11 15:56:07 +0100 - dagster - DEBUG - xgboost_integration_job - e1deac09-1941-4806-b525-ced184a0f9aa - 153746 - ENGINE_EVENT - Finished steps in process (pid: 153746) in 142ms
2026-04-11 15:56:07 +0100 - dagster - DEBUG - xgboost_integration_job - e1deac09-1941-4806-b525-ced184a0f9aa - 153746 - RUN_SUCCESS - Finished execution of run for "xgboost_integration_job".
2026-04-11 15:56:07,085 - test_logger - INFO - Finished job execution for partition: 2026-02-12
2026-04-11 15:56:07,085 - test_logger - INFO - Starting job execution for partition: 2026-02-13
2026-04-11 15:56:07 +0100 - dagster - DEBUG - xgboost_integration_job - d7762d55-707a-4e57-9d02-acd9a908bd3a - 153746 - RUN_START - Started execution of run for "xgboost_integration_job".
2026-04-11 15:56:07 +0100 - dagster - DEBUG - xgboost_integration_job - d7762d55-707a-4e57-9d02-acd9a908bd3a - 153746 - ENGINE_EVENT - Executing steps in process (pid: 153746)
2026-04-11 15:56:07 +0100 - dagster - DEBUG - xgboost_integration_job - d7762d55-707a-4e57-9d02-acd9a908bd3a - 153746 - cleaned_actuals - RESOURCE_INIT_STARTED - Starting initialization of resources [io_manager, settings].
2026-04-11 15:56:07 +0100 - dagster - DEBUG - xgboost_integration_job - d7762d55-707a-4e57-9d02-acd9a908bd3a - 153746 - cleaned_actuals - RESOURCE_INIT_SUCCESS - Finished initialization of resources [io_manager, settings].
2026-04-11 15:56:07 +0100 - dagster - DEBUG - xgboost_integration_job - d7762d55-707a-4e57-9d02-acd9a908bd3a - 153746 - LOGS_CAPTURED - Started capturing logs in process (pid: 153746).
2026-04-11 15:56:07 +0100 - dagster - DEBUG - xgboost_integration_job - d7762d55-707a-4e57-9d02-acd9a908bd3a - 153746 - cleaned_actuals - STEP_START - Started execution of step "cleaned_actuals".
2026-04-11 15:56:07 +0100 - dagster - INFO - xgboost_integration_job - d7762d55-707a-4e57-9d02-acd9a908bd3a - cleaned_actuals - Cleaning partition: 2026-02-13
2026-04-11 15:56:07 +0100 - dagster - INFO - xgboost_integration_job - d7762d55-707a-4e57-9d02-acd9a908bd3a - cleaned_actuals - Materialized data shape before cleaning: (3168, 3)
2026-04-11 15:56:07 +0100 - dagster - INFO - xgboost_integration_job - d7762d55-707a-4e57-9d02-acd9a908bd3a - cleaned_actuals - DF after dropping nulls: shape: (75_855, 3)
┌────────────────┬─────────────────────────┬───────┐
│ time_series_id ┆ period_end_time         ┆ power │
│ ---            ┆ ---                     ┆ ---   │
│ i32            ┆ datetime[μs, UTC]       ┆ f32   │
╞════════════════╪═════════════════════════╪═══════╡
│ 11             ┆ 2026-02-12 00:30:00 UTC ┆ 3.686 │
│ 11             ┆ 2026-02-12 00:30:00 UTC ┆ 3.686 │
│ 11             ┆ 2026-02-12 00:30:00 UTC ┆ 3.686 │
│ 11             ┆ 2026-02-12 00:30:00 UTC ┆ 3.686 │
│ 11             ┆ 2026-02-12 00:30:00 UTC ┆ 3.686 │
│ …              ┆ …                       ┆ …     │
│ 13             ┆ 2026-02-13 23:30:00 UTC ┆ 3.104 │
│ 13             ┆ 2026-02-13 23:30:00 UTC ┆ 3.104 │
│ 13             ┆ 2026-02-13 23:30:00 UTC ┆ 3.104 │
│ 13             ┆ 2026-02-13 23:30:00 UTC ┆ 3.104 │
│ 13             ┆ 2026-02-13 23:30:00 UTC ┆ 3.104 │
└────────────────┴─────────────────────────┴───────┘
2026-04-11 15:56:07,127 - dagster.builtin - INFO - xgboost_integration_job - d7762d55-707a-4e57-9d02-acd9a908bd3a - cleaned_actuals - DF after dropping nulls: shape: (75_855, 3)
┌────────────────┬─────────────────────────┬───────┐
│ time_series_id ┆ period_end_time         ┆ power │
│ ---            ┆ ---                     ┆ ---   │
│ i32            ┆ datetime[μs, UTC]       ┆ f32   │
╞════════════════╪═════════════════════════╪═══════╡
│ 11             ┆ 2026-02-12 00:30:00 UTC ┆ 3.686 │
│ 11             ┆ 2026-02-12 00:30:00 UTC ┆ 3.686 │
│ 11             ┆ 2026-02-12 00:30:00 UTC ┆ 3.686 │
│ 11             ┆ 2026-02-12 00:30:00 UTC ┆ 3.686 │
│ 11             ┆ 2026-02-12 00:30:00 UTC ┆ 3.686 │
│ …              ┆ …                       ┆ …     │
│ 13             ┆ 2026-02-13 23:30:00 UTC ┆ 3.104 │
│ 13             ┆ 2026-02-13 23:30:00 UTC ┆ 3.104 │
│ 13             ┆ 2026-02-13 23:30:00 UTC ┆ 3.104 │
│ 13             ┆ 2026-02-13 23:30:00 UTC ┆ 3.104 │
│ 13             ┆ 2026-02-13 23:30:00 UTC ┆ 3.104 │
└────────────────┴─────────────────────────┴───────┘
2026-04-11 15:56:07 +0100 - dagster - INFO - xgboost_integration_job - d7762d55-707a-4e57-9d02-acd9a908bd3a - cleaned_actuals - Cleaned data shape after cleaning: (75855, 3)
2026-04-11 15:56:07 +0100 - dagster - INFO - xgboost_integration_job - d7762d55-707a-4e57-9d02-acd9a908bd3a - cleaned_actuals - Validated data shape: (75855, 3)
2026-04-11 15:56:07 +0100 - dagster - INFO - xgboost_integration_job - d7762d55-707a-4e57-9d02-acd9a908bd3a - cleaned_actuals - Filtered cleaned actuals to current partition. Partition range: [2026-02-13 00:00:00+00:00, 2026-02-14 00:00:00+00:00). Data shape: (38599, 3)
2026-04-11 15:56:07 +0100 - dagster - INFO - xgboost_integration_job - d7762d55-707a-4e57-9d02-acd9a908bd3a - cleaned_actuals - Saved cleaned actuals to Delta table at data/NGED/delta/cleaned_actuals
2026-04-11 15:56:07 +0100 - dagster - DEBUG - xgboost_integration_job - d7762d55-707a-4e57-9d02-acd9a908bd3a - 153746 - cleaned_actuals - STEP_OUTPUT - Yielded output "result" of type "DataFrame". (Type check passed).
2026-04-11 15:56:07 +0100 - dagster - DEBUG - xgboost_integration_job - d7762d55-707a-4e57-9d02-acd9a908bd3a - cleaned_actuals - Writing file at: /tmp/pytest-of-jack/pytest-71/test_xgboost_dagster_integrati0/cleaned_actuals/2026-02-13 using CompositeIOManager...
2026-04-11 15:56:07 +0100 - dagster - DEBUG - xgboost_integration_job - d7762d55-707a-4e57-9d02-acd9a908bd3a - 153746 - cleaned_actuals - ASSET_MATERIALIZATION - Materialized value cleaned_actuals.
2026-04-11 15:56:07 +0100 - dagster - DEBUG - xgboost_integration_job - d7762d55-707a-4e57-9d02-acd9a908bd3a - 153746 - cleaned_actuals - HANDLED_OUTPUT - Handled output "result" using IO manager "io_manager"
2026-04-11 15:56:07 +0100 - dagster - DEBUG - xgboost_integration_job - d7762d55-707a-4e57-9d02-acd9a908bd3a - 153746 - cleaned_actuals - STEP_SUCCESS - Finished execution of step "cleaned_actuals" in 134ms.
2026-04-11 15:56:07 +0100 - dagster - DEBUG - xgboost_integration_job - d7762d55-707a-4e57-9d02-acd9a908bd3a - 153746 - ENGINE_EVENT - Finished steps in process (pid: 153746) in 137ms
2026-04-11 15:56:07 +0100 - dagster - DEBUG - xgboost_integration_job - d7762d55-707a-4e57-9d02-acd9a908bd3a - 153746 - RUN_SUCCESS - Finished execution of run for "xgboost_integration_job".
2026-04-11 15:56:07,234 - test_logger - INFO - Finished job execution for partition: 2026-02-13
2026-04-11 15:56:07,234 - test_logger - INFO - Starting job execution for partition: 2026-02-14
2026-04-11 15:56:07 +0100 - dagster - DEBUG - xgboost_integration_job - f3eaf90c-1b34-4cc8-811c-f13117400f36 - 153746 - RUN_START - Started execution of run for "xgboost_integration_job".
2026-04-11 15:56:07 +0100 - dagster - DEBUG - xgboost_integration_job - f3eaf90c-1b34-4cc8-811c-f13117400f36 - 153746 - ENGINE_EVENT - Executing steps in process (pid: 153746)
2026-04-11 15:56:07 +0100 - dagster - DEBUG - xgboost_integration_job - f3eaf90c-1b34-4cc8-811c-f13117400f36 - 153746 - cleaned_actuals - RESOURCE_INIT_STARTED - Starting initialization of resources [io_manager, settings].
2026-04-11 15:56:07 +0100 - dagster - DEBUG - xgboost_integration_job - f3eaf90c-1b34-4cc8-811c-f13117400f36 - 153746 - cleaned_actuals - RESOURCE_INIT_SUCCESS - Finished initialization of resources [io_manager, settings].
2026-04-11 15:56:07 +0100 - dagster - DEBUG - xgboost_integration_job - f3eaf90c-1b34-4cc8-811c-f13117400f36 - 153746 - LOGS_CAPTURED - Started capturing logs in process (pid: 153746).
2026-04-11 15:56:07 +0100 - dagster - DEBUG - xgboost_integration_job - f3eaf90c-1b34-4cc8-811c-f13117400f36 - 153746 - cleaned_actuals - STEP_START - Started execution of step "cleaned_actuals".
2026-04-11 15:56:07 +0100 - dagster - INFO - xgboost_integration_job - f3eaf90c-1b34-4cc8-811c-f13117400f36 - cleaned_actuals - Cleaning partition: 2026-02-14
2026-04-11 15:56:07 +0100 - dagster - INFO - xgboost_integration_job - f3eaf90c-1b34-4cc8-811c-f13117400f36 - cleaned_actuals - Materialized data shape before cleaning: (3168, 3)
2026-04-11 15:56:07 +0100 - dagster - INFO - xgboost_integration_job - f3eaf90c-1b34-4cc8-811c-f13117400f36 - cleaned_actuals - DF after dropping nulls: shape: (76_753, 3)
┌────────────────┬─────────────────────────┬───────┐
│ time_series_id ┆ period_end_time         ┆ power │
│ ---            ┆ ---                     ┆ ---   │
│ i32            ┆ datetime[μs, UTC]       ┆ f32   │
╞════════════════╪═════════════════════════╪═══════╡
│ 11             ┆ 2026-02-13 00:30:00 UTC ┆ 3.921 │
│ 11             ┆ 2026-02-13 00:30:00 UTC ┆ 3.921 │
│ 11             ┆ 2026-02-13 00:30:00 UTC ┆ 3.921 │
│ 11             ┆ 2026-02-13 00:30:00 UTC ┆ 3.921 │
│ 11             ┆ 2026-02-13 00:30:00 UTC ┆ 3.921 │
│ …              ┆ …                       ┆ …     │
│ 13             ┆ 2026-02-14 23:30:00 UTC ┆ 3.058 │
│ 13             ┆ 2026-02-14 23:30:00 UTC ┆ 3.058 │
│ 13             ┆ 2026-02-14 23:30:00 UTC ┆ 3.058 │
│ 13             ┆ 2026-02-14 23:30:00 UTC ┆ 3.058 │
│ 13             ┆ 2026-02-14 23:30:00 UTC ┆ 3.058 │
└────────────────┴─────────────────────────┴───────┘
2026-04-11 15:56:07,276 - dagster.builtin - INFO - xgboost_integration_job - f3eaf90c-1b34-4cc8-811c-f13117400f36 - cleaned_actuals - DF after dropping nulls: shape: (76_753, 3)
┌────────────────┬─────────────────────────┬───────┐
│ time_series_id ┆ period_end_time         ┆ power │
│ ---            ┆ ---                     ┆ ---   │
│ i32            ┆ datetime[μs, UTC]       ┆ f32   │
╞════════════════╪═════════════════════════╪═══════╡
│ 11             ┆ 2026-02-13 00:30:00 UTC ┆ 3.921 │
│ 11             ┆ 2026-02-13 00:30:00 UTC ┆ 3.921 │
│ 11             ┆ 2026-02-13 00:30:00 UTC ┆ 3.921 │
│ 11             ┆ 2026-02-13 00:30:00 UTC ┆ 3.921 │
│ 11             ┆ 2026-02-13 00:30:00 UTC ┆ 3.921 │
│ …              ┆ …                       ┆ …     │
│ 13             ┆ 2026-02-14 23:30:00 UTC ┆ 3.058 │
│ 13             ┆ 2026-02-14 23:30:00 UTC ┆ 3.058 │
│ 13             ┆ 2026-02-14 23:30:00 UTC ┆ 3.058 │
│ 13             ┆ 2026-02-14 23:30:00 UTC ┆ 3.058 │
│ 13             ┆ 2026-02-14 23:30:00 UTC ┆ 3.058 │
└────────────────┴─────────────────────────┴───────┘
2026-04-11 15:56:07 +0100 - dagster - INFO - xgboost_integration_job - f3eaf90c-1b34-4cc8-811c-f13117400f36 - cleaned_actuals - Cleaned data shape after cleaning: (76753, 3)
2026-04-11 15:56:07 +0100 - dagster - INFO - xgboost_integration_job - f3eaf90c-1b34-4cc8-811c-f13117400f36 - cleaned_actuals - Validated data shape: (76753, 3)
2026-04-11 15:56:07 +0100 - dagster - INFO - xgboost_integration_job - f3eaf90c-1b34-4cc8-811c-f13117400f36 - cleaned_actuals - Filtered cleaned actuals to current partition. Partition range: [2026-02-14 00:00:00+00:00, 2026-02-15 00:00:00+00:00). Data shape: (39234, 3)
2026-04-11 15:56:07 +0100 - dagster - INFO - xgboost_integration_job - f3eaf90c-1b34-4cc8-811c-f13117400f36 - cleaned_actuals - Saved cleaned actuals to Delta table at data/NGED/delta/cleaned_actuals
2026-04-11 15:56:07 +0100 - dagster - DEBUG - xgboost_integration_job - f3eaf90c-1b34-4cc8-811c-f13117400f36 - 153746 - cleaned_actuals - STEP_OUTPUT - Yielded output "result" of type "DataFrame". (Type check passed).
2026-04-11 15:56:07 +0100 - dagster - DEBUG - xgboost_integration_job - f3eaf90c-1b34-4cc8-811c-f13117400f36 - cleaned_actuals - Writing file at: /tmp/pytest-of-jack/pytest-71/test_xgboost_dagster_integrati0/cleaned_actuals/2026-02-14 using CompositeIOManager...
2026-04-11 15:56:07 +0100 - dagster - DEBUG - xgboost_integration_job - f3eaf90c-1b34-4cc8-811c-f13117400f36 - 153746 - cleaned_actuals - ASSET_MATERIALIZATION - Materialized value cleaned_actuals.
2026-04-11 15:56:07 +0100 - dagster - DEBUG - xgboost_integration_job - f3eaf90c-1b34-4cc8-811c-f13117400f36 - 153746 - cleaned_actuals - HANDLED_OUTPUT - Handled output "result" using IO manager "io_manager"
2026-04-11 15:56:07 +0100 - dagster - DEBUG - xgboost_integration_job - f3eaf90c-1b34-4cc8-811c-f13117400f36 - 153746 - cleaned_actuals - STEP_SUCCESS - Finished execution of step "cleaned_actuals" in 146ms.
2026-04-11 15:56:07 +0100 - dagster - DEBUG - xgboost_integration_job - f3eaf90c-1b34-4cc8-811c-f13117400f36 - 153746 - ENGINE_EVENT - Finished steps in process (pid: 153746) in 149ms
2026-04-11 15:56:07 +0100 - dagster - DEBUG - xgboost_integration_job - f3eaf90c-1b34-4cc8-811c-f13117400f36 - 153746 - RUN_SUCCESS - Finished execution of run for "xgboost_integration_job".
2026-04-11 15:56:07,396 - test_logger - INFO - Finished job execution for partition: 2026-02-14
2026-04-11 15:56:07,396 - test_logger - INFO - Starting job execution for partition: 2026-02-15
2026-04-11 15:56:07 +0100 - dagster - DEBUG - xgboost_integration_job - 0768031a-a798-4855-a433-fc9eb73fbaf0 - 153746 - RUN_START - Started execution of run for "xgboost_integration_job".
2026-04-11 15:56:07 +0100 - dagster - DEBUG - xgboost_integration_job - 0768031a-a798-4855-a433-fc9eb73fbaf0 - 153746 - ENGINE_EVENT - Executing steps in process (pid: 153746)
2026-04-11 15:56:07 +0100 - dagster - DEBUG - xgboost_integration_job - 0768031a-a798-4855-a433-fc9eb73fbaf0 - 153746 - cleaned_actuals - RESOURCE_INIT_STARTED - Starting initialization of resources [io_manager, settings].
2026-04-11 15:56:07 +0100 - dagster - DEBUG - xgboost_integration_job - 0768031a-a798-4855-a433-fc9eb73fbaf0 - 153746 - cleaned_actuals - RESOURCE_INIT_SUCCESS - Finished initialization of resources [io_manager, settings].
2026-04-11 15:56:07 +0100 - dagster - DEBUG - xgboost_integration_job - 0768031a-a798-4855-a433-fc9eb73fbaf0 - 153746 - LOGS_CAPTURED - Started capturing logs in process (pid: 153746).
2026-04-11 15:56:07 +0100 - dagster - DEBUG - xgboost_integration_job - 0768031a-a798-4855-a433-fc9eb73fbaf0 - 153746 - cleaned_actuals - STEP_START - Started execution of step "cleaned_actuals".
2026-04-11 15:56:07 +0100 - dagster - INFO - xgboost_integration_job - 0768031a-a798-4855-a433-fc9eb73fbaf0 - cleaned_actuals - Cleaning partition: 2026-02-15
2026-04-11 15:56:07 +0100 - dagster - INFO - xgboost_integration_job - 0768031a-a798-4855-a433-fc9eb73fbaf0 - cleaned_actuals - Materialized data shape before cleaning: (3168, 3)
2026-04-11 15:56:07 +0100 - dagster - INFO - xgboost_integration_job - 0768031a-a798-4855-a433-fc9eb73fbaf0 - cleaned_actuals - DF after dropping nulls: shape: (76_165, 3)
┌────────────────┬─────────────────────────┬───────┐
│ time_series_id ┆ period_end_time         ┆ power │
│ ---            ┆ ---                     ┆ ---   │
│ i32            ┆ datetime[μs, UTC]       ┆ f32   │
╞════════════════╪═════════════════════════╪═══════╡
│ 11             ┆ 2026-02-14 00:30:00 UTC ┆ 5.405 │
│ 11             ┆ 2026-02-14 00:30:00 UTC ┆ 5.405 │
│ 11             ┆ 2026-02-14 00:30:00 UTC ┆ 5.405 │
│ 11             ┆ 2026-02-14 00:30:00 UTC ┆ 5.405 │
│ 11             ┆ 2026-02-14 00:30:00 UTC ┆ 5.405 │
│ …              ┆ …                       ┆ …     │
│ 13             ┆ 2026-02-15 23:30:00 UTC ┆ 2.794 │
│ 13             ┆ 2026-02-15 23:30:00 UTC ┆ 2.794 │
│ 13             ┆ 2026-02-15 23:30:00 UTC ┆ 2.794 │
│ 13             ┆ 2026-02-15 23:30:00 UTC ┆ 2.794 │
│ 13             ┆ 2026-02-15 23:30:00 UTC ┆ 2.794 │
└────────────────┴─────────────────────────┴───────┘
2026-04-11 15:56:07,436 - dagster.builtin - INFO - xgboost_integration_job - 0768031a-a798-4855-a433-fc9eb73fbaf0 - cleaned_actuals - DF after dropping nulls: shape: (76_165, 3)
┌────────────────┬─────────────────────────┬───────┐
│ time_series_id ┆ period_end_time         ┆ power │
│ ---            ┆ ---                     ┆ ---   │
│ i32            ┆ datetime[μs, UTC]       ┆ f32   │
╞════════════════╪═════════════════════════╪═══════╡
│ 11             ┆ 2026-02-14 00:30:00 UTC ┆ 5.405 │
│ 11             ┆ 2026-02-14 00:30:00 UTC ┆ 5.405 │
│ 11             ┆ 2026-02-14 00:30:00 UTC ┆ 5.405 │
│ 11             ┆ 2026-02-14 00:30:00 UTC ┆ 5.405 │
│ 11             ┆ 2026-02-14 00:30:00 UTC ┆ 5.405 │
│ …              ┆ …                       ┆ …     │
│ 13             ┆ 2026-02-15 23:30:00 UTC ┆ 2.794 │
│ 13             ┆ 2026-02-15 23:30:00 UTC ┆ 2.794 │
│ 13             ┆ 2026-02-15 23:30:00 UTC ┆ 2.794 │
│ 13             ┆ 2026-02-15 23:30:00 UTC ┆ 2.794 │
│ 13             ┆ 2026-02-15 23:30:00 UTC ┆ 2.794 │
└────────────────┴─────────────────────────┴───────┘
2026-04-11 15:56:07 +0100 - dagster - INFO - xgboost_integration_job - 0768031a-a798-4855-a433-fc9eb73fbaf0 - cleaned_actuals - Cleaned data shape after cleaning: (76165, 3)
2026-04-11 15:56:07 +0100 - dagster - INFO - xgboost_integration_job - 0768031a-a798-4855-a433-fc9eb73fbaf0 - cleaned_actuals - Validated data shape: (76165, 3)
2026-04-11 15:56:07 +0100 - dagster - INFO - xgboost_integration_job - 0768031a-a798-4855-a433-fc9eb73fbaf0 - cleaned_actuals - Filtered cleaned actuals to current partition. Partition range: [2026-02-15 00:00:00+00:00, 2026-02-16 00:00:00+00:00). Data shape: (38069, 3)
2026-04-11 15:56:07 +0100 - dagster - INFO - xgboost_integration_job - 0768031a-a798-4855-a433-fc9eb73fbaf0 - cleaned_actuals - Saved cleaned actuals to Delta table at data/NGED/delta/cleaned_actuals
2026-04-11 15:56:07 +0100 - dagster - DEBUG - xgboost_integration_job - 0768031a-a798-4855-a433-fc9eb73fbaf0 - 153746 - cleaned_actuals - STEP_OUTPUT - Yielded output "result" of type "DataFrame". (Type check passed).
2026-04-11 15:56:07 +0100 - dagster - DEBUG - xgboost_integration_job - 0768031a-a798-4855-a433-fc9eb73fbaf0 - cleaned_actuals - Writing file at: /tmp/pytest-of-jack/pytest-71/test_xgboost_dagster_integrati0/cleaned_actuals/2026-02-15 using CompositeIOManager...
2026-04-11 15:56:07 +0100 - dagster - DEBUG - xgboost_integration_job - 0768031a-a798-4855-a433-fc9eb73fbaf0 - 153746 - cleaned_actuals - ASSET_MATERIALIZATION - Materialized value cleaned_actuals.
2026-04-11 15:56:07 +0100 - dagster - DEBUG - xgboost_integration_job - 0768031a-a798-4855-a433-fc9eb73fbaf0 - 153746 - cleaned_actuals - HANDLED_OUTPUT - Handled output "result" using IO manager "io_manager"
2026-04-11 15:56:07 +0100 - dagster - DEBUG - xgboost_integration_job - 0768031a-a798-4855-a433-fc9eb73fbaf0 - 153746 - cleaned_actuals - STEP_SUCCESS - Finished execution of step "cleaned_actuals" in 137ms.
2026-04-11 15:56:07 +0100 - dagster - DEBUG - xgboost_integration_job - 0768031a-a798-4855-a433-fc9eb73fbaf0 - 153746 - ENGINE_EVENT - Finished steps in process (pid: 153746) in 140ms
2026-04-11 15:56:07 +0100 - dagster - DEBUG - xgboost_integration_job - 0768031a-a798-4855-a433-fc9eb73fbaf0 - 153746 - RUN_SUCCESS - Finished execution of run for "xgboost_integration_job".
2026-04-11 15:56:07,548 - test_logger - INFO - Finished job execution for partition: 2026-02-15
2026-04-11 15:56:07,548 - test_logger - INFO - Starting job execution for partition: 2026-02-16
2026-04-11 15:56:07 +0100 - dagster - DEBUG - xgboost_integration_job - c618ffc0-955a-4f7a-a032-08a2c15c9a57 - 153746 - RUN_START - Started execution of run for "xgboost_integration_job".
2026-04-11 15:56:07 +0100 - dagster - DEBUG - xgboost_integration_job - c618ffc0-955a-4f7a-a032-08a2c15c9a57 - 153746 - ENGINE_EVENT - Executing steps in process (pid: 153746)
2026-04-11 15:56:07 +0100 - dagster - DEBUG - xgboost_integration_job - c618ffc0-955a-4f7a-a032-08a2c15c9a57 - 153746 - cleaned_actuals - RESOURCE_INIT_STARTED - Starting initialization of resources [io_manager, settings].
2026-04-11 15:56:07 +0100 - dagster - DEBUG - xgboost_integration_job - c618ffc0-955a-4f7a-a032-08a2c15c9a57 - 153746 - cleaned_actuals - RESOURCE_INIT_SUCCESS - Finished initialization of resources [io_manager, settings].
2026-04-11 15:56:07 +0100 - dagster - DEBUG - xgboost_integration_job - c618ffc0-955a-4f7a-a032-08a2c15c9a57 - 153746 - LOGS_CAPTURED - Started capturing logs in process (pid: 153746).
2026-04-11 15:56:07 +0100 - dagster - DEBUG - xgboost_integration_job - c618ffc0-955a-4f7a-a032-08a2c15c9a57 - 153746 - cleaned_actuals - STEP_START - Started execution of step "cleaned_actuals".
2026-04-11 15:56:07 +0100 - dagster - INFO - xgboost_integration_job - c618ffc0-955a-4f7a-a032-08a2c15c9a57 - cleaned_actuals - Cleaning partition: 2026-02-16
2026-04-11 15:56:07 +0100 - dagster - INFO - xgboost_integration_job - c618ffc0-955a-4f7a-a032-08a2c15c9a57 - cleaned_actuals - Materialized data shape before cleaning: (3168, 3)
2026-04-11 15:56:07 +0100 - dagster - INFO - xgboost_integration_job - c618ffc0-955a-4f7a-a032-08a2c15c9a57 - cleaned_actuals - DF after dropping nulls: shape: (76_849, 3)
┌────────────────┬─────────────────────────┬───────┐
│ time_series_id ┆ period_end_time         ┆ power │
│ ---            ┆ ---                     ┆ ---   │
│ i32            ┆ datetime[μs, UTC]       ┆ f32   │
╞════════════════╪═════════════════════════╪═══════╡
│ 11             ┆ 2026-02-15 00:30:00 UTC ┆ 4.687 │
│ 11             ┆ 2026-02-15 00:30:00 UTC ┆ 4.687 │
│ 11             ┆ 2026-02-15 00:30:00 UTC ┆ 4.687 │
│ 11             ┆ 2026-02-15 00:30:00 UTC ┆ 4.687 │
│ 11             ┆ 2026-02-15 00:30:00 UTC ┆ 4.687 │
│ …              ┆ …                       ┆ …     │
│ 13             ┆ 2026-02-16 23:30:00 UTC ┆ 3.063 │
│ 13             ┆ 2026-02-16 23:30:00 UTC ┆ 3.063 │
│ 13             ┆ 2026-02-16 23:30:00 UTC ┆ 3.063 │
│ 13             ┆ 2026-02-16 23:30:00 UTC ┆ 3.063 │
│ 13             ┆ 2026-02-16 23:30:00 UTC ┆ 3.063 │
└────────────────┴─────────────────────────┴───────┘
2026-04-11 15:56:07,591 - dagster.builtin - INFO - xgboost_integration_job - c618ffc0-955a-4f7a-a032-08a2c15c9a57 - cleaned_actuals - DF after dropping nulls: shape: (76_849, 3)
┌────────────────┬─────────────────────────┬───────┐
│ time_series_id ┆ period_end_time         ┆ power │
│ ---            ┆ ---                     ┆ ---   │
│ i32            ┆ datetime[μs, UTC]       ┆ f32   │
╞════════════════╪═════════════════════════╪═══════╡
│ 11             ┆ 2026-02-15 00:30:00 UTC ┆ 4.687 │
│ 11             ┆ 2026-02-15 00:30:00 UTC ┆ 4.687 │
│ 11             ┆ 2026-02-15 00:30:00 UTC ┆ 4.687 │
│ 11             ┆ 2026-02-15 00:30:00 UTC ┆ 4.687 │
│ 11             ┆ 2026-02-15 00:30:00 UTC ┆ 4.687 │
│ …              ┆ …                       ┆ …     │
│ 13             ┆ 2026-02-16 23:30:00 UTC ┆ 3.063 │
│ 13             ┆ 2026-02-16 23:30:00 UTC ┆ 3.063 │
│ 13             ┆ 2026-02-16 23:30:00 UTC ┆ 3.063 │
│ 13             ┆ 2026-02-16 23:30:00 UTC ┆ 3.063 │
│ 13             ┆ 2026-02-16 23:30:00 UTC ┆ 3.063 │
└────────────────┴─────────────────────────┴───────┘
2026-04-11 15:56:07 +0100 - dagster - INFO - xgboost_integration_job - c618ffc0-955a-4f7a-a032-08a2c15c9a57 - cleaned_actuals - Cleaned data shape after cleaning: (76849, 3)
2026-04-11 15:56:07 +0100 - dagster - INFO - xgboost_integration_job - c618ffc0-955a-4f7a-a032-08a2c15c9a57 - cleaned_actuals - Validated data shape: (76849, 3)
2026-04-11 15:56:07 +0100 - dagster - INFO - xgboost_integration_job - c618ffc0-955a-4f7a-a032-08a2c15c9a57 - cleaned_actuals - Filtered cleaned actuals to current partition. Partition range: [2026-02-16 00:00:00+00:00, 2026-02-17 00:00:00+00:00). Data shape: (39875, 3)
2026-04-11 15:56:07 +0100 - dagster - INFO - xgboost_integration_job - c618ffc0-955a-4f7a-a032-08a2c15c9a57 - cleaned_actuals - Saved cleaned actuals to Delta table at data/NGED/delta/cleaned_actuals
2026-04-11 15:56:07 +0100 - dagster - DEBUG - xgboost_integration_job - c618ffc0-955a-4f7a-a032-08a2c15c9a57 - 153746 - cleaned_actuals - STEP_OUTPUT - Yielded output "result" of type "DataFrame". (Type check passed).
2026-04-11 15:56:07 +0100 - dagster - DEBUG - xgboost_integration_job - c618ffc0-955a-4f7a-a032-08a2c15c9a57 - cleaned_actuals - Writing file at: /tmp/pytest-of-jack/pytest-71/test_xgboost_dagster_integrati0/cleaned_actuals/2026-02-16 using CompositeIOManager...
2026-04-11 15:56:07 +0100 - dagster - DEBUG - xgboost_integration_job - c618ffc0-955a-4f7a-a032-08a2c15c9a57 - 153746 - cleaned_actuals - ASSET_MATERIALIZATION - Materialized value cleaned_actuals.
2026-04-11 15:56:07 +0100 - dagster - DEBUG - xgboost_integration_job - c618ffc0-955a-4f7a-a032-08a2c15c9a57 - 153746 - cleaned_actuals - HANDLED_OUTPUT - Handled output "result" using IO manager "io_manager"
2026-04-11 15:56:07 +0100 - dagster - DEBUG - xgboost_integration_job - c618ffc0-955a-4f7a-a032-08a2c15c9a57 - 153746 - cleaned_actuals - STEP_SUCCESS - Finished execution of step "cleaned_actuals" in 138ms.
2026-04-11 15:56:07 +0100 - dagster - DEBUG - xgboost_integration_job - c618ffc0-955a-4f7a-a032-08a2c15c9a57 - 153746 - ENGINE_EVENT - Finished steps in process (pid: 153746) in 141ms
2026-04-11 15:56:07 +0100 - dagster - DEBUG - xgboost_integration_job - c618ffc0-955a-4f7a-a032-08a2c15c9a57 - 153746 - RUN_SUCCESS - Finished execution of run for "xgboost_integration_job".
2026-04-11 15:56:07,704 - test_logger - INFO - Finished job execution for partition: 2026-02-16
2026-04-11 15:56:07,704 - test_logger - INFO - Starting job execution for partition: 2026-02-17
2026-04-11 15:56:07 +0100 - dagster - DEBUG - xgboost_integration_job - 36eda42d-c568-4abd-9abf-879c7bbade4f - 153746 - RUN_START - Started execution of run for "xgboost_integration_job".
2026-04-11 15:56:07 +0100 - dagster - DEBUG - xgboost_integration_job - 36eda42d-c568-4abd-9abf-879c7bbade4f - 153746 - ENGINE_EVENT - Executing steps in process (pid: 153746)
2026-04-11 15:56:07 +0100 - dagster - DEBUG - xgboost_integration_job - 36eda42d-c568-4abd-9abf-879c7bbade4f - 153746 - cleaned_actuals - RESOURCE_INIT_STARTED - Starting initialization of resources [io_manager, settings].
2026-04-11 15:56:07 +0100 - dagster - DEBUG - xgboost_integration_job - 36eda42d-c568-4abd-9abf-879c7bbade4f - 153746 - cleaned_actuals - RESOURCE_INIT_SUCCESS - Finished initialization of resources [io_manager, settings].
2026-04-11 15:56:07 +0100 - dagster - DEBUG - xgboost_integration_job - 36eda42d-c568-4abd-9abf-879c7bbade4f - 153746 - LOGS_CAPTURED - Started capturing logs in process (pid: 153746).
2026-04-11 15:56:07 +0100 - dagster - DEBUG - xgboost_integration_job - 36eda42d-c568-4abd-9abf-879c7bbade4f - 153746 - cleaned_actuals - STEP_START - Started execution of step "cleaned_actuals".
2026-04-11 15:56:07 +0100 - dagster - INFO - xgboost_integration_job - 36eda42d-c568-4abd-9abf-879c7bbade4f - cleaned_actuals - Cleaning partition: 2026-02-17
2026-04-11 15:56:07 +0100 - dagster - INFO - xgboost_integration_job - 36eda42d-c568-4abd-9abf-879c7bbade4f - cleaned_actuals - Materialized data shape before cleaning: (3168, 3)
2026-04-11 15:56:07 +0100 - dagster - INFO - xgboost_integration_job - 36eda42d-c568-4abd-9abf-879c7bbade4f - cleaned_actuals - DF after dropping nulls: shape: (77_878, 3)
┌────────────────┬─────────────────────────┬───────┐
│ time_series_id ┆ period_end_time         ┆ power │
│ ---            ┆ ---                     ┆ ---   │
│ i32            ┆ datetime[μs, UTC]       ┆ f32   │
╞════════════════╪═════════════════════════╪═══════╡
│ 11             ┆ 2026-02-16 00:30:00 UTC ┆ 4.936 │
│ 11             ┆ 2026-02-16 00:30:00 UTC ┆ 4.936 │
│ 11             ┆ 2026-02-16 00:30:00 UTC ┆ 4.936 │
│ 11             ┆ 2026-02-16 00:30:00 UTC ┆ 4.936 │
│ 11             ┆ 2026-02-16 00:30:00 UTC ┆ 4.936 │
│ …              ┆ …                       ┆ …     │
│ 13             ┆ 2026-02-17 23:30:00 UTC ┆ 2.973 │
│ 13             ┆ 2026-02-17 23:30:00 UTC ┆ 2.973 │
│ 13             ┆ 2026-02-17 23:30:00 UTC ┆ 2.973 │
│ 13             ┆ 2026-02-17 23:30:00 UTC ┆ 2.973 │
│ 13             ┆ 2026-02-17 23:30:00 UTC ┆ 2.973 │
└────────────────┴─────────────────────────┴───────┘
2026-04-11 15:56:07,745 - dagster.builtin - INFO - xgboost_integration_job - 36eda42d-c568-4abd-9abf-879c7bbade4f - cleaned_actuals - DF after dropping nulls: shape: (77_878, 3)
┌────────────────┬─────────────────────────┬───────┐
│ time_series_id ┆ period_end_time         ┆ power │
│ ---            ┆ ---                     ┆ ---   │
│ i32            ┆ datetime[μs, UTC]       ┆ f32   │
╞════════════════╪═════════════════════════╪═══════╡
│ 11             ┆ 2026-02-16 00:30:00 UTC ┆ 4.936 │
│ 11             ┆ 2026-02-16 00:30:00 UTC ┆ 4.936 │
│ 11             ┆ 2026-02-16 00:30:00 UTC ┆ 4.936 │
│ 11             ┆ 2026-02-16 00:30:00 UTC ┆ 4.936 │
│ 11             ┆ 2026-02-16 00:30:00 UTC ┆ 4.936 │
│ …              ┆ …                       ┆ …     │
│ 13             ┆ 2026-02-17 23:30:00 UTC ┆ 2.973 │
│ 13             ┆ 2026-02-17 23:30:00 UTC ┆ 2.973 │
│ 13             ┆ 2026-02-17 23:30:00 UTC ┆ 2.973 │
│ 13             ┆ 2026-02-17 23:30:00 UTC ┆ 2.973 │
│ 13             ┆ 2026-02-17 23:30:00 UTC ┆ 2.973 │
└────────────────┴─────────────────────────┴───────┘
2026-04-11 15:56:07 +0100 - dagster - INFO - xgboost_integration_job - 36eda42d-c568-4abd-9abf-879c7bbade4f - cleaned_actuals - Cleaned data shape after cleaning: (77878, 3)
2026-04-11 15:56:07 +0100 - dagster - INFO - xgboost_integration_job - 36eda42d-c568-4abd-9abf-879c7bbade4f - cleaned_actuals - Validated data shape: (77878, 3)
2026-04-11 15:56:07 +0100 - dagster - INFO - xgboost_integration_job - 36eda42d-c568-4abd-9abf-879c7bbade4f - cleaned_actuals - Filtered cleaned actuals to current partition. Partition range: [2026-02-17 00:00:00+00:00, 2026-02-18 00:00:00+00:00). Data shape: (39107, 3)
2026-04-11 15:56:07 +0100 - dagster - INFO - xgboost_integration_job - 36eda42d-c568-4abd-9abf-879c7bbade4f - cleaned_actuals - Saved cleaned actuals to Delta table at data/NGED/delta/cleaned_actuals
2026-04-11 15:56:07 +0100 - dagster - DEBUG - xgboost_integration_job - 36eda42d-c568-4abd-9abf-879c7bbade4f - 153746 - cleaned_actuals - STEP_OUTPUT - Yielded output "result" of type "DataFrame". (Type check passed).
2026-04-11 15:56:07 +0100 - dagster - DEBUG - xgboost_integration_job - 36eda42d-c568-4abd-9abf-879c7bbade4f - cleaned_actuals - Writing file at: /tmp/pytest-of-jack/pytest-71/test_xgboost_dagster_integrati0/cleaned_actuals/2026-02-17 using CompositeIOManager...
2026-04-11 15:56:07 +0100 - dagster - DEBUG - xgboost_integration_job - 36eda42d-c568-4abd-9abf-879c7bbade4f - 153746 - cleaned_actuals - ASSET_MATERIALIZATION - Materialized value cleaned_actuals.
2026-04-11 15:56:07 +0100 - dagster - DEBUG - xgboost_integration_job - 36eda42d-c568-4abd-9abf-879c7bbade4f - 153746 - cleaned_actuals - HANDLED_OUTPUT - Handled output "result" using IO manager "io_manager"
2026-04-11 15:56:07 +0100 - dagster - DEBUG - xgboost_integration_job - 36eda42d-c568-4abd-9abf-879c7bbade4f - 153746 - cleaned_actuals - STEP_SUCCESS - Finished execution of step "cleaned_actuals" in 129ms.
2026-04-11 15:56:07 +0100 - dagster - DEBUG - xgboost_integration_job - 36eda42d-c568-4abd-9abf-879c7bbade4f - 153746 - ENGINE_EVENT - Finished steps in process (pid: 153746) in 132ms
2026-04-11 15:56:07 +0100 - dagster - DEBUG - xgboost_integration_job - 36eda42d-c568-4abd-9abf-879c7bbade4f - 153746 - RUN_SUCCESS - Finished execution of run for "xgboost_integration_job".
2026-04-11 15:56:07,849 - test_logger - INFO - Finished job execution for partition: 2026-02-17
2026-04-11 15:56:07,849 - test_logger - INFO - Starting job execution for partition: 2026-02-18
2026-04-11 15:56:07 +0100 - dagster - DEBUG - xgboost_integration_job - 0d9a5740-a8b3-41d4-aba3-57dd8112e3be - 153746 - RUN_START - Started execution of run for "xgboost_integration_job".
2026-04-11 15:56:07 +0100 - dagster - DEBUG - xgboost_integration_job - 0d9a5740-a8b3-41d4-aba3-57dd8112e3be - 153746 - ENGINE_EVENT - Executing steps in process (pid: 153746)
2026-04-11 15:56:07 +0100 - dagster - DEBUG - xgboost_integration_job - 0d9a5740-a8b3-41d4-aba3-57dd8112e3be - 153746 - cleaned_actuals - RESOURCE_INIT_STARTED - Starting initialization of resources [io_manager, settings].
2026-04-11 15:56:07 +0100 - dagster - DEBUG - xgboost_integration_job - 0d9a5740-a8b3-41d4-aba3-57dd8112e3be - 153746 - cleaned_actuals - RESOURCE_INIT_SUCCESS - Finished initialization of resources [io_manager, settings].
2026-04-11 15:56:07 +0100 - dagster - DEBUG - xgboost_integration_job - 0d9a5740-a8b3-41d4-aba3-57dd8112e3be - 153746 - LOGS_CAPTURED - Started capturing logs in process (pid: 153746).
2026-04-11 15:56:07 +0100 - dagster - DEBUG - xgboost_integration_job - 0d9a5740-a8b3-41d4-aba3-57dd8112e3be - 153746 - cleaned_actuals - STEP_START - Started execution of step "cleaned_actuals".
2026-04-11 15:56:07 +0100 - dagster - INFO - xgboost_integration_job - 0d9a5740-a8b3-41d4-aba3-57dd8112e3be - cleaned_actuals - Cleaning partition: 2026-02-18
2026-04-11 15:56:07 +0100 - dagster - INFO - xgboost_integration_job - 0d9a5740-a8b3-41d4-aba3-57dd8112e3be - cleaned_actuals - Materialized data shape before cleaning: (3168, 3)
2026-04-11 15:56:07 +0100 - dagster - INFO - xgboost_integration_job - 0d9a5740-a8b3-41d4-aba3-57dd8112e3be - cleaned_actuals - DF after dropping nulls: shape: (76_983, 3)
┌────────────────┬─────────────────────────┬───────┐
│ time_series_id ┆ period_end_time         ┆ power │
│ ---            ┆ ---                     ┆ ---   │
│ i32            ┆ datetime[μs, UTC]       ┆ f32   │
╞════════════════╪═════════════════════════╪═══════╡
│ 11             ┆ 2026-02-17 00:30:00 UTC ┆ 4.751 │
│ 11             ┆ 2026-02-17 00:30:00 UTC ┆ 4.751 │
│ 11             ┆ 2026-02-17 00:30:00 UTC ┆ 4.751 │
│ 11             ┆ 2026-02-17 00:30:00 UTC ┆ 4.751 │
│ 11             ┆ 2026-02-17 00:30:00 UTC ┆ 4.751 │
│ …              ┆ …                       ┆ …     │
│ 13             ┆ 2026-02-18 23:30:00 UTC ┆ 3.106 │
│ 13             ┆ 2026-02-18 23:30:00 UTC ┆ 3.106 │
│ 13             ┆ 2026-02-18 23:30:00 UTC ┆ 3.106 │
│ 13             ┆ 2026-02-18 23:30:00 UTC ┆ 3.106 │
│ 13             ┆ 2026-02-18 23:30:00 UTC ┆ 3.106 │
└────────────────┴─────────────────────────┴───────┘
2026-04-11 15:56:07,891 - dagster.builtin - INFO - xgboost_integration_job - 0d9a5740-a8b3-41d4-aba3-57dd8112e3be - cleaned_actuals - DF after dropping nulls: shape: (76_983, 3)
┌────────────────┬─────────────────────────┬───────┐
│ time_series_id ┆ period_end_time         ┆ power │
│ ---            ┆ ---                     ┆ ---   │
│ i32            ┆ datetime[μs, UTC]       ┆ f32   │
╞════════════════╪═════════════════════════╪═══════╡
│ 11             ┆ 2026-02-17 00:30:00 UTC ┆ 4.751 │
│ 11             ┆ 2026-02-17 00:30:00 UTC ┆ 4.751 │
│ 11             ┆ 2026-02-17 00:30:00 UTC ┆ 4.751 │
│ 11             ┆ 2026-02-17 00:30:00 UTC ┆ 4.751 │
│ 11             ┆ 2026-02-17 00:30:00 UTC ┆ 4.751 │
│ …              ┆ …                       ┆ …     │
│ 13             ┆ 2026-02-18 23:30:00 UTC ┆ 3.106 │
│ 13             ┆ 2026-02-18 23:30:00 UTC ┆ 3.106 │
│ 13             ┆ 2026-02-18 23:30:00 UTC ┆ 3.106 │
│ 13             ┆ 2026-02-18 23:30:00 UTC ┆ 3.106 │
│ 13             ┆ 2026-02-18 23:30:00 UTC ┆ 3.106 │
└────────────────┴─────────────────────────┴───────┘
2026-04-11 15:56:07 +0100 - dagster - INFO - xgboost_integration_job - 0d9a5740-a8b3-41d4-aba3-57dd8112e3be - cleaned_actuals - Cleaned data shape after cleaning: (76983, 3)
2026-04-11 15:56:07 +0100 - dagster - INFO - xgboost_integration_job - 0d9a5740-a8b3-41d4-aba3-57dd8112e3be - cleaned_actuals - Validated data shape: (76983, 3)
2026-04-11 15:56:07 +0100 - dagster - INFO - xgboost_integration_job - 0d9a5740-a8b3-41d4-aba3-57dd8112e3be - cleaned_actuals - Filtered cleaned actuals to current partition. Partition range: [2026-02-18 00:00:00+00:00, 2026-02-19 00:00:00+00:00). Data shape: (38984, 3)
2026-04-11 15:56:08 +0100 - dagster - INFO - xgboost_integration_job - 0d9a5740-a8b3-41d4-aba3-57dd8112e3be - cleaned_actuals - Saved cleaned actuals to Delta table at data/NGED/delta/cleaned_actuals
2026-04-11 15:56:08 +0100 - dagster - DEBUG - xgboost_integration_job - 0d9a5740-a8b3-41d4-aba3-57dd8112e3be - 153746 - cleaned_actuals - STEP_OUTPUT - Yielded output "result" of type "DataFrame". (Type check passed).
2026-04-11 15:56:08 +0100 - dagster - DEBUG - xgboost_integration_job - 0d9a5740-a8b3-41d4-aba3-57dd8112e3be - cleaned_actuals - Writing file at: /tmp/pytest-of-jack/pytest-71/test_xgboost_dagster_integrati0/cleaned_actuals/2026-02-18 using CompositeIOManager...
2026-04-11 15:56:08 +0100 - dagster - DEBUG - xgboost_integration_job - 0d9a5740-a8b3-41d4-aba3-57dd8112e3be - 153746 - cleaned_actuals - ASSET_MATERIALIZATION - Materialized value cleaned_actuals.
2026-04-11 15:56:08 +0100 - dagster - DEBUG - xgboost_integration_job - 0d9a5740-a8b3-41d4-aba3-57dd8112e3be - 153746 - cleaned_actuals - HANDLED_OUTPUT - Handled output "result" using IO manager "io_manager"
2026-04-11 15:56:08 +0100 - dagster - DEBUG - xgboost_integration_job - 0d9a5740-a8b3-41d4-aba3-57dd8112e3be - 153746 - cleaned_actuals - STEP_SUCCESS - Finished execution of step "cleaned_actuals" in 156ms.
2026-04-11 15:56:08 +0100 - dagster - DEBUG - xgboost_integration_job - 0d9a5740-a8b3-41d4-aba3-57dd8112e3be - 153746 - ENGINE_EVENT - Finished steps in process (pid: 153746) in 159ms
2026-04-11 15:56:08 +0100 - dagster - DEBUG - xgboost_integration_job - 0d9a5740-a8b3-41d4-aba3-57dd8112e3be - 153746 - RUN_SUCCESS - Finished execution of run for "xgboost_integration_job".
2026-04-11 15:56:08,021 - test_logger - INFO - Finished job execution for partition: 2026-02-18
2026-04-11 15:56:08,021 - test_logger - INFO - Starting job execution for partition: 2026-02-19
2026-04-11 15:56:08 +0100 - dagster - DEBUG - xgboost_integration_job - 5d6771de-0193-4285-a7a3-2977cf487042 - 153746 - RUN_START - Started execution of run for "xgboost_integration_job".
2026-04-11 15:56:08 +0100 - dagster - DEBUG - xgboost_integration_job - 5d6771de-0193-4285-a7a3-2977cf487042 - 153746 - ENGINE_EVENT - Executing steps in process (pid: 153746)
2026-04-11 15:56:08 +0100 - dagster - DEBUG - xgboost_integration_job - 5d6771de-0193-4285-a7a3-2977cf487042 - 153746 - cleaned_actuals - RESOURCE_INIT_STARTED - Starting initialization of resources [io_manager, settings].
2026-04-11 15:56:08 +0100 - dagster - DEBUG - xgboost_integration_job - 5d6771de-0193-4285-a7a3-2977cf487042 - 153746 - cleaned_actuals - RESOURCE_INIT_SUCCESS - Finished initialization of resources [io_manager, settings].
2026-04-11 15:56:08 +0100 - dagster - DEBUG - xgboost_integration_job - 5d6771de-0193-4285-a7a3-2977cf487042 - 153746 - LOGS_CAPTURED - Started capturing logs in process (pid: 153746).
2026-04-11 15:56:08 +0100 - dagster - DEBUG - xgboost_integration_job - 5d6771de-0193-4285-a7a3-2977cf487042 - 153746 - cleaned_actuals - STEP_START - Started execution of step "cleaned_actuals".
2026-04-11 15:56:08 +0100 - dagster - INFO - xgboost_integration_job - 5d6771de-0193-4285-a7a3-2977cf487042 - cleaned_actuals - Cleaning partition: 2026-02-19
2026-04-11 15:56:08 +0100 - dagster - INFO - xgboost_integration_job - 5d6771de-0193-4285-a7a3-2977cf487042 - cleaned_actuals - Materialized data shape before cleaning: (3168, 3)
2026-04-11 15:56:08 +0100 - dagster - INFO - xgboost_integration_job - 5d6771de-0193-4285-a7a3-2977cf487042 - cleaned_actuals - DF after dropping nulls: shape: (76_483, 3)
┌────────────────┬─────────────────────────┬───────┐
│ time_series_id ┆ period_end_time         ┆ power │
│ ---            ┆ ---                     ┆ ---   │
│ i32            ┆ datetime[μs, UTC]       ┆ f32   │
╞════════════════╪═════════════════════════╪═══════╡
│ 11             ┆ 2026-02-18 00:30:00 UTC ┆ 4.887 │
│ 11             ┆ 2026-02-18 00:30:00 UTC ┆ 4.887 │
│ 11             ┆ 2026-02-18 00:30:00 UTC ┆ 4.887 │
│ 11             ┆ 2026-02-18 00:30:00 UTC ┆ 4.887 │
│ 11             ┆ 2026-02-18 00:30:00 UTC ┆ 4.887 │
│ …              ┆ …                       ┆ …     │
│ 13             ┆ 2026-02-19 23:30:00 UTC ┆ 3.015 │
│ 13             ┆ 2026-02-19 23:30:00 UTC ┆ 3.015 │
│ 13             ┆ 2026-02-19 23:30:00 UTC ┆ 3.015 │
│ 13             ┆ 2026-02-19 23:30:00 UTC ┆ 3.015 │
│ 13             ┆ 2026-02-19 23:30:00 UTC ┆ 3.015 │
└────────────────┴─────────────────────────┴───────┘
2026-04-11 15:56:08,063 - dagster.builtin - INFO - xgboost_integration_job - 5d6771de-0193-4285-a7a3-2977cf487042 - cleaned_actuals - DF after dropping nulls: shape: (76_483, 3)
┌────────────────┬─────────────────────────┬───────┐
│ time_series_id ┆ period_end_time         ┆ power │
│ ---            ┆ ---                     ┆ ---   │
│ i32            ┆ datetime[μs, UTC]       ┆ f32   │
╞════════════════╪═════════════════════════╪═══════╡
│ 11             ┆ 2026-02-18 00:30:00 UTC ┆ 4.887 │
│ 11             ┆ 2026-02-18 00:30:00 UTC ┆ 4.887 │
│ 11             ┆ 2026-02-18 00:30:00 UTC ┆ 4.887 │
│ 11             ┆ 2026-02-18 00:30:00 UTC ┆ 4.887 │
│ 11             ┆ 2026-02-18 00:30:00 UTC ┆ 4.887 │
│ …              ┆ …                       ┆ …     │
│ 13             ┆ 2026-02-19 23:30:00 UTC ┆ 3.015 │
│ 13             ┆ 2026-02-19 23:30:00 UTC ┆ 3.015 │
│ 13             ┆ 2026-02-19 23:30:00 UTC ┆ 3.015 │
│ 13             ┆ 2026-02-19 23:30:00 UTC ┆ 3.015 │
│ 13             ┆ 2026-02-19 23:30:00 UTC ┆ 3.015 │
└────────────────┴─────────────────────────┴───────┘
2026-04-11 15:56:08 +0100 - dagster - INFO - xgboost_integration_job - 5d6771de-0193-4285-a7a3-2977cf487042 - cleaned_actuals - Cleaned data shape after cleaning: (76483, 3)
2026-04-11 15:56:08 +0100 - dagster - INFO - xgboost_integration_job - 5d6771de-0193-4285-a7a3-2977cf487042 - cleaned_actuals - Validated data shape: (76483, 3)
2026-04-11 15:56:08 +0100 - dagster - INFO - xgboost_integration_job - 5d6771de-0193-4285-a7a3-2977cf487042 - cleaned_actuals - Filtered cleaned actuals to current partition. Partition range: [2026-02-19 00:00:00+00:00, 2026-02-20 00:00:00+00:00). Data shape: (38525, 3)
2026-04-11 15:56:08 +0100 - dagster - INFO - xgboost_integration_job - 5d6771de-0193-4285-a7a3-2977cf487042 - cleaned_actuals - Saved cleaned actuals to Delta table at data/NGED/delta/cleaned_actuals
2026-04-11 15:56:08 +0100 - dagster - DEBUG - xgboost_integration_job - 5d6771de-0193-4285-a7a3-2977cf487042 - 153746 - cleaned_actuals - STEP_OUTPUT - Yielded output "result" of type "DataFrame". (Type check passed).
2026-04-11 15:56:08 +0100 - dagster - DEBUG - xgboost_integration_job - 5d6771de-0193-4285-a7a3-2977cf487042 - cleaned_actuals - Writing file at: /tmp/pytest-of-jack/pytest-71/test_xgboost_dagster_integrati0/cleaned_actuals/2026-02-19 using CompositeIOManager...
2026-04-11 15:56:08 +0100 - dagster - DEBUG - xgboost_integration_job - 5d6771de-0193-4285-a7a3-2977cf487042 - 153746 - cleaned_actuals - ASSET_MATERIALIZATION - Materialized value cleaned_actuals.
2026-04-11 15:56:08 +0100 - dagster - DEBUG - xgboost_integration_job - 5d6771de-0193-4285-a7a3-2977cf487042 - 153746 - cleaned_actuals - HANDLED_OUTPUT - Handled output "result" using IO manager "io_manager"
2026-04-11 15:56:08 +0100 - dagster - DEBUG - xgboost_integration_job - 5d6771de-0193-4285-a7a3-2977cf487042 - 153746 - cleaned_actuals - STEP_SUCCESS - Finished execution of step "cleaned_actuals" in 140ms.
2026-04-11 15:56:08 +0100 - dagster - DEBUG - xgboost_integration_job - 5d6771de-0193-4285-a7a3-2977cf487042 - 153746 - ENGINE_EVENT - Finished steps in process (pid: 153746) in 143ms
2026-04-11 15:56:08 +0100 - dagster - DEBUG - xgboost_integration_job - 5d6771de-0193-4285-a7a3-2977cf487042 - 153746 - RUN_SUCCESS - Finished execution of run for "xgboost_integration_job".
2026-04-11 15:56:08,177 - test_logger - INFO - Finished job execution for partition: 2026-02-19
2026-04-11 15:56:08,177 - test_logger - INFO - Starting job execution for partition: 2026-02-20
2026-04-11 15:56:08 +0100 - dagster - DEBUG - xgboost_integration_job - d47fc57d-b3d5-44c7-8b35-70571d4fef10 - 153746 - RUN_START - Started execution of run for "xgboost_integration_job".
2026-04-11 15:56:08 +0100 - dagster - DEBUG - xgboost_integration_job - d47fc57d-b3d5-44c7-8b35-70571d4fef10 - 153746 - ENGINE_EVENT - Executing steps in process (pid: 153746)
2026-04-11 15:56:08 +0100 - dagster - DEBUG - xgboost_integration_job - d47fc57d-b3d5-44c7-8b35-70571d4fef10 - 153746 - cleaned_actuals - RESOURCE_INIT_STARTED - Starting initialization of resources [io_manager, settings].
2026-04-11 15:56:08 +0100 - dagster - DEBUG - xgboost_integration_job - d47fc57d-b3d5-44c7-8b35-70571d4fef10 - 153746 - cleaned_actuals - RESOURCE_INIT_SUCCESS - Finished initialization of resources [io_manager, settings].
2026-04-11 15:56:08 +0100 - dagster - DEBUG - xgboost_integration_job - d47fc57d-b3d5-44c7-8b35-70571d4fef10 - 153746 - LOGS_CAPTURED - Started capturing logs in process (pid: 153746).
2026-04-11 15:56:08 +0100 - dagster - DEBUG - xgboost_integration_job - d47fc57d-b3d5-44c7-8b35-70571d4fef10 - 153746 - cleaned_actuals - STEP_START - Started execution of step "cleaned_actuals".
2026-04-11 15:56:08 +0100 - dagster - INFO - xgboost_integration_job - d47fc57d-b3d5-44c7-8b35-70571d4fef10 - cleaned_actuals - Cleaning partition: 2026-02-20
2026-04-11 15:56:08 +0100 - dagster - INFO - xgboost_integration_job - d47fc57d-b3d5-44c7-8b35-70571d4fef10 - cleaned_actuals - Materialized data shape before cleaning: (3168, 3)
2026-04-11 15:56:08 +0100 - dagster - INFO - xgboost_integration_job - d47fc57d-b3d5-44c7-8b35-70571d4fef10 - cleaned_actuals - DF after dropping nulls: shape: (76_504, 3)
┌────────────────┬─────────────────────────┬───────┐
│ time_series_id ┆ period_end_time         ┆ power │
│ ---            ┆ ---                     ┆ ---   │
│ i32            ┆ datetime[μs, UTC]       ┆ f32   │
╞════════════════╪═════════════════════════╪═══════╡
│ 11             ┆ 2026-02-19 00:30:00 UTC ┆ 5.109 │
│ 11             ┆ 2026-02-19 00:30:00 UTC ┆ 5.109 │
│ 11             ┆ 2026-02-19 00:30:00 UTC ┆ 5.109 │
│ 11             ┆ 2026-02-19 00:30:00 UTC ┆ 5.109 │
│ 11             ┆ 2026-02-19 00:30:00 UTC ┆ 5.109 │
│ …              ┆ …                       ┆ …     │
│ 13             ┆ 2026-02-20 23:30:00 UTC ┆ 3.156 │
│ 13             ┆ 2026-02-20 23:30:00 UTC ┆ 3.156 │
│ 13             ┆ 2026-02-20 23:30:00 UTC ┆ 3.156 │
│ 13             ┆ 2026-02-20 23:30:00 UTC ┆ 3.156 │
│ 13             ┆ 2026-02-20 23:30:00 UTC ┆ 3.156 │
└────────────────┴─────────────────────────┴───────┘
2026-04-11 15:56:08,219 - dagster.builtin - INFO - xgboost_integration_job - d47fc57d-b3d5-44c7-8b35-70571d4fef10 - cleaned_actuals - DF after dropping nulls: shape: (76_504, 3)
┌────────────────┬─────────────────────────┬───────┐
│ time_series_id ┆ period_end_time         ┆ power │
│ ---            ┆ ---                     ┆ ---   │
│ i32            ┆ datetime[μs, UTC]       ┆ f32   │
╞════════════════╪═════════════════════════╪═══════╡
│ 11             ┆ 2026-02-19 00:30:00 UTC ┆ 5.109 │
│ 11             ┆ 2026-02-19 00:30:00 UTC ┆ 5.109 │
│ 11             ┆ 2026-02-19 00:30:00 UTC ┆ 5.109 │
│ 11             ┆ 2026-02-19 00:30:00 UTC ┆ 5.109 │
│ 11             ┆ 2026-02-19 00:30:00 UTC ┆ 5.109 │
│ …              ┆ …                       ┆ …     │
│ 13             ┆ 2026-02-20 23:30:00 UTC ┆ 3.156 │
│ 13             ┆ 2026-02-20 23:30:00 UTC ┆ 3.156 │
│ 13             ┆ 2026-02-20 23:30:00 UTC ┆ 3.156 │
│ 13             ┆ 2026-02-20 23:30:00 UTC ┆ 3.156 │
│ 13             ┆ 2026-02-20 23:30:00 UTC ┆ 3.156 │
└────────────────┴─────────────────────────┴───────┘
2026-04-11 15:56:08 +0100 - dagster - INFO - xgboost_integration_job - d47fc57d-b3d5-44c7-8b35-70571d4fef10 - cleaned_actuals - Cleaned data shape after cleaning: (76504, 3)
2026-04-11 15:56:08 +0100 - dagster - INFO - xgboost_integration_job - d47fc57d-b3d5-44c7-8b35-70571d4fef10 - cleaned_actuals - Validated data shape: (76504, 3)
2026-04-11 15:56:08 +0100 - dagster - INFO - xgboost_integration_job - d47fc57d-b3d5-44c7-8b35-70571d4fef10 - cleaned_actuals - Filtered cleaned actuals to current partition. Partition range: [2026-02-20 00:00:00+00:00, 2026-02-21 00:00:00+00:00). Data shape: (39086, 3)
2026-04-11 15:56:08 +0100 - dagster - INFO - xgboost_integration_job - d47fc57d-b3d5-44c7-8b35-70571d4fef10 - cleaned_actuals - Saved cleaned actuals to Delta table at data/NGED/delta/cleaned_actuals
2026-04-11 15:56:08 +0100 - dagster - DEBUG - xgboost_integration_job - d47fc57d-b3d5-44c7-8b35-70571d4fef10 - 153746 - cleaned_actuals - STEP_OUTPUT - Yielded output "result" of type "DataFrame". (Type check passed).
2026-04-11 15:56:08 +0100 - dagster - DEBUG - xgboost_integration_job - d47fc57d-b3d5-44c7-8b35-70571d4fef10 - cleaned_actuals - Writing file at: /tmp/pytest-of-jack/pytest-71/test_xgboost_dagster_integrati0/cleaned_actuals/2026-02-20 using CompositeIOManager...
2026-04-11 15:56:08 +0100 - dagster - DEBUG - xgboost_integration_job - d47fc57d-b3d5-44c7-8b35-70571d4fef10 - 153746 - cleaned_actuals - ASSET_MATERIALIZATION - Materialized value cleaned_actuals.
2026-04-11 15:56:08 +0100 - dagster - DEBUG - xgboost_integration_job - d47fc57d-b3d5-44c7-8b35-70571d4fef10 - 153746 - cleaned_actuals - HANDLED_OUTPUT - Handled output "result" using IO manager "io_manager"
2026-04-11 15:56:08 +0100 - dagster - DEBUG - xgboost_integration_job - d47fc57d-b3d5-44c7-8b35-70571d4fef10 - 153746 - cleaned_actuals - STEP_SUCCESS - Finished execution of step "cleaned_actuals" in 135ms.
2026-04-11 15:56:08 +0100 - dagster - DEBUG - xgboost_integration_job - d47fc57d-b3d5-44c7-8b35-70571d4fef10 - 153746 - ENGINE_EVENT - Finished steps in process (pid: 153746) in 139ms
2026-04-11 15:56:08 +0100 - dagster - DEBUG - xgboost_integration_job - d47fc57d-b3d5-44c7-8b35-70571d4fef10 - 153746 - RUN_SUCCESS - Finished execution of run for "xgboost_integration_job".
2026-04-11 15:56:08,333 - test_logger - INFO - Finished job execution for partition: 2026-02-20
2026-04-11 15:56:08,333 - test_logger - INFO - Starting job execution for partition: 2026-02-21
2026-04-11 15:56:08 +0100 - dagster - DEBUG - xgboost_integration_job - 75f9d8a9-6aab-4178-9296-3dd79cfba0ac - 153746 - RUN_START - Started execution of run for "xgboost_integration_job".
2026-04-11 15:56:08 +0100 - dagster - DEBUG - xgboost_integration_job - 75f9d8a9-6aab-4178-9296-3dd79cfba0ac - 153746 - ENGINE_EVENT - Executing steps in process (pid: 153746)
2026-04-11 15:56:08 +0100 - dagster - DEBUG - xgboost_integration_job - 75f9d8a9-6aab-4178-9296-3dd79cfba0ac - 153746 - cleaned_actuals - RESOURCE_INIT_STARTED - Starting initialization of resources [io_manager, settings].
2026-04-11 15:56:08 +0100 - dagster - DEBUG - xgboost_integration_job - 75f9d8a9-6aab-4178-9296-3dd79cfba0ac - 153746 - cleaned_actuals - RESOURCE_INIT_SUCCESS - Finished initialization of resources [io_manager, settings].
2026-04-11 15:56:08 +0100 - dagster - DEBUG - xgboost_integration_job - 75f9d8a9-6aab-4178-9296-3dd79cfba0ac - 153746 - LOGS_CAPTURED - Started capturing logs in process (pid: 153746).
2026-04-11 15:56:08 +0100 - dagster - DEBUG - xgboost_integration_job - 75f9d8a9-6aab-4178-9296-3dd79cfba0ac - 153746 - cleaned_actuals - STEP_START - Started execution of step "cleaned_actuals".
2026-04-11 15:56:08 +0100 - dagster - INFO - xgboost_integration_job - 75f9d8a9-6aab-4178-9296-3dd79cfba0ac - cleaned_actuals - Cleaning partition: 2026-02-21
2026-04-11 15:56:08 +0100 - dagster - INFO - xgboost_integration_job - 75f9d8a9-6aab-4178-9296-3dd79cfba0ac - cleaned_actuals - Materialized data shape before cleaning: (3168, 3)
2026-04-11 15:56:08 +0100 - dagster - INFO - xgboost_integration_job - 75f9d8a9-6aab-4178-9296-3dd79cfba0ac - cleaned_actuals - DF after dropping nulls: shape: (76_825, 3)
┌────────────────┬─────────────────────────┬───────┐
│ time_series_id ┆ period_end_time         ┆ power │
│ ---            ┆ ---                     ┆ ---   │
│ i32            ┆ datetime[μs, UTC]       ┆ f32   │
╞════════════════╪═════════════════════════╪═══════╡
│ 11             ┆ 2026-02-20 00:30:00 UTC ┆ 4.665 │
│ 11             ┆ 2026-02-20 00:30:00 UTC ┆ 4.665 │
│ 11             ┆ 2026-02-20 00:30:00 UTC ┆ 4.665 │
│ 11             ┆ 2026-02-20 00:30:00 UTC ┆ 4.665 │
│ 11             ┆ 2026-02-20 00:30:00 UTC ┆ 4.665 │
│ …              ┆ …                       ┆ …     │
│ 13             ┆ 2026-02-21 23:30:00 UTC ┆ 3.101 │
│ 13             ┆ 2026-02-21 23:30:00 UTC ┆ 3.101 │
│ 13             ┆ 2026-02-21 23:30:00 UTC ┆ 3.101 │
│ 13             ┆ 2026-02-21 23:30:00 UTC ┆ 3.101 │
│ 13             ┆ 2026-02-21 23:30:00 UTC ┆ 3.101 │
└────────────────┴─────────────────────────┴───────┘
2026-04-11 15:56:08,372 - dagster.builtin - INFO - xgboost_integration_job - 75f9d8a9-6aab-4178-9296-3dd79cfba0ac - cleaned_actuals - DF after dropping nulls: shape: (76_825, 3)
┌────────────────┬─────────────────────────┬───────┐
│ time_series_id ┆ period_end_time         ┆ power │
│ ---            ┆ ---                     ┆ ---   │
│ i32            ┆ datetime[μs, UTC]       ┆ f32   │
╞════════════════╪═════════════════════════╪═══════╡
│ 11             ┆ 2026-02-20 00:30:00 UTC ┆ 4.665 │
│ 11             ┆ 2026-02-20 00:30:00 UTC ┆ 4.665 │
│ 11             ┆ 2026-02-20 00:30:00 UTC ┆ 4.665 │
│ 11             ┆ 2026-02-20 00:30:00 UTC ┆ 4.665 │
│ 11             ┆ 2026-02-20 00:30:00 UTC ┆ 4.665 │
│ …              ┆ …                       ┆ …     │
│ 13             ┆ 2026-02-21 23:30:00 UTC ┆ 3.101 │
│ 13             ┆ 2026-02-21 23:30:00 UTC ┆ 3.101 │
│ 13             ┆ 2026-02-21 23:30:00 UTC ┆ 3.101 │
│ 13             ┆ 2026-02-21 23:30:00 UTC ┆ 3.101 │
│ 13             ┆ 2026-02-21 23:30:00 UTC ┆ 3.101 │
└────────────────┴─────────────────────────┴───────┘
2026-04-11 15:56:08 +0100 - dagster - INFO - xgboost_integration_job - 75f9d8a9-6aab-4178-9296-3dd79cfba0ac - cleaned_actuals - Cleaned data shape after cleaning: (76825, 3)
2026-04-11 15:56:08 +0100 - dagster - INFO - xgboost_integration_job - 75f9d8a9-6aab-4178-9296-3dd79cfba0ac - cleaned_actuals - Validated data shape: (76825, 3)
2026-04-11 15:56:08 +0100 - dagster - INFO - xgboost_integration_job - 75f9d8a9-6aab-4178-9296-3dd79cfba0ac - cleaned_actuals - Filtered cleaned actuals to current partition. Partition range: [2026-02-21 00:00:00+00:00, 2026-02-22 00:00:00+00:00). Data shape: (38735, 3)
2026-04-11 15:56:08 +0100 - dagster - INFO - xgboost_integration_job - 75f9d8a9-6aab-4178-9296-3dd79cfba0ac - cleaned_actuals - Saved cleaned actuals to Delta table at data/NGED/delta/cleaned_actuals
2026-04-11 15:56:08 +0100 - dagster - DEBUG - xgboost_integration_job - 75f9d8a9-6aab-4178-9296-3dd79cfba0ac - 153746 - cleaned_actuals - STEP_OUTPUT - Yielded output "result" of type "DataFrame". (Type check passed).
2026-04-11 15:56:08 +0100 - dagster - DEBUG - xgboost_integration_job - 75f9d8a9-6aab-4178-9296-3dd79cfba0ac - cleaned_actuals - Writing file at: /tmp/pytest-of-jack/pytest-71/test_xgboost_dagster_integrati0/cleaned_actuals/2026-02-21 using CompositeIOManager...
2026-04-11 15:56:08 +0100 - dagster - DEBUG - xgboost_integration_job - 75f9d8a9-6aab-4178-9296-3dd79cfba0ac - 153746 - cleaned_actuals - ASSET_MATERIALIZATION - Materialized value cleaned_actuals.
2026-04-11 15:56:08 +0100 - dagster - DEBUG - xgboost_integration_job - 75f9d8a9-6aab-4178-9296-3dd79cfba0ac - 153746 - cleaned_actuals - HANDLED_OUTPUT - Handled output "result" using IO manager "io_manager"
2026-04-11 15:56:08 +0100 - dagster - DEBUG - xgboost_integration_job - 75f9d8a9-6aab-4178-9296-3dd79cfba0ac - 153746 - cleaned_actuals - STEP_SUCCESS - Finished execution of step "cleaned_actuals" in 143ms.
2026-04-11 15:56:08 +0100 - dagster - DEBUG - xgboost_integration_job - 75f9d8a9-6aab-4178-9296-3dd79cfba0ac - 153746 - ENGINE_EVENT - Finished steps in process (pid: 153746) in 146ms
2026-04-11 15:56:08 +0100 - dagster - DEBUG - xgboost_integration_job - 75f9d8a9-6aab-4178-9296-3dd79cfba0ac - 153746 - RUN_SUCCESS - Finished execution of run for "xgboost_integration_job".
2026-04-11 15:56:08,492 - test_logger - INFO - Finished job execution for partition: 2026-02-21
2026-04-11 15:56:08,492 - test_logger - INFO - Starting job execution for partition: 2026-02-22
2026-04-11 15:56:08 +0100 - dagster - DEBUG - xgboost_integration_job - 5c3893f5-f6bb-4975-9c07-4c996cabd20c - 153746 - RUN_START - Started execution of run for "xgboost_integration_job".
2026-04-11 15:56:08 +0100 - dagster - DEBUG - xgboost_integration_job - 5c3893f5-f6bb-4975-9c07-4c996cabd20c - 153746 - ENGINE_EVENT - Executing steps in process (pid: 153746)
2026-04-11 15:56:08 +0100 - dagster - DEBUG - xgboost_integration_job - 5c3893f5-f6bb-4975-9c07-4c996cabd20c - 153746 - cleaned_actuals - RESOURCE_INIT_STARTED - Starting initialization of resources [io_manager, settings].
2026-04-11 15:56:08 +0100 - dagster - DEBUG - xgboost_integration_job - 5c3893f5-f6bb-4975-9c07-4c996cabd20c - 153746 - cleaned_actuals - RESOURCE_INIT_SUCCESS - Finished initialization of resources [io_manager, settings].
2026-04-11 15:56:08 +0100 - dagster - DEBUG - xgboost_integration_job - 5c3893f5-f6bb-4975-9c07-4c996cabd20c - 153746 - LOGS_CAPTURED - Started capturing logs in process (pid: 153746).
2026-04-11 15:56:08 +0100 - dagster - DEBUG - xgboost_integration_job - 5c3893f5-f6bb-4975-9c07-4c996cabd20c - 153746 - cleaned_actuals - STEP_START - Started execution of step "cleaned_actuals".
2026-04-11 15:56:08 +0100 - dagster - INFO - xgboost_integration_job - 5c3893f5-f6bb-4975-9c07-4c996cabd20c - cleaned_actuals - Cleaning partition: 2026-02-22
2026-04-11 15:56:08 +0100 - dagster - INFO - xgboost_integration_job - 5c3893f5-f6bb-4975-9c07-4c996cabd20c - cleaned_actuals - Materialized data shape before cleaning: (3168, 3)
2026-04-11 15:56:08 +0100 - dagster - INFO - xgboost_integration_job - 5c3893f5-f6bb-4975-9c07-4c996cabd20c - cleaned_actuals - DF after dropping nulls: shape: (77_978, 3)
┌────────────────┬─────────────────────────┬───────┐
│ time_series_id ┆ period_end_time         ┆ power │
│ ---            ┆ ---                     ┆ ---   │
│ i32            ┆ datetime[μs, UTC]       ┆ f32   │
╞════════════════╪═════════════════════════╪═══════╡
│ 11             ┆ 2026-02-21 00:30:00 UTC ┆ 4.703 │
│ 11             ┆ 2026-02-21 00:30:00 UTC ┆ 4.703 │
│ 11             ┆ 2026-02-21 00:30:00 UTC ┆ 4.703 │
│ 11             ┆ 2026-02-21 00:30:00 UTC ┆ 4.703 │
│ 11             ┆ 2026-02-21 00:30:00 UTC ┆ 4.703 │
│ …              ┆ …                       ┆ …     │
│ 13             ┆ 2026-02-22 23:30:00 UTC ┆ 2.775 │
│ 13             ┆ 2026-02-22 23:30:00 UTC ┆ 2.775 │
│ 13             ┆ 2026-02-22 23:30:00 UTC ┆ 2.775 │
│ 13             ┆ 2026-02-22 23:30:00 UTC ┆ 2.775 │
│ 13             ┆ 2026-02-22 23:30:00 UTC ┆ 2.775 │
└────────────────┴─────────────────────────┴───────┘
2026-04-11 15:56:08,535 - dagster.builtin - INFO - xgboost_integration_job - 5c3893f5-f6bb-4975-9c07-4c996cabd20c - cleaned_actuals - DF after dropping nulls: shape: (77_978, 3)
┌────────────────┬─────────────────────────┬───────┐
│ time_series_id ┆ period_end_time         ┆ power │
│ ---            ┆ ---                     ┆ ---   │
│ i32            ┆ datetime[μs, UTC]       ┆ f32   │
╞════════════════╪═════════════════════════╪═══════╡
│ 11             ┆ 2026-02-21 00:30:00 UTC ┆ 4.703 │
│ 11             ┆ 2026-02-21 00:30:00 UTC ┆ 4.703 │
│ 11             ┆ 2026-02-21 00:30:00 UTC ┆ 4.703 │
│ 11             ┆ 2026-02-21 00:30:00 UTC ┆ 4.703 │
│ 11             ┆ 2026-02-21 00:30:00 UTC ┆ 4.703 │
│ …              ┆ …                       ┆ …     │
│ 13             ┆ 2026-02-22 23:30:00 UTC ┆ 2.775 │
│ 13             ┆ 2026-02-22 23:30:00 UTC ┆ 2.775 │
│ 13             ┆ 2026-02-22 23:30:00 UTC ┆ 2.775 │
│ 13             ┆ 2026-02-22 23:30:00 UTC ┆ 2.775 │
│ 13             ┆ 2026-02-22 23:30:00 UTC ┆ 2.775 │
└────────────────┴─────────────────────────┴───────┘
2026-04-11 15:56:08 +0100 - dagster - INFO - xgboost_integration_job - 5c3893f5-f6bb-4975-9c07-4c996cabd20c - cleaned_actuals - Cleaned data shape after cleaning: (77978, 3)
2026-04-11 15:56:08 +0100 - dagster - INFO - xgboost_integration_job - 5c3893f5-f6bb-4975-9c07-4c996cabd20c - cleaned_actuals - Validated data shape: (77978, 3)
2026-04-11 15:56:08 +0100 - dagster - INFO - xgboost_integration_job - 5c3893f5-f6bb-4975-9c07-4c996cabd20c - cleaned_actuals - Filtered cleaned actuals to current partition. Partition range: [2026-02-22 00:00:00+00:00, 2026-02-23 00:00:00+00:00). Data shape: (40367, 3)
2026-04-11 15:56:08 +0100 - dagster - INFO - xgboost_integration_job - 5c3893f5-f6bb-4975-9c07-4c996cabd20c - cleaned_actuals - Saved cleaned actuals to Delta table at data/NGED/delta/cleaned_actuals
2026-04-11 15:56:08 +0100 - dagster - DEBUG - xgboost_integration_job - 5c3893f5-f6bb-4975-9c07-4c996cabd20c - 153746 - cleaned_actuals - STEP_OUTPUT - Yielded output "result" of type "DataFrame". (Type check passed).
2026-04-11 15:56:08 +0100 - dagster - DEBUG - xgboost_integration_job - 5c3893f5-f6bb-4975-9c07-4c996cabd20c - cleaned_actuals - Writing file at: /tmp/pytest-of-jack/pytest-71/test_xgboost_dagster_integrati0/cleaned_actuals/2026-02-22 using CompositeIOManager...
2026-04-11 15:56:08 +0100 - dagster - DEBUG - xgboost_integration_job - 5c3893f5-f6bb-4975-9c07-4c996cabd20c - 153746 - cleaned_actuals - ASSET_MATERIALIZATION - Materialized value cleaned_actuals.
2026-04-11 15:56:08 +0100 - dagster - DEBUG - xgboost_integration_job - 5c3893f5-f6bb-4975-9c07-4c996cabd20c - 153746 - cleaned_actuals - HANDLED_OUTPUT - Handled output "result" using IO manager "io_manager"
2026-04-11 15:56:08 +0100 - dagster - DEBUG - xgboost_integration_job - 5c3893f5-f6bb-4975-9c07-4c996cabd20c - 153746 - cleaned_actuals - STEP_SUCCESS - Finished execution of step "cleaned_actuals" in 145ms.
2026-04-11 15:56:08 +0100 - dagster - DEBUG - xgboost_integration_job - 5c3893f5-f6bb-4975-9c07-4c996cabd20c - 153746 - ENGINE_EVENT - Finished steps in process (pid: 153746) in 149ms
2026-04-11 15:56:08 +0100 - dagster - DEBUG - xgboost_integration_job - 5c3893f5-f6bb-4975-9c07-4c996cabd20c - 153746 - RUN_SUCCESS - Finished execution of run for "xgboost_integration_job".
2026-04-11 15:56:08,653 - test_logger - INFO - Finished job execution for partition: 2026-02-22
2026-04-11 15:56:08,653 - test_logger - INFO - Starting job execution for partition: 2026-02-23
2026-04-11 15:56:08 +0100 - dagster - DEBUG - xgboost_integration_job - be4c1481-8e91-47ee-a9e5-b0d4cd8cf01b - 153746 - RUN_START - Started execution of run for "xgboost_integration_job".
2026-04-11 15:56:08 +0100 - dagster - DEBUG - xgboost_integration_job - be4c1481-8e91-47ee-a9e5-b0d4cd8cf01b - 153746 - ENGINE_EVENT - Executing steps in process (pid: 153746)
2026-04-11 15:56:08 +0100 - dagster - DEBUG - xgboost_integration_job - be4c1481-8e91-47ee-a9e5-b0d4cd8cf01b - 153746 - cleaned_actuals - RESOURCE_INIT_STARTED - Starting initialization of resources [io_manager, settings].
2026-04-11 15:56:08 +0100 - dagster - DEBUG - xgboost_integration_job - be4c1481-8e91-47ee-a9e5-b0d4cd8cf01b - 153746 - cleaned_actuals - RESOURCE_INIT_SUCCESS - Finished initialization of resources [io_manager, settings].
2026-04-11 15:56:08 +0100 - dagster - DEBUG - xgboost_integration_job - be4c1481-8e91-47ee-a9e5-b0d4cd8cf01b - 153746 - LOGS_CAPTURED - Started capturing logs in process (pid: 153746).
2026-04-11 15:56:08 +0100 - dagster - DEBUG - xgboost_integration_job - be4c1481-8e91-47ee-a9e5-b0d4cd8cf01b - 153746 - cleaned_actuals - STEP_START - Started execution of step "cleaned_actuals".
2026-04-11 15:56:08 +0100 - dagster - INFO - xgboost_integration_job - be4c1481-8e91-47ee-a9e5-b0d4cd8cf01b - cleaned_actuals - Cleaning partition: 2026-02-23
2026-04-11 15:56:08 +0100 - dagster - INFO - xgboost_integration_job - be4c1481-8e91-47ee-a9e5-b0d4cd8cf01b - cleaned_actuals - Materialized data shape before cleaning: (3168, 3)
2026-04-11 15:56:08 +0100 - dagster - INFO - xgboost_integration_job - be4c1481-8e91-47ee-a9e5-b0d4cd8cf01b - cleaned_actuals - DF after dropping nulls: shape: (78_785, 3)
┌────────────────┬─────────────────────────┬───────┐
│ time_series_id ┆ period_end_time         ┆ power │
│ ---            ┆ ---                     ┆ ---   │
│ i32            ┆ datetime[μs, UTC]       ┆ f32   │
╞════════════════╪═════════════════════════╪═══════╡
│ 11             ┆ 2026-02-22 00:30:00 UTC ┆ 4.022 │
│ 11             ┆ 2026-02-22 00:30:00 UTC ┆ 4.022 │
│ 11             ┆ 2026-02-22 00:30:00 UTC ┆ 4.022 │
│ 11             ┆ 2026-02-22 00:30:00 UTC ┆ 4.022 │
│ 11             ┆ 2026-02-22 00:30:00 UTC ┆ 4.022 │
│ …              ┆ …                       ┆ …     │
│ 13             ┆ 2026-02-23 23:30:00 UTC ┆ 2.791 │
│ 13             ┆ 2026-02-23 23:30:00 UTC ┆ 2.791 │
│ 13             ┆ 2026-02-23 23:30:00 UTC ┆ 2.791 │
│ 13             ┆ 2026-02-23 23:30:00 UTC ┆ 2.791 │
│ 13             ┆ 2026-02-23 23:30:00 UTC ┆ 2.791 │
└────────────────┴─────────────────────────┴───────┘
2026-04-11 15:56:08,710 - dagster.builtin - INFO - xgboost_integration_job - be4c1481-8e91-47ee-a9e5-b0d4cd8cf01b - cleaned_actuals - DF after dropping nulls: shape: (78_785, 3)
┌────────────────┬─────────────────────────┬───────┐
│ time_series_id ┆ period_end_time         ┆ power │
│ ---            ┆ ---                     ┆ ---   │
│ i32            ┆ datetime[μs, UTC]       ┆ f32   │
╞════════════════╪═════════════════════════╪═══════╡
│ 11             ┆ 2026-02-22 00:30:00 UTC ┆ 4.022 │
│ 11             ┆ 2026-02-22 00:30:00 UTC ┆ 4.022 │
│ 11             ┆ 2026-02-22 00:30:00 UTC ┆ 4.022 │
│ 11             ┆ 2026-02-22 00:30:00 UTC ┆ 4.022 │
│ 11             ┆ 2026-02-22 00:30:00 UTC ┆ 4.022 │
│ …              ┆ …                       ┆ …     │
│ 13             ┆ 2026-02-23 23:30:00 UTC ┆ 2.791 │
│ 13             ┆ 2026-02-23 23:30:00 UTC ┆ 2.791 │
│ 13             ┆ 2026-02-23 23:30:00 UTC ┆ 2.791 │
│ 13             ┆ 2026-02-23 23:30:00 UTC ┆ 2.791 │
│ 13             ┆ 2026-02-23 23:30:00 UTC ┆ 2.791 │
└────────────────┴─────────────────────────┴───────┘
2026-04-11 15:56:08 +0100 - dagster - INFO - xgboost_integration_job - be4c1481-8e91-47ee-a9e5-b0d4cd8cf01b - cleaned_actuals - Cleaned data shape after cleaning: (78785, 3)
2026-04-11 15:56:08 +0100 - dagster - INFO - xgboost_integration_job - be4c1481-8e91-47ee-a9e5-b0d4cd8cf01b - cleaned_actuals - Validated data shape: (78785, 3)
2026-04-11 15:56:08 +0100 - dagster - INFO - xgboost_integration_job - be4c1481-8e91-47ee-a9e5-b0d4cd8cf01b - cleaned_actuals - Filtered cleaned actuals to current partition. Partition range: [2026-02-23 00:00:00+00:00, 2026-02-24 00:00:00+00:00). Data shape: (39544, 3)
2026-04-11 15:56:08 +0100 - dagster - INFO - xgboost_integration_job - be4c1481-8e91-47ee-a9e5-b0d4cd8cf01b - cleaned_actuals - Saved cleaned actuals to Delta table at data/NGED/delta/cleaned_actuals
2026-04-11 15:56:08 +0100 - dagster - DEBUG - xgboost_integration_job - be4c1481-8e91-47ee-a9e5-b0d4cd8cf01b - 153746 - cleaned_actuals - STEP_OUTPUT - Yielded output "result" of type "DataFrame". (Type check passed).
2026-04-11 15:56:08 +0100 - dagster - DEBUG - xgboost_integration_job - be4c1481-8e91-47ee-a9e5-b0d4cd8cf01b - cleaned_actuals - Writing file at: /tmp/pytest-of-jack/pytest-71/test_xgboost_dagster_integrati0/cleaned_actuals/2026-02-23 using CompositeIOManager...
2026-04-11 15:56:08 +0100 - dagster - DEBUG - xgboost_integration_job - be4c1481-8e91-47ee-a9e5-b0d4cd8cf01b - 153746 - cleaned_actuals - ASSET_MATERIALIZATION - Materialized value cleaned_actuals.
[...]
2026-04-11 15:56:14 +0100 - dagster - DEBUG - xgboost_integration_job - 6ea1b353-eb03-4f0f-83b0-2c98957567c1 - cleaned_actuals - Writing file at: /tmp/pytest-of-jack/pytest-71/test_xgboost_dagster_integrati0/cleaned_actuals/2026-03-26 using CompositeIOManager...
2026-04-11 15:56:14 +0100 - dagster - DEBUG - xgboost_integration_job - 6ea1b353-eb03-4f0f-83b0-2c98957567c1 - 153746 - cleaned_actuals - ASSET_MATERIALIZATION - Materialized value cleaned_actuals.
2026-04-11 15:56:14 +0100 - dagster - DEBUG - xgboost_integration_job - 6ea1b353-eb03-4f0f-83b0-2c98957567c1 - 153746 - cleaned_actuals - HANDLED_OUTPUT - Handled output "result" using IO manager "io_manager"
2026-04-11 15:56:14 +0100 - dagster - DEBUG - xgboost_integration_job - 6ea1b353-eb03-4f0f-83b0-2c98957567c1 - 153746 - cleaned_actuals - STEP_SUCCESS - Finished execution of step "cleaned_actuals" in 138ms.
2026-04-11 15:56:14 +0100 - dagster - DEBUG - xgboost_integration_job - 6ea1b353-eb03-4f0f-83b0-2c98957567c1 - 153746 - ENGINE_EVENT - Finished steps in process (pid: 153746) in 141ms
2026-04-11 15:56:14 +0100 - dagster - DEBUG - xgboost_integration_job - 6ea1b353-eb03-4f0f-83b0-2c98957567c1 - 153746 - RUN_SUCCESS - Finished execution of run for "xgboost_integration_job".
2026-04-11 15:56:14,210 - test_logger - INFO - Finished job execution for partition: 2026-03-26
2026-04-11 15:56:14,210 - test_logger - INFO - Starting final job execution for test_end: 2026-03-26
2026-04-11 15:56:14 +0100 - dagster - DEBUG - xgboost_integration_job - 9776452a-fdc5-4f08-8390-11ca4021eb38 - 153746 - RUN_START - Started execution of run for "xgboost_integration_job".
2026-04-11 15:56:14 +0100 - dagster - DEBUG - xgboost_integration_job - 9776452a-fdc5-4f08-8390-11ca4021eb38 - 153746 - ENGINE_EVENT - Executing steps in process (pid: 153746)
2026-04-11 15:56:14 +0100 - dagster - DEBUG - xgboost_integration_job - 9776452a-fdc5-4f08-8390-11ca4021eb38 - 153746 - RESOURCE_INIT_STARTED - Starting initialization of resources [io_manager, settings].
2026-04-11 15:56:14 +0100 - dagster - DEBUG - xgboost_integration_job - 9776452a-fdc5-4f08-8390-11ca4021eb38 - 153746 - RESOURCE_INIT_SUCCESS - Finished initialization of resources [io_manager, settings].
2026-04-11 15:56:14 +0100 - dagster - DEBUG - xgboost_integration_job - 9776452a-fdc5-4f08-8390-11ca4021eb38 - 153746 - LOGS_CAPTURED - Started capturing logs in process (pid: 153746).
2026-04-11 15:56:14 +0100 - dagster - DEBUG - xgboost_integration_job - 9776452a-fdc5-4f08-8390-11ca4021eb38 - 153746 - all_nwp_data - STEP_START - Started execution of step "all_nwp_data".
2026-04-11 15:56:14 +0100 - dagster - DEBUG - xgboost_integration_job - 9776452a-fdc5-4f08-8390-11ca4021eb38 - 153746 - all_nwp_data - STEP_OUTPUT - Yielded output "result" of type "LazyFrame". (Type check passed).
2026-04-11 15:56:14 +0100 - dagster - DEBUG - xgboost_integration_job - 9776452a-fdc5-4f08-8390-11ca4021eb38 - all_nwp_data - Writing file at: /tmp/pytest-of-jack/pytest-71/test_xgboost_dagster_integrati0/all_nwp_data using CompositeIOManager...
2026-04-11 15:56:14 +0100 - dagster - DEBUG - xgboost_integration_job - 9776452a-fdc5-4f08-8390-11ca4021eb38 - 153746 - all_nwp_data - ASSET_MATERIALIZATION - Materialized value all_nwp_data.
2026-04-11 15:56:14 +0100 - dagster - DEBUG - xgboost_integration_job - 9776452a-fdc5-4f08-8390-11ca4021eb38 - 153746 - all_nwp_data - HANDLED_OUTPUT - Handled output "result" using IO manager "io_manager"
2026-04-11 15:56:14 +0100 - dagster - DEBUG - xgboost_integration_job - 9776452a-fdc5-4f08-8390-11ca4021eb38 - 153746 - all_nwp_data - STEP_SUCCESS - Finished execution of step "all_nwp_data" in 5.27ms.
2026-04-11 15:56:14 +0100 - dagster - DEBUG - xgboost_integration_job - 9776452a-fdc5-4f08-8390-11ca4021eb38 - 153746 - cleaned_actuals - STEP_START - Started execution of step "cleaned_actuals".
2026-04-11 15:56:14 +0100 - dagster - INFO - xgboost_integration_job - 9776452a-fdc5-4f08-8390-11ca4021eb38 - cleaned_actuals - Cleaning partition: 2026-03-26
2026-04-11 15:56:14 +0100 - dagster - INFO - xgboost_integration_job - 9776452a-fdc5-4f08-8390-11ca4021eb38 - cleaned_actuals - Materialized data shape before cleaning: (2178, 3)
2026-04-11 15:56:14 +0100 - dagster - INFO - xgboost_integration_job - 9776452a-fdc5-4f08-8390-11ca4021eb38 - cleaned_actuals - DF after dropping nulls: shape: (51_737, 3)
┌────────────────┬─────────────────────────┬───────┐
│ time_series_id ┆ period_end_time         ┆ power │
│ ---            ┆ ---                     ┆ ---   │
│ i32            ┆ datetime[μs, UTC]       ┆ f32   │
╞════════════════╪═════════════════════════╪═══════╡
│ 11             ┆ 2026-03-25 00:30:00 UTC ┆ 5.008 │
│ 11             ┆ 2026-03-25 00:30:00 UTC ┆ 5.008 │
│ 11             ┆ 2026-03-25 00:30:00 UTC ┆ 5.008 │
│ 11             ┆ 2026-03-25 00:30:00 UTC ┆ 5.008 │
│ 11             ┆ 2026-03-25 00:30:00 UTC ┆ 5.008 │
│ …              ┆ …                       ┆ …     │
│ 13             ┆ 2026-03-26 08:30:00 UTC ┆ 2.739 │
│ 13             ┆ 2026-03-26 08:30:00 UTC ┆ 2.739 │
│ 13             ┆ 2026-03-26 08:30:00 UTC ┆ 2.739 │
│ 13             ┆ 2026-03-26 08:30:00 UTC ┆ 2.739 │
│ 13             ┆ 2026-03-26 08:30:00 UTC ┆ 2.739 │
└────────────────┴─────────────────────────┴───────┘
2026-04-11 15:56:14,260 - dagster.builtin - INFO - xgboost_integration_job - 9776452a-fdc5-4f08-8390-11ca4021eb38 - cleaned_actuals - DF after dropping nulls: shape: (51_737, 3)
┌────────────────┬─────────────────────────┬───────┐
│ time_series_id ┆ period_end_time         ┆ power │
│ ---            ┆ ---                     ┆ ---   │
│ i32            ┆ datetime[μs, UTC]       ┆ f32   │
╞════════════════╪═════════════════════════╪═══════╡
│ 11             ┆ 2026-03-25 00:30:00 UTC ┆ 5.008 │
│ 11             ┆ 2026-03-25 00:30:00 UTC ┆ 5.008 │
│ 11             ┆ 2026-03-25 00:30:00 UTC ┆ 5.008 │
│ 11             ┆ 2026-03-25 00:30:00 UTC ┆ 5.008 │
│ 11             ┆ 2026-03-25 00:30:00 UTC ┆ 5.008 │
│ …              ┆ …                       ┆ …     │
│ 13             ┆ 2026-03-26 08:30:00 UTC ┆ 2.739 │
│ 13             ┆ 2026-03-26 08:30:00 UTC ┆ 2.739 │
│ 13             ┆ 2026-03-26 08:30:00 UTC ┆ 2.739 │
│ 13             ┆ 2026-03-26 08:30:00 UTC ┆ 2.739 │
│ 13             ┆ 2026-03-26 08:30:00 UTC ┆ 2.739 │
└────────────────┴─────────────────────────┴───────┘
2026-04-11 15:56:14 +0100 - dagster - INFO - xgboost_integration_job - 9776452a-fdc5-4f08-8390-11ca4021eb38 - cleaned_actuals - Cleaned data shape after cleaning: (51737, 3)
2026-04-11 15:56:14 +0100 - dagster - INFO - xgboost_integration_job - 9776452a-fdc5-4f08-8390-11ca4021eb38 - cleaned_actuals - Validated data shape: (51737, 3)
2026-04-11 15:56:14 +0100 - dagster - INFO - xgboost_integration_job - 9776452a-fdc5-4f08-8390-11ca4021eb38 - cleaned_actuals - Filtered cleaned actuals to current partition. Partition range: [2026-03-26 00:00:00+00:00, 2026-03-27 00:00:00+00:00). Data shape: (13556, 3)
2026-04-11 15:56:14 +0100 - dagster - INFO - xgboost_integration_job - 9776452a-fdc5-4f08-8390-11ca4021eb38 - cleaned_actuals - Saved cleaned actuals to Delta table at data/NGED/delta/cleaned_actuals
2026-04-11 15:56:14 +0100 - dagster - DEBUG - xgboost_integration_job - 9776452a-fdc5-4f08-8390-11ca4021eb38 - 153746 - cleaned_actuals - STEP_OUTPUT - Yielded output "result" of type "DataFrame". (Type check passed).
2026-04-11 15:56:14 +0100 - dagster - DEBUG - xgboost_integration_job - 9776452a-fdc5-4f08-8390-11ca4021eb38 - cleaned_actuals - Writing file at: /tmp/pytest-of-jack/pytest-71/test_xgboost_dagster_integrati0/cleaned_actuals/2026-03-26 using CompositeIOManager...
2026-04-11 15:56:14 +0100 - dagster - DEBUG - xgboost_integration_job - 9776452a-fdc5-4f08-8390-11ca4021eb38 - 153746 - cleaned_actuals - ASSET_MATERIALIZATION - Materialized value cleaned_actuals.
2026-04-11 15:56:14 +0100 - dagster - DEBUG - xgboost_integration_job - 9776452a-fdc5-4f08-8390-11ca4021eb38 - 153746 - cleaned_actuals - HANDLED_OUTPUT - Handled output "result" using IO manager "io_manager"
2026-04-11 15:56:14 +0100 - dagster - DEBUG - xgboost_integration_job - 9776452a-fdc5-4f08-8390-11ca4021eb38 - 153746 - cleaned_actuals - STEP_SUCCESS - Finished execution of step "cleaned_actuals" in 169ms.
2026-04-11 15:56:14 +0100 - dagster - DEBUG - xgboost_integration_job - 9776452a-fdc5-4f08-8390-11ca4021eb38 - 153746 - processed_nwp_data - STEP_START - Started execution of step "processed_nwp_data".
2026-04-11 15:56:14 +0100 - dagster - DEBUG - xgboost_integration_job - 9776452a-fdc5-4f08-8390-11ca4021eb38 - processed_nwp_data - Loading file from: /tmp/pytest-of-jack/pytest-71/test_xgboost_dagster_integrati0/all_nwp_data using CompositeIOManager...
2026-04-11 15:56:14 +0100 - dagster - DEBUG - xgboost_integration_job - 9776452a-fdc5-4f08-8390-11ca4021eb38 - 153746 - processed_nwp_data - LOADED_INPUT - Loaded input "all_nwp_data" using input manager "io_manager", from output "result" of step "all_nwp_data"
2026-04-11 15:56:14 +0100 - dagster - DEBUG - xgboost_integration_job - 9776452a-fdc5-4f08-8390-11ca4021eb38 - 153746 - processed_nwp_data - STEP_INPUT - Got input "all_nwp_data" of type "LazyFrame". (Type check passed).
2026-04-11 15:56:14 +0100 - dagster - INFO - xgboost_integration_job - 9776452a-fdc5-4f08-8390-11ca4021eb38 - processed_nwp_data - processed_nwp_data config: substation_ids=[16, 27, 31, 6] start_date='2026-01-28' end_date='2026-03-26'
2026-04-11 15:56:14 +0100 - dagster - INFO - xgboost_integration_job - 9776452a-fdc5-4f08-8390-11ca4021eb38 - processed_nwp_data - all_nwp_data schema: ['h3_index', 'ensemble_member', 'pressure_surface', 'geopotential_height_500hpa', 'wind_u_10m', 'precipitation_surface', 'wind_u_100m', 'wind_v_10m', 'temperature_2m', 'dew_point_temperature_2m', 'downward_long_wave_radiation_flux_surface', 'downward_short_wave_radiation_flux_surface', 'wind_v_100m', 'pressure_reduced_to_mean_sea_level', 'categorical_precipitation_type_surface', 'init_time', 'valid_time']
2026-04-11 15:56:14 +0100 - dagster - DEBUG - xgboost_integration_job - 9776452a-fdc5-4f08-8390-11ca4021eb38 - 153746 - processed_nwp_data - STEP_OUTPUT - Yielded output "result" of type "LazyFrame". (Type check passed).
2026-04-11 15:56:14 +0100 - dagster - DEBUG - xgboost_integration_job - 9776452a-fdc5-4f08-8390-11ca4021eb38 - processed_nwp_data - Writing file at: /tmp/pytest-of-jack/pytest-71/test_xgboost_dagster_integrati0/processed_nwp_data using CompositeIOManager...
2026-04-11 15:56:14 +0100 - dagster - DEBUG - xgboost_integration_job - 9776452a-fdc5-4f08-8390-11ca4021eb38 - 153746 - processed_nwp_data - ASSET_MATERIALIZATION - Materialized value processed_nwp_data.
2026-04-11 15:56:14 +0100 - dagster - DEBUG - xgboost_integration_job - 9776452a-fdc5-4f08-8390-11ca4021eb38 - 153746 - processed_nwp_data - HANDLED_OUTPUT - Handled output "result" using IO manager "io_manager"
2026-04-11 15:56:14 +0100 - dagster - DEBUG - xgboost_integration_job - 9776452a-fdc5-4f08-8390-11ca4021eb38 - 153746 - processed_nwp_data - STEP_SUCCESS - Finished execution of step "processed_nwp_data" in 16ms.
2026-04-11 15:56:14 +0100 - dagster - DEBUG - xgboost_integration_job - 9776452a-fdc5-4f08-8390-11ca4021eb38 - 153746 - train_xgboost - STEP_START - Started execution of step "train_xgboost".
2026-04-11 15:56:14 +0100 - dagster - DEBUG - xgboost_integration_job - 9776452a-fdc5-4f08-8390-11ca4021eb38 - train_xgboost - Loading file from: /tmp/pytest-of-jack/pytest-71/test_xgboost_dagster_integrati0/processed_nwp_data using CompositeIOManager...
2026-04-11 15:56:14 +0100 - dagster - DEBUG - xgboost_integration_job - 9776452a-fdc5-4f08-8390-11ca4021eb38 - 153746 - train_xgboost - LOADED_INPUT - Loaded input "nwp" using input manager "io_manager", from output "result" of step "processed_nwp_data"
2026-04-11 15:56:14 +0100 - dagster - DEBUG - xgboost_integration_job - 9776452a-fdc5-4f08-8390-11ca4021eb38 - 153746 - train_xgboost - STEP_INPUT - Got input "nwp" of type "LazyFrame". (Type check passed).
2026-04-11 15:56:14 +0100 - dagster - INFO - xgboost_integration_job - 9776452a-fdc5-4f08-8390-11ca4021eb38 - train_xgboost - Reading cleaned actuals from data/NGED/delta/cleaned_actuals
2026-04-11 15:56:14 +0100 - dagster - INFO - xgboost_integration_job - 9776452a-fdc5-4f08-8390-11ca4021eb38 - train_xgboost - Filtered requested substations to 4 healthy ones.
2026-04-11 15:56:14 +0100 - dagster - INFO - xgboost_integration_job - 9776452a-fdc5-4f08-8390-11ca4021eb38 - train_xgboost - time_series_metadata_filtered shape: (4, 14)
2026-04-11 15:56:14 +0100 - dagster - INFO - xgboost_integration_job - 9776452a-fdc5-4f08-8390-11ca4021eb38 - train_xgboost - sub_ids: [16, 27, 31, 6]
2026-04-11 15:56:14,569 - xgboost_forecaster.model - INFO - Starting XGBoost training...
2026-04-11 15:56:14,570 - xgboost_forecaster.model - INFO - Input power_time_series columns: ['time_series_id', 'period_end_time', 'power']
2026-04-11 15:56:14,578 - xgboost_forecaster.model - INFO - power_time_series range: shape: (1, 2)
┌─────────────────────────┬─────────────────────────┐
│ min                     ┆ max                     │
│ ---                     ┆ ---                     │
│ datetime[μs, UTC]       ┆ datetime[μs, UTC]       │
╞═════════════════════════╪═════════════════════════╡
│ 2026-02-11 00:00:00 UTC ┆ 2026-03-11 23:30:00 UTC │
└─────────────────────────┴─────────────────────────┘
2026-04-11 15:56:14,578 - xgboost_forecaster.model - INFO - Input NWP ecmwf_ens_0_25deg columns: ['init_time', 'h3_index', 'ensemble_member', 'valid_time', 'pressure_surface', 'geopotential_height_500hpa', 'precipitation_surface', 'temperature_2m', 'dew_point_temperature_2m', 'downward_long_wave_radiation_flux_surface', 'downward_short_wave_radiation_flux_surface', 'pressure_reduced_to_mean_sea_level', 'categorical_precipitation_type_surface', 'lead_time_hours', 'wind_speed_10m', 'wind_direction_10m', 'wind_speed_100m', 'wind_direction_100m']
2026-04-11 15:56:14,755 - xgboost_forecaster.model - INFO - NWP range: shape: (1, 2)
┌─────────────────────────┬─────────────────────────┐
│ min                     ┆ max                     │
│ ---                     ┆ ---                     │
│ datetime[μs, UTC]       ┆ datetime[μs, UTC]       │
╞═════════════════════════╪═════════════════════════╡
│ 2026-02-16 00:00:00 UTC ┆ 2026-03-11 23:30:00 UTC │
└─────────────────────────┴─────────────────────────┘
2026-04-11 15:56:19,171 - xgboost_forecaster.model - INFO - Collected raw_df shape before dropping nulls: (25737492, 28)
2026-04-11 15:56:19,172 - xgboost_forecaster.model - INFO - Null counts: shape: (1, 28)
┌───────────┬───────────┬───────────┬───────────┬───┬───────────┬───────────┬───────────┬──────────┐
│ wind_spee ┆ lead_time ┆ temperatu ┆ categoric ┆ … ┆ windchill ┆ day_of_ye ┆ pressure_ ┆ hour_cos │
│ d_10m     ┆ _hours    ┆ re_2m_lag ┆ al_precip ┆   ┆ ---       ┆ ar_sin    ┆ reduced_t ┆ ---      │
│ ---       ┆ ---       ┆ _14d      ┆ itation_t ┆   ┆ u32       ┆ ---       ┆ o_mean_se ┆ u32      │
│ u32       ┆ u32       ┆ ---       ┆ ype…      ┆   ┆           ┆ u32       ┆ a_l…      ┆          │
│           ┆           ┆ u32       ┆ ---       ┆   ┆           ┆           ┆ ---       ┆          │
│           ┆           ┆           ┆ u32       ┆   ┆           ┆           ┆ u32       ┆          │
╞═══════════╪═══════════╪═══════════╪═══════════╪═══╪═══════════╪═══════════╪═══════════╪══════════╡
│ 22225     ┆ 22225     ┆ 10098636  ┆ 22225     ┆ … ┆ 22225     ┆ 0         ┆ 22225     ┆ 0        │
└───────────┴───────────┴───────────┴───────────┴───┴───────────┴───────────┴───────────┴──────────┘
2026-04-11 15:56:19,184 - xgboost_forecaster.model - WARNING - Dropped 22225 rows during training due to nulls in critical columns: ['power', 'temperature_2m', 'downward_short_wave_radiation_flux_surface', 'wind_speed_10m']
2026/04/11 15:59:57 WARNING mlflow.models.model: `artifact_path` is deprecated. Please use `name` instead.
2026/04/11 15:59:57 INFO mlflow.utils.uv_utils: Detected uv project: found uv.lock and pyproject.toml in /home/jack/dev/python/nged-substation-forecast
2026/04/11 15:59:57 INFO mlflow.utils.uv_utils: Detected uv project: found uv.lock and pyproject.toml in /home/jack/dev/python/nged-substation-forecast
2026/04/11 15:59:57 INFO mlflow.utils.environment: Detected uv project at /home/jack/dev/python/nged-substation-forecast. Attempting to export requirements via 'uv export'.
2026/04/11 15:59:57 INFO mlflow.utils.uv_utils: Exported 172 dependencies via uv
2026/04/11 15:59:57 INFO mlflow.utils.environment: Successfully exported 172 requirements from uv project. Skipping package capture based inference.
2026/04/11 15:59:57 WARNING mlflow.utils.environment: Failed to resolve installed pip version. ``pip`` will be added to conda.yaml environment spec without a version specifier.
2026-04-11 15:59:57 +0100 - dagster - DEBUG - xgboost_integration_job - 9776452a-fdc5-4f08-8390-11ca4021eb38 - 153746 - train_xgboost - STEP_OUTPUT - Yielded output "result" of type "Any". (Type check passed).
2026-04-11 15:59:57 +0100 - dagster - DEBUG - xgboost_integration_job - 9776452a-fdc5-4f08-8390-11ca4021eb38 - train_xgboost - Writing file at: /tmp/pytest-of-jack/pytest-71/test_xgboost_dagster_integrati0/train_xgboost using CompositeIOManager...
2026-04-11 15:59:57 +0100 - dagster - DEBUG - xgboost_integration_job - 9776452a-fdc5-4f08-8390-11ca4021eb38 - 153746 - train_xgboost - ASSET_MATERIALIZATION - Materialized value train_xgboost.
2026-04-11 15:59:57 +0100 - dagster - DEBUG - xgboost_integration_job - 9776452a-fdc5-4f08-8390-11ca4021eb38 - 153746 - train_xgboost - HANDLED_OUTPUT - Handled output "result" using IO manager "io_manager"
2026-04-11 15:59:57 +0100 - dagster - DEBUG - xgboost_integration_job - 9776452a-fdc5-4f08-8390-11ca4021eb38 - 153746 - train_xgboost - STEP_SUCCESS - Finished execution of step "train_xgboost" in 3m43s.
2026-04-11 15:59:57 +0100 - dagster - DEBUG - xgboost_integration_job - 9776452a-fdc5-4f08-8390-11ca4021eb38 - 153746 - evaluate_xgboost - STEP_START - Started execution of step "evaluate_xgboost".
2026-04-11 15:59:57 +0100 - dagster - DEBUG - xgboost_integration_job - 9776452a-fdc5-4f08-8390-11ca4021eb38 - evaluate_xgboost - Loading file from: /tmp/pytest-of-jack/pytest-71/test_xgboost_dagster_integrati0/train_xgboost using CompositeIOManager...
2026-04-11 15:59:57 +0100 - dagster - DEBUG - xgboost_integration_job - 9776452a-fdc5-4f08-8390-11ca4021eb38 - 153746 - evaluate_xgboost - LOADED_INPUT - Loaded input "model" using input manager "io_manager", from output "result" of step "train_xgboost"
2026-04-11 15:59:57 +0100 - dagster - DEBUG - xgboost_integration_job - 9776452a-fdc5-4f08-8390-11ca4021eb38 - evaluate_xgboost - Loading file from: /tmp/pytest-of-jack/pytest-71/test_xgboost_dagster_integrati0/processed_nwp_data using CompositeIOManager...
2026-04-11 15:59:57 +0100 - dagster - DEBUG - xgboost_integration_job - 9776452a-fdc5-4f08-8390-11ca4021eb38 - 153746 - evaluate_xgboost - LOADED_INPUT - Loaded input "nwp" using input manager "io_manager", from output "result" of step "processed_nwp_data"
2026-04-11 15:59:57 +0100 - dagster - DEBUG - xgboost_integration_job - 9776452a-fdc5-4f08-8390-11ca4021eb38 - 153746 - evaluate_xgboost - STEP_INPUT - Got input "model" of type "XGBoostForecaster". (Type check passed).
2026-04-11 15:59:57 +0100 - dagster - DEBUG - xgboost_integration_job - 9776452a-fdc5-4f08-8390-11ca4021eb38 - 153746 - evaluate_xgboost - STEP_INPUT - Got input "nwp" of type "LazyFrame". (Type check passed).
2026-04-11 15:59:58 +0100 - dagster - INFO - xgboost_integration_job - 9776452a-fdc5-4f08-8390-11ca4021eb38 - evaluate_xgboost - Reading cleaned actuals from data/NGED/delta/cleaned_actuals
2026-04-11 15:59:58 +0100 - dagster - INFO - xgboost_integration_job - 9776452a-fdc5-4f08-8390-11ca4021eb38 - evaluate_xgboost - Filtered requested substations to 4 healthy ones.
