============================= test session starts ==============================
platform linux -- Python 3.14.2, pytest-9.0.3, pluggy-1.6.0
rootdir: /home/jack/dev/python/nged-substation-forecast
configfile: pyproject.toml
plugins: hydra-core-1.3.2, zarr-3.1.6, cov-7.1.0, hypothesis-6.151.12, anyio-4.13.0
collected 1 item

tests/test_xgboost_dagster_integration.py 2026-04-11 16:15:28,398 - test_logger - INFO - Starting test_xgboost_dagster_integration
2026-04-11 16:15:29,264 - test_logger - INFO - min_dt: 2026-01-26 00:00:00+00:00, max_dt: 2026-03-26 08:30:00+00:00
2026-04-11 16:15:29,264 - test_logger - INFO - train_start: 2026-02-11, train_end: 2026-03-11
2026-04-11 16:15:29,264 - test_logger - INFO - nwp_init_time: 2026-03-12
2026-04-11 16:15:29,264 - test_logger - INFO - test_start: 2026-03-12, test_end: 2026-03-26
2026-04-11 16:15:29,264 - test_logger - INFO - Starting job execution for partition: 2026-02-11
2026-04-11 16:15:29 +0100 - dagster - DEBUG - xgboost_integration_job - e773c2e2-f684-4d6a-ad04-55cce28c6525 - 163939 - RUN_START - Started execution of run for "xgboost_integration_job".
2026-04-11 16:15:29 +0100 - dagster - DEBUG - xgboost_integration_job - e773c2e2-f684-4d6a-ad04-55cce28c6525 - 163939 - ENGINE_EVENT - Executing steps in process (pid: 163939)
2026-04-11 16:15:29 +0100 - dagster - DEBUG - xgboost_integration_job - e773c2e2-f684-4d6a-ad04-55cce28c6525 - 163939 - cleaned_actuals - RESOURCE_INIT_STARTED - Starting initialization of resources [io_manager, settings].
2026-04-11 16:15:29 +0100 - dagster - DEBUG - xgboost_integration_job - e773c2e2-f684-4d6a-ad04-55cce28c6525 - 163939 - cleaned_actuals - RESOURCE_INIT_SUCCESS - Finished initialization of resources [io_manager, settings].
2026-04-11 16:15:29 +0100 - dagster - DEBUG - xgboost_integration_job - e773c2e2-f684-4d6a-ad04-55cce28c6525 - 163939 - LOGS_CAPTURED - Started capturing logs in process (pid: 163939).
2026-04-11 16:15:29 +0100 - dagster - DEBUG - xgboost_integration_job - e773c2e2-f684-4d6a-ad04-55cce28c6525 - 163939 - cleaned_actuals - STEP_START - Started execution of step "cleaned_actuals".
2026-04-11 16:15:29 +0100 - dagster - INFO - xgboost_integration_job - e773c2e2-f684-4d6a-ad04-55cce28c6525 - cleaned_actuals - Cleaning partition: 2026-02-11
2026-04-11 16:15:29 +0100 - dagster - INFO - xgboost_integration_job - e773c2e2-f684-4d6a-ad04-55cce28c6525 - cleaned_actuals - Materialized data shape before cleaning: (3168, 3)
2026-04-11 16:15:29 +0100 - dagster - INFO - xgboost_integration_job - e773c2e2-f684-4d6a-ad04-55cce28c6525 - cleaned_actuals - DF after dropping nulls: shape: (75_070, 3)
┌────────────────┬─────────────────────────┬───────┐
│ time_series_id ┆ period_end_time         ┆ power │
│ ---            ┆ ---                     ┆ ---   │
│ i32            ┆ datetime[μs, UTC]       ┆ f32   │
╞════════════════╪═════════════════════════╪═══════╡
│ 11             ┆ 2026-02-10 00:30:00 UTC ┆ 3.956 │
│ 11             ┆ 2026-02-10 00:30:00 UTC ┆ 3.956 │
│ 11             ┆ 2026-02-10 00:30:00 UTC ┆ 3.956 │
│ 11             ┆ 2026-02-10 00:30:00 UTC ┆ 3.956 │
│ 11             ┆ 2026-02-10 00:30:00 UTC ┆ 3.956 │
│ …              ┆ …                       ┆ …     │
│ 13             ┆ 2026-02-11 23:30:00 UTC ┆ 3.079 │
│ 13             ┆ 2026-02-11 23:30:00 UTC ┆ 3.079 │
│ 13             ┆ 2026-02-11 23:30:00 UTC ┆ 3.079 │
│ 13             ┆ 2026-02-11 23:30:00 UTC ┆ 3.079 │
│ 13             ┆ 2026-02-11 23:30:00 UTC ┆ 3.079 │
└────────────────┴─────────────────────────┴───────┘
2026-04-11 16:15:29,370 - dagster.builtin - INFO - xgboost_integration_job - e773c2e2-f684-4d6a-ad04-55cce28c6525 - cleaned_actuals - DF after dropping nulls: shape: (75_070, 3)
┌────────────────┬─────────────────────────┬───────┐
│ time_series_id ┆ period_end_time         ┆ power │
│ ---            ┆ ---                     ┆ ---   │
│ i32            ┆ datetime[μs, UTC]       ┆ f32   │
╞════════════════╪═════════════════════════╪═══════╡
│ 11             ┆ 2026-02-10 00:30:00 UTC ┆ 3.956 │
│ 11             ┆ 2026-02-10 00:30:00 UTC ┆ 3.956 │
│ 11             ┆ 2026-02-10 00:30:00 UTC ┆ 3.956 │
│ 11             ┆ 2026-02-10 00:30:00 UTC ┆ 3.956 │
│ 11             ┆ 2026-02-10 00:30:00 UTC ┆ 3.956 │
│ …              ┆ …                       ┆ …     │
│ 13             ┆ 2026-02-11 23:30:00 UTC ┆ 3.079 │
│ 13             ┆ 2026-02-11 23:30:00 UTC ┆ 3.079 │
│ 13             ┆ 2026-02-11 23:30:00 UTC ┆ 3.079 │
│ 13             ┆ 2026-02-11 23:30:00 UTC ┆ 3.079 │
│ 13             ┆ 2026-02-11 23:30:00 UTC ┆ 3.079 │
└────────────────┴─────────────────────────┴───────┘
2026-04-11 16:15:29 +0100 - dagster - INFO - xgboost_integration_job - e773c2e2-f684-4d6a-ad04-55cce28c6525 - cleaned_actuals - Cleaned data shape after cleaning: (75070, 3)
2026-04-11 16:15:29 +0100 - dagster - INFO - xgboost_integration_job - e773c2e2-f684-4d6a-ad04-55cce28c6525 - cleaned_actuals - Validated data shape: (75070, 3)
2026-04-11 16:15:29 +0100 - dagster - INFO - xgboost_integration_job - e773c2e2-f684-4d6a-ad04-55cce28c6525 - cleaned_actuals - Filtered cleaned actuals to current partition. Partition range: [2026-02-11 00:00:00+00:00, 2026-02-12 00:00:00+00:00). Data shape: (37735, 3)
2026-04-11 16:15:29 +0100 - dagster - INFO - xgboost_integration_job - e773c2e2-f684-4d6a-ad04-55cce28c6525 - cleaned_actuals - Saved cleaned actuals to Delta table at data/NGED/delta/cleaned_actuals
2026-04-11 16:15:29 +0100 - dagster - DEBUG - xgboost_integration_job - e773c2e2-f684-4d6a-ad04-55cce28c6525 - 163939 - cleaned_actuals - STEP_OUTPUT - Yielded output "result" of type "DataFrame". (Type check passed).
2026-04-11 16:15:29 +0100 - dagster - DEBUG - xgboost_integration_job - e773c2e2-f684-4d6a-ad04-55cce28c6525 - cleaned_actuals - Writing file at: /tmp/pytest-of-jack/pytest-72/test_xgboost_dagster_integrati0/cleaned_actuals/2026-02-11 using CompositeIOManager...
2026-04-11 16:15:29 +0100 - dagster - DEBUG - xgboost_integration_job - e773c2e2-f684-4d6a-ad04-55cce28c6525 - 163939 - cleaned_actuals - ASSET_MATERIALIZATION - Materialized value cleaned_actuals.
2026-04-11 16:15:29 +0100 - dagster - DEBUG - xgboost_integration_job - e773c2e2-f684-4d6a-ad04-55cce28c6525 - 163939 - cleaned_actuals - HANDLED_OUTPUT - Handled output "result" using IO manager "io_manager"
2026-04-11 16:15:29 +0100 - dagster - DEBUG - xgboost_integration_job - e773c2e2-f684-4d6a-ad04-55cce28c6525 - 163939 - cleaned_actuals - STEP_SUCCESS - Finished execution of step "cleaned_actuals" in 304ms.
2026-04-11 16:15:29 +0100 - dagster - DEBUG - xgboost_integration_job - e773c2e2-f684-4d6a-ad04-55cce28c6525 - 163939 - ENGINE_EVENT - Finished steps in process (pid: 163939) in 309ms
2026-04-11 16:15:29 +0100 - dagster - DEBUG - xgboost_integration_job - e773c2e2-f684-4d6a-ad04-55cce28c6525 - 163939 - RUN_SUCCESS - Finished execution of run for "xgboost_integration_job".
2026-04-11 16:15:29,601 - test_logger - INFO - Finished job execution for partition: 2026-02-11
2026-04-11 16:15:29,601 - test_logger - INFO - Starting job execution for partition: 2026-02-12
2026-04-11 16:15:29 +0100 - dagster - DEBUG - xgboost_integration_job - 174dc1ee-431c-4de3-9aaf-59438f819423 - 163939 - RUN_START - Started execution of run for "xgboost_integration_job".
2026-04-11 16:15:29 +0100 - dagster - DEBUG - xgboost_integration_job - 174dc1ee-431c-4de3-9aaf-59438f819423 - 163939 - ENGINE_EVENT - Executing steps in process (pid: 163939)
2026-04-11 16:15:29 +0100 - dagster - DEBUG - xgboost_integration_job - 174dc1ee-431c-4de3-9aaf-59438f819423 - 163939 - cleaned_actuals - RESOURCE_INIT_STARTED - Starting initialization of resources [io_manager, settings].
2026-04-11 16:15:29 +0100 - dagster - DEBUG - xgboost_integration_job - 174dc1ee-431c-4de3-9aaf-59438f819423 - 163939 - cleaned_actuals - RESOURCE_INIT_SUCCESS - Finished initialization of resources [io_manager, settings].
2026-04-11 16:15:29 +0100 - dagster - DEBUG - xgboost_integration_job - 174dc1ee-431c-4de3-9aaf-59438f819423 - 163939 - LOGS_CAPTURED - Started capturing logs in process (pid: 163939).
2026-04-11 16:15:29 +0100 - dagster - DEBUG - xgboost_integration_job - 174dc1ee-431c-4de3-9aaf-59438f819423 - 163939 - cleaned_actuals - STEP_START - Started execution of step "cleaned_actuals".
2026-04-11 16:15:29 +0100 - dagster - INFO - xgboost_integration_job - 174dc1ee-431c-4de3-9aaf-59438f819423 - cleaned_actuals - Cleaning partition: 2026-02-12
2026-04-11 16:15:29 +0100 - dagster - INFO - xgboost_integration_job - 174dc1ee-431c-4de3-9aaf-59438f819423 - cleaned_actuals - Materialized data shape before cleaning: (3168, 3)
2026-04-11 16:15:29 +0100 - dagster - INFO - xgboost_integration_job - 174dc1ee-431c-4de3-9aaf-59438f819423 - cleaned_actuals - DF after dropping nulls: shape: (75_063, 3)
┌────────────────┬─────────────────────────┬───────┐
│ time_series_id ┆ period_end_time         ┆ power │
│ ---            ┆ ---                     ┆ ---   │
│ i32            ┆ datetime[μs, UTC]       ┆ f32   │
╞════════════════╪═════════════════════════╪═══════╡
│ 11             ┆ 2026-02-11 00:30:00 UTC ┆ 3.931 │
│ 11             ┆ 2026-02-11 00:30:00 UTC ┆ 3.931 │
│ 11             ┆ 2026-02-11 00:30:00 UTC ┆ 3.931 │
│ 11             ┆ 2026-02-11 00:30:00 UTC ┆ 3.931 │
│ 11             ┆ 2026-02-11 00:30:00 UTC ┆ 3.931 │
│ …              ┆ …                       ┆ …     │
│ 13             ┆ 2026-02-12 23:30:00 UTC ┆ 3.143 │
│ 13             ┆ 2026-02-12 23:30:00 UTC ┆ 3.143 │
│ 13             ┆ 2026-02-12 23:30:00 UTC ┆ 3.143 │
│ 13             ┆ 2026-02-12 23:30:00 UTC ┆ 3.143 │
│ 13             ┆ 2026-02-12 23:30:00 UTC ┆ 3.143 │
└────────────────┴─────────────────────────┴───────┘
2026-04-11 16:15:29,648 - dagster.builtin - INFO - xgboost_integration_job - 174dc1ee-431c-4de3-9aaf-59438f819423 - cleaned_actuals - DF after dropping nulls: shape: (75_063, 3)
┌────────────────┬─────────────────────────┬───────┐
│ time_series_id ┆ period_end_time         ┆ power │
│ ---            ┆ ---                     ┆ ---   │
│ i32            ┆ datetime[μs, UTC]       ┆ f32   │
╞════════════════╪═════════════════════════╪═══════╡
│ 11             ┆ 2026-02-11 00:30:00 UTC ┆ 3.931 │
│ 11             ┆ 2026-02-11 00:30:00 UTC ┆ 3.931 │
│ 11             ┆ 2026-02-11 00:30:00 UTC ┆ 3.931 │
│ 11             ┆ 2026-02-11 00:30:00 UTC ┆ 3.931 │
│ 11             ┆ 2026-02-11 00:30:00 UTC ┆ 3.931 │
│ …              ┆ …                       ┆ …     │
│ 13             ┆ 2026-02-12 23:30:00 UTC ┆ 3.143 │
│ 13             ┆ 2026-02-12 23:30:00 UTC ┆ 3.143 │
│ 13             ┆ 2026-02-12 23:30:00 UTC ┆ 3.143 │
│ 13             ┆ 2026-02-12 23:30:00 UTC ┆ 3.143 │
│ 13             ┆ 2026-02-12 23:30:00 UTC ┆ 3.143 │
└────────────────┴─────────────────────────┴───────┘
2026-04-11 16:15:29 +0100 - dagster - INFO - xgboost_integration_job - 174dc1ee-431c-4de3-9aaf-59438f819423 - cleaned_actuals - Cleaned data shape after cleaning: (75063, 3)
2026-04-11 16:15:29 +0100 - dagster - INFO - xgboost_integration_job - 174dc1ee-431c-4de3-9aaf-59438f819423 - cleaned_actuals - Validated data shape: (75063, 3)
2026-04-11 16:15:29 +0100 - dagster - INFO - xgboost_integration_job - 174dc1ee-431c-4de3-9aaf-59438f819423 - cleaned_actuals - Filtered cleaned actuals to current partition. Partition range: [2026-02-12 00:00:00+00:00, 2026-02-13 00:00:00+00:00). Data shape: (38336, 3)
2026-04-11 16:15:29 +0100 - dagster - INFO - xgboost_integration_job - 174dc1ee-431c-4de3-9aaf-59438f819423 - cleaned_actuals - Saved cleaned actuals to Delta table at data/NGED/delta/cleaned_actuals
2026-04-11 16:15:29 +0100 - dagster - DEBUG - xgboost_integration_job - 174dc1ee-431c-4de3-9aaf-59438f819423 - 163939 - cleaned_actuals - STEP_OUTPUT - Yielded output "result" of type "DataFrame". (Type check passed).
2026-04-11 16:15:29 +0100 - dagster - DEBUG - xgboost_integration_job - 174dc1ee-431c-4de3-9aaf-59438f819423 - cleaned_actuals - Writing file at: /tmp/pytest-of-jack/pytest-72/test_xgboost_dagster_integrati0/cleaned_actuals/2026-02-12 using CompositeIOManager...
2026-04-11 16:15:29 +0100 - dagster - DEBUG - xgboost_integration_job - 174dc1ee-431c-4de3-9aaf-59438f819423 - 163939 - cleaned_actuals - ASSET_MATERIALIZATION - Materialized value cleaned_actuals.
2026-04-11 16:15:29 +0100 - dagster - DEBUG - xgboost_integration_job - 174dc1ee-431c-4de3-9aaf-59438f819423 - 163939 - cleaned_actuals - HANDLED_OUTPUT - Handled output "result" using IO manager "io_manager"
2026-04-11 16:15:29 +0100 - dagster - DEBUG - xgboost_integration_job - 174dc1ee-431c-4de3-9aaf-59438f819423 - 163939 - cleaned_actuals - STEP_SUCCESS - Finished execution of step "cleaned_actuals" in 188ms.
2026-04-11 16:15:29 +0100 - dagster - DEBUG - xgboost_integration_job - 174dc1ee-431c-4de3-9aaf-59438f819423 - 163939 - ENGINE_EVENT - Finished steps in process (pid: 163939) in 192ms
2026-04-11 16:15:29 +0100 - dagster - DEBUG - xgboost_integration_job - 174dc1ee-431c-4de3-9aaf-59438f819423 - 163939 - RUN_SUCCESS - Finished execution of run for "xgboost_integration_job".
2026-04-11 16:15:29,807 - test_logger - INFO - Finished job execution for partition: 2026-02-12
2026-04-11 16:15:29,807 - test_logger - INFO - Starting job execution for partition: 2026-02-13
2026-04-11 16:15:29 +0100 - dagster - DEBUG - xgboost_integration_job - 66f39334-ecbe-4212-a76b-6471b1bb40e7 - 163939 - RUN_START - Started execution of run for "xgboost_integration_job".
2026-04-11 16:15:29 +0100 - dagster - DEBUG - xgboost_integration_job - 66f39334-ecbe-4212-a76b-6471b1bb40e7 - 163939 - ENGINE_EVENT - Executing steps in process (pid: 163939)
2026-04-11 16:15:29 +0100 - dagster - DEBUG - xgboost_integration_job - 66f39334-ecbe-4212-a76b-6471b1bb40e7 - 163939 - cleaned_actuals - RESOURCE_INIT_STARTED - Starting initialization of resources [io_manager, settings].
2026-04-11 16:15:29 +0100 - dagster - DEBUG - xgboost_integration_job - 66f39334-ecbe-4212-a76b-6471b1bb40e7 - 163939 - cleaned_actuals - RESOURCE_INIT_SUCCESS - Finished initialization of resources [io_manager, settings].
2026-04-11 16:15:29 +0100 - dagster - DEBUG - xgboost_integration_job - 66f39334-ecbe-4212-a76b-6471b1bb40e7 - 163939 - LOGS_CAPTURED - Started capturing logs in process (pid: 163939).
2026-04-11 16:15:29 +0100 - dagster - DEBUG - xgboost_integration_job - 66f39334-ecbe-4212-a76b-6471b1bb40e7 - 163939 - cleaned_actuals - STEP_START - Started execution of step "cleaned_actuals".
2026-04-11 16:15:29 +0100 - dagster - INFO - xgboost_integration_job - 66f39334-ecbe-4212-a76b-6471b1bb40e7 - cleaned_actuals - Cleaning partition: 2026-02-13
2026-04-11 16:15:29 +0100 - dagster - INFO - xgboost_integration_job - 66f39334-ecbe-4212-a76b-6471b1bb40e7 - cleaned_actuals - Materialized data shape before cleaning: (3168, 3)
2026-04-11 16:15:29 +0100 - dagster - INFO - xgboost_integration_job - 66f39334-ecbe-4212-a76b-6471b1bb40e7 - cleaned_actuals - DF after dropping nulls: shape: (75_855, 3)
┌────────────────┬─────────────────────────┬───────┐
│ time_series_id ┆ period_end_time         ┆ power │
│ ---            ┆ ---                     ┆ ---   │
│ i32            ┆ datetime[μs, UTC]       ┆ f32   │
╞════════════════╪═════════════════════════╪═══════╡
│ 11             ┆ 2026-02-12 00:30:00 UTC ┆ 3.686 │
│ 11             ┆ 2026-02-12 00:30:00 UTC ┆ 3.686 │
│ 11             ┆ 2026-02-12 00:30:00 UTC ┆ 3.686 │
│ 11             ┆ 2026-02-12 00:30:00 UTC ┆ 3.686 │
│ 11             ┆ 2026-02-12 00:30:00 UTC ┆ 3.686 │
│ …              ┆ …                       ┆ …     │
│ 13             ┆ 2026-02-13 23:30:00 UTC ┆ 3.104 │
│ 13             ┆ 2026-02-13 23:30:00 UTC ┆ 3.104 │
│ 13             ┆ 2026-02-13 23:30:00 UTC ┆ 3.104 │
│ 13             ┆ 2026-02-13 23:30:00 UTC ┆ 3.104 │
│ 13             ┆ 2026-02-13 23:30:00 UTC ┆ 3.104 │
└────────────────┴─────────────────────────┴───────┘
2026-04-11 16:15:29,853 - dagster.builtin - INFO - xgboost_integration_job - 66f39334-ecbe-4212-a76b-6471b1bb40e7 - cleaned_actuals - DF after dropping nulls: shape: (75_855, 3)
┌────────────────┬─────────────────────────┬───────┐
│ time_series_id ┆ period_end_time         ┆ power │
│ ---            ┆ ---                     ┆ ---   │
│ i32            ┆ datetime[μs, UTC]       ┆ f32   │
╞════════════════╪═════════════════════════╪═══════╡
│ 11             ┆ 2026-02-12 00:30:00 UTC ┆ 3.686 │
│ 11             ┆ 2026-02-12 00:30:00 UTC ┆ 3.686 │
│ 11             ┆ 2026-02-12 00:30:00 UTC ┆ 3.686 │
│ 11             ┆ 2026-02-12 00:30:00 UTC ┆ 3.686 │
│ 11             ┆ 2026-02-12 00:30:00 UTC ┆ 3.686 │
│ …              ┆ …                       ┆ …     │
│ 13             ┆ 2026-02-13 23:30:00 UTC ┆ 3.104 │
│ 13             ┆ 2026-02-13 23:30:00 UTC ┆ 3.104 │
│ 13             ┆ 2026-02-13 23:30:00 UTC ┆ 3.104 │
│ 13             ┆ 2026-02-13 23:30:00 UTC ┆ 3.104 │
│ 13             ┆ 2026-02-13 23:30:00 UTC ┆ 3.104 │
└────────────────┴─────────────────────────┴───────┘
2026-04-11 16:15:29 +0100 - dagster - INFO - xgboost_integration_job - 66f39334-ecbe-4212-a76b-6471b1bb40e7 - cleaned_actuals - Cleaned data shape after cleaning: (75855, 3)
2026-04-11 16:15:29 +0100 - dagster - INFO - xgboost_integration_job - 66f39334-ecbe-4212-a76b-6471b1bb40e7 - cleaned_actuals - Validated data shape: (75855, 3)
2026-04-11 16:15:29 +0100 - dagster - INFO - xgboost_integration_job - 66f39334-ecbe-4212-a76b-6471b1bb40e7 - cleaned_actuals - Filtered cleaned actuals to current partition. Partition range: [2026-02-13 00:00:00+00:00, 2026-02-14 00:00:00+00:00). Data shape: (38599, 3)
2026-04-11 16:15:30 +0100 - dagster - INFO - xgboost_integration_job - 66f39334-ecbe-4212-a76b-6471b1bb40e7 - cleaned_actuals - Saved cleaned actuals to Delta table at data/NGED/delta/cleaned_actuals
2026-04-11 16:15:30 +0100 - dagster - DEBUG - xgboost_integration_job - 66f39334-ecbe-4212-a76b-6471b1bb40e7 - 163939 - cleaned_actuals - STEP_OUTPUT - Yielded output "result" of type "DataFrame". (Type check passed).
2026-04-11 16:15:30 +0100 - dagster - DEBUG - xgboost_integration_job - 66f39334-ecbe-4212-a76b-6471b1bb40e7 - cleaned_actuals - Writing file at: /tmp/pytest-of-jack/pytest-72/test_xgboost_dagster_integrati0/cleaned_actuals/2026-02-13 using CompositeIOManager...
2026-04-11 16:15:30 +0100 - dagster - DEBUG - xgboost_integration_job - 66f39334-ecbe-4212-a76b-6471b1bb40e7 - 163939 - cleaned_actuals - ASSET_MATERIALIZATION - Materialized value cleaned_actuals.
2026-04-11 16:15:30 +0100 - dagster - DEBUG - xgboost_integration_job - 66f39334-ecbe-4212-a76b-6471b1bb40e7 - 163939 - cleaned_actuals - HANDLED_OUTPUT - Handled output "result" using IO manager "io_manager"
2026-04-11 16:15:30 +0100 - dagster - DEBUG - xgboost_integration_job - 66f39334-ecbe-4212-a76b-6471b1bb40e7 - 163939 - cleaned_actuals - STEP_SUCCESS - Finished execution of step "cleaned_actuals" in 232ms.
2026-04-11 16:15:30 +0100 - dagster - DEBUG - xgboost_integration_job - 66f39334-ecbe-4212-a76b-6471b1bb40e7 - 163939 - ENGINE_EVENT - Finished steps in process (pid: 163939) in 235ms
2026-04-11 16:15:30 +0100 - dagster - DEBUG - xgboost_integration_job - 66f39334-ecbe-4212-a76b-6471b1bb40e7 - 163939 - RUN_SUCCESS - Finished execution of run for "xgboost_integration_job".
2026-04-11 16:15:30,055 - test_logger - INFO - Finished job execution for partition: 2026-02-13
2026-04-11 16:15:30,055 - test_logger - INFO - Starting job execution for partition: 2026-02-14
2026-04-11 16:15:30 +0100 - dagster - DEBUG - xgboost_integration_job - 0d7b8772-81c9-4fe2-a79a-c23898236763 - 163939 - RUN_START - Started execution of run for "xgboost_integration_job".
2026-04-11 16:15:30 +0100 - dagster - DEBUG - xgboost_integration_job - 0d7b8772-81c9-4fe2-a79a-c23898236763 - 163939 - ENGINE_EVENT - Executing steps in process (pid: 163939)
2026-04-11 16:15:30 +0100 - dagster - DEBUG - xgboost_integration_job - 0d7b8772-81c9-4fe2-a79a-c23898236763 - 163939 - cleaned_actuals - RESOURCE_INIT_STARTED - Starting initialization of resources [io_manager, settings].
2026-04-11 16:15:30 +0100 - dagster - DEBUG - xgboost_integration_job - 0d7b8772-81c9-4fe2-a79a-c23898236763 - 163939 - cleaned_actuals - RESOURCE_INIT_SUCCESS - Finished initialization of resources [io_manager, settings].
2026-04-11 16:15:30 +0100 - dagster - DEBUG - xgboost_integration_job - 0d7b8772-81c9-4fe2-a79a-c23898236763 - 163939 - LOGS_CAPTURED - Started capturing logs in process (pid: 163939).
2026-04-11 16:15:30 +0100 - dagster - DEBUG - xgboost_integration_job - 0d7b8772-81c9-4fe2-a79a-c23898236763 - 163939 - cleaned_actuals - STEP_START - Started execution of step "cleaned_actuals".
2026-04-11 16:15:30 +0100 - dagster - INFO - xgboost_integration_job - 0d7b8772-81c9-4fe2-a79a-c23898236763 - cleaned_actuals - Cleaning partition: 2026-02-14
2026-04-11 16:15:30 +0100 - dagster - INFO - xgboost_integration_job - 0d7b8772-81c9-4fe2-a79a-c23898236763 - cleaned_actuals - Materialized data shape before cleaning: (3168, 3)
2026-04-11 16:15:30 +0100 - dagster - INFO - xgboost_integration_job - 0d7b8772-81c9-4fe2-a79a-c23898236763 - cleaned_actuals - DF after dropping nulls: shape: (76_753, 3)
┌────────────────┬─────────────────────────┬───────┐
│ time_series_id ┆ period_end_time         ┆ power │
│ ---            ┆ ---                     ┆ ---   │
│ i32            ┆ datetime[μs, UTC]       ┆ f32   │
╞════════════════╪═════════════════════════╪═══════╡
│ 11             ┆ 2026-02-13 00:30:00 UTC ┆ 3.921 │
│ 11             ┆ 2026-02-13 00:30:00 UTC ┆ 3.921 │
│ 11             ┆ 2026-02-13 00:30:00 UTC ┆ 3.921 │
│ 11             ┆ 2026-02-13 00:30:00 UTC ┆ 3.921 │
│ 11             ┆ 2026-02-13 00:30:00 UTC ┆ 3.921 │
│ …              ┆ …                       ┆ …     │
│ 13             ┆ 2026-02-14 23:30:00 UTC ┆ 3.058 │
│ 13             ┆ 2026-02-14 23:30:00 UTC ┆ 3.058 │
│ 13             ┆ 2026-02-14 23:30:00 UTC ┆ 3.058 │
│ 13             ┆ 2026-02-14 23:30:00 UTC ┆ 3.058 │
│ 13             ┆ 2026-02-14 23:30:00 UTC ┆ 3.058 │
└────────────────┴─────────────────────────┴───────┘
2026-04-11 16:15:30,100 - dagster.builtin - INFO - xgboost_integration_job - 0d7b8772-81c9-4fe2-a79a-c23898236763 - cleaned_actuals - DF after dropping nulls: shape: (76_753, 3)
┌────────────────┬─────────────────────────┬───────┐
│ time_series_id ┆ period_end_time         ┆ power │
│ ---            ┆ ---                     ┆ ---   │
│ i32            ┆ datetime[μs, UTC]       ┆ f32   │
╞════════════════╪═════════════════════════╪═══════╡
│ 11             ┆ 2026-02-13 00:30:00 UTC ┆ 3.921 │
│ 11             ┆ 2026-02-13 00:30:00 UTC ┆ 3.921 │
│ 11             ┆ 2026-02-13 00:30:00 UTC ┆ 3.921 │
│ 11             ┆ 2026-02-13 00:30:00 UTC ┆ 3.921 │
│ 11             ┆ 2026-02-13 00:30:00 UTC ┆ 3.921 │
│ …              ┆ …                       ┆ …     │
│ 13             ┆ 2026-02-14 23:30:00 UTC ┆ 3.058 │
│ 13             ┆ 2026-02-14 23:30:00 UTC ┆ 3.058 │
│ 13             ┆ 2026-02-14 23:30:00 UTC ┆ 3.058 │
│ 13             ┆ 2026-02-14 23:30:00 UTC ┆ 3.058 │
│ 13             ┆ 2026-02-14 23:30:00 UTC ┆ 3.058 │
└────────────────┴─────────────────────────┴───────┘
2026-04-11 16:15:30 +0100 - dagster - INFO - xgboost_integration_job - 0d7b8772-81c9-4fe2-a79a-c23898236763 - cleaned_actuals - Cleaned data shape after cleaning: (76753, 3)
2026-04-11 16:15:30 +0100 - dagster - INFO - xgboost_integration_job - 0d7b8772-81c9-4fe2-a79a-c23898236763 - cleaned_actuals - Validated data shape: (76753, 3)
2026-04-11 16:15:30 +0100 - dagster - INFO - xgboost_integration_job - 0d7b8772-81c9-4fe2-a79a-c23898236763 - cleaned_actuals - Filtered cleaned actuals to current partition. Partition range: [2026-02-14 00:00:00+00:00, 2026-02-15 00:00:00+00:00). Data shape: (39234, 3)
2026-04-11 16:15:30 +0100 - dagster - INFO - xgboost_integration_job - 0d7b8772-81c9-4fe2-a79a-c23898236763 - cleaned_actuals - Saved cleaned actuals to Delta table at data/NGED/delta/cleaned_actuals
2026-04-11 16:15:30 +0100 - dagster - DEBUG - xgboost_integration_job - 0d7b8772-81c9-4fe2-a79a-c23898236763 - 163939 - cleaned_actuals - STEP_OUTPUT - Yielded output "result" of type "DataFrame". (Type check passed).
2026-04-11 16:15:30 +0100 - dagster - DEBUG - xgboost_integration_job - 0d7b8772-81c9-4fe2-a79a-c23898236763 - cleaned_actuals - Writing file at: /tmp/pytest-of-jack/pytest-72/test_xgboost_dagster_integrati0/cleaned_actuals/2026-02-14 using CompositeIOManager...
2026-04-11 16:15:30 +0100 - dagster - DEBUG - xgboost_integration_job - 0d7b8772-81c9-4fe2-a79a-c23898236763 - 163939 - cleaned_actuals - ASSET_MATERIALIZATION - Materialized value cleaned_actuals.
2026-04-11 16:15:30 +0100 - dagster - DEBUG - xgboost_integration_job - 0d7b8772-81c9-4fe2-a79a-c23898236763 - 163939 - cleaned_actuals - HANDLED_OUTPUT - Handled output "result" using IO manager "io_manager"
2026-04-11 16:15:30 +0100 - dagster - DEBUG - xgboost_integration_job - 0d7b8772-81c9-4fe2-a79a-c23898236763 - 163939 - cleaned_actuals - STEP_SUCCESS - Finished execution of step "cleaned_actuals" in 173ms.
2026-04-11 16:15:30 +0100 - dagster - DEBUG - xgboost_integration_job - 0d7b8772-81c9-4fe2-a79a-c23898236763 - 163939 - ENGINE_EVENT - Finished steps in process (pid: 163939) in 176ms
2026-04-11 16:15:30 +0100 - dagster - DEBUG - xgboost_integration_job - 0d7b8772-81c9-4fe2-a79a-c23898236763 - 163939 - RUN_SUCCESS - Finished execution of run for "xgboost_integration_job".
2026-04-11 16:15:30,243 - test_logger - INFO - Finished job execution for partition: 2026-02-14
2026-04-11 16:15:30,243 - test_logger - INFO - Starting job execution for partition: 2026-02-15
2026-04-11 16:15:30 +0100 - dagster - DEBUG - xgboost_integration_job - 8735fb0f-ad33-4e1a-89e6-62a2424b0faf - 163939 - RUN_START - Started execution of run for "xgboost_integration_job".
2026-04-11 16:15:30 +0100 - dagster - DEBUG - xgboost_integration_job - 8735fb0f-ad33-4e1a-89e6-62a2424b0faf - 163939 - ENGINE_EVENT - Executing steps in process (pid: 163939)
2026-04-11 16:15:30 +0100 - dagster - DEBUG - xgboost_integration_job - 8735fb0f-ad33-4e1a-89e6-62a2424b0faf - 163939 - cleaned_actuals - RESOURCE_INIT_STARTED - Starting initialization of resources [io_manager, settings].
2026-04-11 16:15:30 +0100 - dagster - DEBUG - xgboost_integration_job - 8735fb0f-ad33-4e1a-89e6-62a2424b0faf - 163939 - cleaned_actuals - RESOURCE_INIT_SUCCESS - Finished initialization of resources [io_manager, settings].
2026-04-11 16:15:30 +0100 - dagster - DEBUG - xgboost_integration_job - 8735fb0f-ad33-4e1a-89e6-62a2424b0faf - 163939 - LOGS_CAPTURED - Started capturing logs in process (pid: 163939).
2026-04-11 16:15:30 +0100 - dagster - DEBUG - xgboost_integration_job - 8735fb0f-ad33-4e1a-89e6-62a2424b0faf - 163939 - cleaned_actuals - STEP_START - Started execution of step "cleaned_actuals".
2026-04-11 16:15:30 +0100 - dagster - INFO - xgboost_integration_job - 8735fb0f-ad33-4e1a-89e6-62a2424b0faf - cleaned_actuals - Cleaning partition: 2026-02-15
2026-04-11 16:15:30 +0100 - dagster - INFO - xgboost_integration_job - 8735fb0f-ad33-4e1a-89e6-62a2424b0faf - cleaned_actuals - Materialized data shape before cleaning: (3168, 3)
2026-04-11 16:15:30 +0100 - dagster - INFO - xgboost_integration_job - 8735fb0f-ad33-4e1a-89e6-62a2424b0faf - cleaned_actuals - DF after dropping nulls: shape: (76_165, 3)
┌────────────────┬─────────────────────────┬───────┐
│ time_series_id ┆ period_end_time         ┆ power │
│ ---            ┆ ---                     ┆ ---   │
│ i32            ┆ datetime[μs, UTC]       ┆ f32   │
╞════════════════╪═════════════════════════╪═══════╡
│ 11             ┆ 2026-02-14 00:30:00 UTC ┆ 5.405 │
│ 11             ┆ 2026-02-14 00:30:00 UTC ┆ 5.405 │
│ 11             ┆ 2026-02-14 00:30:00 UTC ┆ 5.405 │
│ 11             ┆ 2026-02-14 00:30:00 UTC ┆ 5.405 │
│ 11             ┆ 2026-02-14 00:30:00 UTC ┆ 5.405 │
│ …              ┆ …                       ┆ …     │
│ 13             ┆ 2026-02-15 23:30:00 UTC ┆ 2.794 │
│ 13             ┆ 2026-02-15 23:30:00 UTC ┆ 2.794 │
│ 13             ┆ 2026-02-15 23:30:00 UTC ┆ 2.794 │
│ 13             ┆ 2026-02-15 23:30:00 UTC ┆ 2.794 │
│ 13             ┆ 2026-02-15 23:30:00 UTC ┆ 2.794 │
└────────────────┴─────────────────────────┴───────┘
2026-04-11 16:15:30,291 - dagster.builtin - INFO - xgboost_integration_job - 8735fb0f-ad33-4e1a-89e6-62a2424b0faf - cleaned_actuals - DF after dropping nulls: shape: (76_165, 3)
┌────────────────┬─────────────────────────┬───────┐
│ time_series_id ┆ period_end_time         ┆ power │
│ ---            ┆ ---                     ┆ ---   │
│ i32            ┆ datetime[μs, UTC]       ┆ f32   │
╞════════════════╪═════════════════════════╪═══════╡
│ 11             ┆ 2026-02-14 00:30:00 UTC ┆ 5.405 │
│ 11             ┆ 2026-02-14 00:30:00 UTC ┆ 5.405 │
│ 11             ┆ 2026-02-14 00:30:00 UTC ┆ 5.405 │
│ 11             ┆ 2026-02-14 00:30:00 UTC ┆ 5.405 │
│ 11             ┆ 2026-02-14 00:30:00 UTC ┆ 5.405 │
│ …              ┆ …                       ┆ …     │
│ 13             ┆ 2026-02-15 23:30:00 UTC ┆ 2.794 │
│ 13             ┆ 2026-02-15 23:30:00 UTC ┆ 2.794 │
│ 13             ┆ 2026-02-15 23:30:00 UTC ┆ 2.794 │
│ 13             ┆ 2026-02-15 23:30:00 UTC ┆ 2.794 │
│ 13             ┆ 2026-02-15 23:30:00 UTC ┆ 2.794 │
└────────────────┴─────────────────────────┴───────┘
2026-04-11 16:15:30 +0100 - dagster - INFO - xgboost_integration_job - 8735fb0f-ad33-4e1a-89e6-62a2424b0faf - cleaned_actuals - Cleaned data shape after cleaning: (76165, 3)
2026-04-11 16:15:30 +0100 - dagster - INFO - xgboost_integration_job - 8735fb0f-ad33-4e1a-89e6-62a2424b0faf - cleaned_actuals - Validated data shape: (76165, 3)
2026-04-11 16:15:30 +0100 - dagster - INFO - xgboost_integration_job - 8735fb0f-ad33-4e1a-89e6-62a2424b0faf - cleaned_actuals - Filtered cleaned actuals to current partition. Partition range: [2026-02-15 00:00:00+00:00, 2026-02-16 00:00:00+00:00). Data shape: (38069, 3)
2026-04-11 16:15:30 +0100 - dagster - INFO - xgboost_integration_job - 8735fb0f-ad33-4e1a-89e6-62a2424b0faf - cleaned_actuals - Saved cleaned actuals to Delta table at data/NGED/delta/cleaned_actuals
2026-04-11 16:15:30 +0100 - dagster - DEBUG - xgboost_integration_job - 8735fb0f-ad33-4e1a-89e6-62a2424b0faf - 163939 - cleaned_actuals - STEP_OUTPUT - Yielded output "result" of type "DataFrame". (Type check passed).
2026-04-11 16:15:30 +0100 - dagster - DEBUG - xgboost_integration_job - 8735fb0f-ad33-4e1a-89e6-62a2424b0faf - cleaned_actuals - Writing file at: /tmp/pytest-of-jack/pytest-72/test_xgboost_dagster_integrati0/cleaned_actuals/2026-02-15 using CompositeIOManager...
2026-04-11 16:15:30 +0100 - dagster - DEBUG - xgboost_integration_job - 8735fb0f-ad33-4e1a-89e6-62a2424b0faf - 163939 - cleaned_actuals - ASSET_MATERIALIZATION - Materialized value cleaned_actuals.
2026-04-11 16:15:30 +0100 - dagster - DEBUG - xgboost_integration_job - 8735fb0f-ad33-4e1a-89e6-62a2424b0faf - 163939 - cleaned_actuals - HANDLED_OUTPUT - Handled output "result" using IO manager "io_manager"
2026-04-11 16:15:30 +0100 - dagster - DEBUG - xgboost_integration_job - 8735fb0f-ad33-4e1a-89e6-62a2424b0faf - 163939 - cleaned_actuals - STEP_SUCCESS - Finished execution of step "cleaned_actuals" in 153ms.
2026-04-11 16:15:30 +0100 - dagster - DEBUG - xgboost_integration_job - 8735fb0f-ad33-4e1a-89e6-62a2424b0faf - 163939 - ENGINE_EVENT - Finished steps in process (pid: 163939) in 156ms
2026-04-11 16:15:30 +0100 - dagster - DEBUG - xgboost_integration_job - 8735fb0f-ad33-4e1a-89e6-62a2424b0faf - 163939 - RUN_SUCCESS - Finished execution of run for "xgboost_integration_job".
2026-04-11 16:15:30,413 - test_logger - INFO - Finished job execution for partition: 2026-02-15
2026-04-11 16:15:30,413 - test_logger - INFO - Starting job execution for partition: 2026-02-16
2026-04-11 16:15:30 +0100 - dagster - DEBUG - xgboost_integration_job - 22955e3c-d3b3-45f0-93ac-681f9323d5ab - 163939 - RUN_START - Started execution of run for "xgboost_integration_job".
2026-04-11 16:15:30 +0100 - dagster - DEBUG - xgboost_integration_job - 22955e3c-d3b3-45f0-93ac-681f9323d5ab - 163939 - ENGINE_EVENT - Executing steps in process (pid: 163939)
2026-04-11 16:15:30 +0100 - dagster - DEBUG - xgboost_integration_job - 22955e3c-d3b3-45f0-93ac-681f9323d5ab - 163939 - cleaned_actuals - RESOURCE_INIT_STARTED - Starting initialization of resources [io_manager, settings].
2026-04-11 16:15:30 +0100 - dagster - DEBUG - xgboost_integration_job - 22955e3c-d3b3-45f0-93ac-681f9323d5ab - 163939 - cleaned_actuals - RESOURCE_INIT_SUCCESS - Finished initialization of resources [io_manager, settings].
2026-04-11 16:15:30 +0100 - dagster - DEBUG - xgboost_integration_job - 22955e3c-d3b3-45f0-93ac-681f9323d5ab - 163939 - LOGS_CAPTURED - Started capturing logs in process (pid: 163939).
2026-04-11 16:15:30 +0100 - dagster - DEBUG - xgboost_integration_job - 22955e3c-d3b3-45f0-93ac-681f9323d5ab - 163939 - cleaned_actuals - STEP_START - Started execution of step "cleaned_actuals".
2026-04-11 16:15:30 +0100 - dagster - INFO - xgboost_integration_job - 22955e3c-d3b3-45f0-93ac-681f9323d5ab - cleaned_actuals - Cleaning partition: 2026-02-16
2026-04-11 16:15:30 +0100 - dagster - INFO - xgboost_integration_job - 22955e3c-d3b3-45f0-93ac-681f9323d5ab - cleaned_actuals - Materialized data shape before cleaning: (3168, 3)
2026-04-11 16:15:30 +0100 - dagster - INFO - xgboost_integration_job - 22955e3c-d3b3-45f0-93ac-681f9323d5ab - cleaned_actuals - DF after dropping nulls: shape: (76_849, 3)
┌────────────────┬─────────────────────────┬───────┐
│ time_series_id ┆ period_end_time         ┆ power │
│ ---            ┆ ---                     ┆ ---   │
│ i32            ┆ datetime[μs, UTC]       ┆ f32   │
╞════════════════╪═════════════════════════╪═══════╡
│ 11             ┆ 2026-02-15 00:30:00 UTC ┆ 4.687 │
│ 11             ┆ 2026-02-15 00:30:00 UTC ┆ 4.687 │
│ 11             ┆ 2026-02-15 00:30:00 UTC ┆ 4.687 │
│ 11             ┆ 2026-02-15 00:30:00 UTC ┆ 4.687 │
│ 11             ┆ 2026-02-15 00:30:00 UTC ┆ 4.687 │
│ …              ┆ …                       ┆ …     │
│ 13             ┆ 2026-02-16 23:30:00 UTC ┆ 3.063 │
│ 13             ┆ 2026-02-16 23:30:00 UTC ┆ 3.063 │
│ 13             ┆ 2026-02-16 23:30:00 UTC ┆ 3.063 │
│ 13             ┆ 2026-02-16 23:30:00 UTC ┆ 3.063 │
│ 13             ┆ 2026-02-16 23:30:00 UTC ┆ 3.063 │
└────────────────┴─────────────────────────┴───────┘
2026-04-11 16:15:30,460 - dagster.builtin - INFO - xgboost_integration_job - 22955e3c-d3b3-45f0-93ac-681f9323d5ab - cleaned_actuals - DF after dropping nulls: shape: (76_849, 3)
┌────────────────┬─────────────────────────┬───────┐
│ time_series_id ┆ period_end_time         ┆ power │
│ ---            ┆ ---                     ┆ ---   │
│ i32            ┆ datetime[μs, UTC]       ┆ f32   │
╞════════════════╪═════════════════════════╪═══════╡
│ 11             ┆ 2026-02-15 00:30:00 UTC ┆ 4.687 │
│ 11             ┆ 2026-02-15 00:30:00 UTC ┆ 4.687 │
│ 11             ┆ 2026-02-15 00:30:00 UTC ┆ 4.687 │
│ 11             ┆ 2026-02-15 00:30:00 UTC ┆ 4.687 │
│ 11             ┆ 2026-02-15 00:30:00 UTC ┆ 4.687 │
│ …              ┆ …                       ┆ …     │
│ 13             ┆ 2026-02-16 23:30:00 UTC ┆ 3.063 │
│ 13             ┆ 2026-02-16 23:30:00 UTC ┆ 3.063 │
│ 13             ┆ 2026-02-16 23:30:00 UTC ┆ 3.063 │
│ 13             ┆ 2026-02-16 23:30:00 UTC ┆ 3.063 │
│ 13             ┆ 2026-02-16 23:30:00 UTC ┆ 3.063 │
└────────────────┴─────────────────────────┴───────┘
2026-04-11 16:15:30 +0100 - dagster - INFO - xgboost_integration_job - 22955e3c-d3b3-45f0-93ac-681f9323d5ab - cleaned_actuals - Cleaned data shape after cleaning: (76849, 3)
2026-04-11 16:15:30 +0100 - dagster - INFO - xgboost_integration_job - 22955e3c-d3b3-45f0-93ac-681f9323d5ab - cleaned_actuals - Validated data shape: (76849, 3)
2026-04-11 16:15:30 +0100 - dagster - INFO - xgboost_integration_job - 22955e3c-d3b3-45f0-93ac-681f9323d5ab - cleaned_actuals - Filtered cleaned actuals to current partition. Partition range: [2026-02-16 00:00:00+00:00, 2026-02-17 00:00:00+00:00). Data shape: (39875, 3)
2026-04-11 16:15:30 +0100 - dagster - INFO - xgboost_integration_job - 22955e3c-d3b3-45f0-93ac-681f9323d5ab - cleaned_actuals - Saved cleaned actuals to Delta table at data/NGED/delta/cleaned_actuals
2026-04-11 16:15:30 +0100 - dagster - DEBUG - xgboost_integration_job - 22955e3c-d3b3-45f0-93ac-681f9323d5ab - 163939 - cleaned_actuals - STEP_OUTPUT - Yielded output "result" of type "DataFrame". (Type check passed).
2026-04-11 16:15:30 +0100 - dagster - DEBUG - xgboost_integration_job - 22955e3c-d3b3-45f0-93ac-681f9323d5ab - cleaned_actuals - Writing file at: /tmp/pytest-of-jack/pytest-72/test_xgboost_dagster_integrati0/cleaned_actuals/2026-02-16 using CompositeIOManager...
2026-04-11 16:15:30 +0100 - dagster - DEBUG - xgboost_integration_job - 22955e3c-d3b3-45f0-93ac-681f9323d5ab - 163939 - cleaned_actuals - ASSET_MATERIALIZATION - Materialized value cleaned_actuals.
2026-04-11 16:15:30 +0100 - dagster - DEBUG - xgboost_integration_job - 22955e3c-d3b3-45f0-93ac-681f9323d5ab - 163939 - cleaned_actuals - HANDLED_OUTPUT - Handled output "result" using IO manager "io_manager"
2026-04-11 16:15:30 +0100 - dagster - DEBUG - xgboost_integration_job - 22955e3c-d3b3-45f0-93ac-681f9323d5ab - 163939 - cleaned_actuals - STEP_SUCCESS - Finished execution of step "cleaned_actuals" in 224ms.
2026-04-11 16:15:30 +0100 - dagster - DEBUG - xgboost_integration_job - 22955e3c-d3b3-45f0-93ac-681f9323d5ab - 163939 - ENGINE_EVENT - Finished steps in process (pid: 163939) in 227ms
2026-04-11 16:15:30 +0100 - dagster - DEBUG - xgboost_integration_job - 22955e3c-d3b3-45f0-93ac-681f9323d5ab - 163939 - RUN_SUCCESS - Finished execution of run for "xgboost_integration_job".
2026-04-11 16:15:30,655 - test_logger - INFO - Finished job execution for partition: 2026-02-16
2026-04-11 16:15:30,655 - test_logger - INFO - Starting job execution for partition: 2026-02-17
2026-04-11 16:15:30 +0100 - dagster - DEBUG - xgboost_integration_job - 389d6a81-4aa3-448d-9efd-cd33492c1b67 - 163939 - RUN_START - Started execution of run for "xgboost_integration_job".
2026-04-11 16:15:30 +0100 - dagster - DEBUG - xgboost_integration_job - 389d6a81-4aa3-448d-9efd-cd33492c1b67 - 163939 - ENGINE_EVENT - Executing steps in process (pid: 163939)
2026-04-11 16:15:30 +0100 - dagster - DEBUG - xgboost_integration_job - 389d6a81-4aa3-448d-9efd-cd33492c1b67 - 163939 - cleaned_actuals - RESOURCE_INIT_STARTED - Starting initialization of resources [io_manager, settings].
2026-04-11 16:15:30 +0100 - dagster - DEBUG - xgboost_integration_job - 389d6a81-4aa3-448d-9efd-cd33492c1b67 - 163939 - cleaned_actuals - RESOURCE_INIT_SUCCESS - Finished initialization of resources [io_manager, settings].
2026-04-11 16:15:30 +0100 - dagster - DEBUG - xgboost_integration_job - 389d6a81-4aa3-448d-9efd-cd33492c1b67 - 163939 - LOGS_CAPTURED - Started capturing logs in process (pid: 163939).
2026-04-11 16:15:30 +0100 - dagster - DEBUG - xgboost_integration_job - 389d6a81-4aa3-448d-9efd-cd33492c1b67 - 163939 - cleaned_actuals - STEP_START - Started execution of step "cleaned_actuals".
2026-04-11 16:15:30 +0100 - dagster - INFO - xgboost_integration_job - 389d6a81-4aa3-448d-9efd-cd33492c1b67 - cleaned_actuals - Cleaning partition: 2026-02-17
2026-04-11 16:15:30 +0100 - dagster - INFO - xgboost_integration_job - 389d6a81-4aa3-448d-9efd-cd33492c1b67 - cleaned_actuals - Materialized data shape before cleaning: (3168, 3)
2026-04-11 16:15:30 +0100 - dagster - INFO - xgboost_integration_job - 389d6a81-4aa3-448d-9efd-cd33492c1b67 - cleaned_actuals - DF after dropping nulls: shape: (77_878, 3)
┌────────────────┬─────────────────────────┬───────┐
│ time_series_id ┆ period_end_time         ┆ power │
│ ---            ┆ ---                     ┆ ---   │
│ i32            ┆ datetime[μs, UTC]       ┆ f32   │
╞════════════════╪═════════════════════════╪═══════╡
│ 11             ┆ 2026-02-16 00:30:00 UTC ┆ 4.936 │
│ 11             ┆ 2026-02-16 00:30:00 UTC ┆ 4.936 │
│ 11             ┆ 2026-02-16 00:30:00 UTC ┆ 4.936 │
│ 11             ┆ 2026-02-16 00:30:00 UTC ┆ 4.936 │
│ 11             ┆ 2026-02-16 00:30:00 UTC ┆ 4.936 │
│ …              ┆ …                       ┆ …     │
│ 13             ┆ 2026-02-17 23:30:00 UTC ┆ 2.973 │
│ 13             ┆ 2026-02-17 23:30:00 UTC ┆ 2.973 │
│ 13             ┆ 2026-02-17 23:30:00 UTC ┆ 2.973 │
│ 13             ┆ 2026-02-17 23:30:00 UTC ┆ 2.973 │
│ 13             ┆ 2026-02-17 23:30:00 UTC ┆ 2.973 │
└────────────────┴─────────────────────────┴───────┘
2026-04-11 16:15:30,705 - dagster.builtin - INFO - xgboost_integration_job - 389d6a81-4aa3-448d-9efd-cd33492c1b67 - cleaned_actuals - DF after dropping nulls: shape: (77_878, 3)
┌────────────────┬─────────────────────────┬───────┐
│ time_series_id ┆ period_end_time         ┆ power │
│ ---            ┆ ---                     ┆ ---   │
│ i32            ┆ datetime[μs, UTC]       ┆ f32   │
╞════════════════╪═════════════════════════╪═══════╡
│ 11             ┆ 2026-02-16 00:30:00 UTC ┆ 4.936 │
│ 11             ┆ 2026-02-16 00:30:00 UTC ┆ 4.936 │
│ 11             ┆ 2026-02-16 00:30:00 UTC ┆ 4.936 │
│ 11             ┆ 2026-02-16 00:30:00 UTC ┆ 4.936 │
│ 11             ┆ 2026-02-16 00:30:00 UTC ┆ 4.936 │
│ …              ┆ …                       ┆ …     │
│ 13             ┆ 2026-02-17 23:30:00 UTC ┆ 2.973 │
│ 13             ┆ 2026-02-17 23:30:00 UTC ┆ 2.973 │
│ 13             ┆ 2026-02-17 23:30:00 UTC ┆ 2.973 │
│ 13             ┆ 2026-02-17 23:30:00 UTC ┆ 2.973 │
│ 13             ┆ 2026-02-17 23:30:00 UTC ┆ 2.973 │
└────────────────┴─────────────────────────┴───────┘
2026-04-11 16:15:30 +0100 - dagster - INFO - xgboost_integration_job - 389d6a81-4aa3-448d-9efd-cd33492c1b67 - cleaned_actuals - Cleaned data shape after cleaning: (77878, 3)
2026-04-11 16:15:30 +0100 - dagster - INFO - xgboost_integration_job - 389d6a81-4aa3-448d-9efd-cd33492c1b67 - cleaned_actuals - Validated data shape: (77878, 3)
2026-04-11 16:15:30 +0100 - dagster - INFO - xgboost_integration_job - 389d6a81-4aa3-448d-9efd-cd33492c1b67 - cleaned_actuals - Filtered cleaned actuals to current partition. Partition range: [2026-02-17 00:00:00+00:00, 2026-02-18 00:00:00+00:00). Data shape: (39107, 3)
2026-04-11 16:15:30 +0100 - dagster - INFO - xgboost_integration_job - 389d6a81-4aa3-448d-9efd-cd33492c1b67 - cleaned_actuals - Saved cleaned actuals to Delta table at data/NGED/delta/cleaned_actuals
2026-04-11 16:15:30 +0100 - dagster - DEBUG - xgboost_integration_job - 389d6a81-4aa3-448d-9efd-cd33492c1b67 - 163939 - cleaned_actuals - STEP_OUTPUT - Yielded output "result" of type "DataFrame". (Type check passed).
2026-04-11 16:15:30 +0100 - dagster - DEBUG - xgboost_integration_job - 389d6a81-4aa3-448d-9efd-cd33492c1b67 - cleaned_actuals - Writing file at: /tmp/pytest-of-jack/pytest-72/test_xgboost_dagster_integrati0/cleaned_actuals/2026-02-17 using CompositeIOManager...
2026-04-11 16:15:30 +0100 - dagster - DEBUG - xgboost_integration_job - 389d6a81-4aa3-448d-9efd-cd33492c1b67 - 163939 - cleaned_actuals - ASSET_MATERIALIZATION - Materialized value cleaned_actuals.
2026-04-11 16:15:30 +0100 - dagster - DEBUG - xgboost_integration_job - 389d6a81-4aa3-448d-9efd-cd33492c1b67 - 163939 - cleaned_actuals - HANDLED_OUTPUT - Handled output "result" using IO manager "io_manager"
2026-04-11 16:15:30 +0100 - dagster - DEBUG - xgboost_integration_job - 389d6a81-4aa3-448d-9efd-cd33492c1b67 - 163939 - cleaned_actuals - STEP_SUCCESS - Finished execution of step "cleaned_actuals" in 199ms.
2026-04-11 16:15:30 +0100 - dagster - DEBUG - xgboost_integration_job - 389d6a81-4aa3-448d-9efd-cd33492c1b67 - 163939 - ENGINE_EVENT - Finished steps in process (pid: 163939) in 202ms
2026-04-11 16:15:30 +0100 - dagster - DEBUG - xgboost_integration_job - 389d6a81-4aa3-448d-9efd-cd33492c1b67 - 163939 - RUN_SUCCESS - Finished execution of run for "xgboost_integration_job".
2026-04-11 16:15:30,871 - test_logger - INFO - Finished job execution for partition: 2026-02-17
2026-04-11 16:15:30,871 - test_logger - INFO - Starting job execution for partition: 2026-02-18
2026-04-11 16:15:30 +0100 - dagster - DEBUG - xgboost_integration_job - 167f82c7-5fae-4dba-9fa0-b6bd2725dd5c - 163939 - RUN_START - Started execution of run for "xgboost_integration_job".
2026-04-11 16:15:30 +0100 - dagster - DEBUG - xgboost_integration_job - 167f82c7-5fae-4dba-9fa0-b6bd2725dd5c - 163939 - ENGINE_EVENT - Executing steps in process (pid: 163939)
2026-04-11 16:15:30 +0100 - dagster - DEBUG - xgboost_integration_job - 167f82c7-5fae-4dba-9fa0-b6bd2725dd5c - 163939 - cleaned_actuals - RESOURCE_INIT_STARTED - Starting initialization of resources [io_manager, settings].
2026-04-11 16:15:30 +0100 - dagster - DEBUG - xgboost_integration_job - 167f82c7-5fae-4dba-9fa0-b6bd2725dd5c - 163939 - cleaned_actuals - RESOURCE_INIT_SUCCESS - Finished initialization of resources [io_manager, settings].
2026-04-11 16:15:30 +0100 - dagster - DEBUG - xgboost_integration_job - 167f82c7-5fae-4dba-9fa0-b6bd2725dd5c - 163939 - LOGS_CAPTURED - Started capturing logs in process (pid: 163939).
2026-04-11 16:15:30 +0100 - dagster - DEBUG - xgboost_integration_job - 167f82c7-5fae-4dba-9fa0-b6bd2725dd5c - 163939 - cleaned_actuals - STEP_START - Started execution of step "cleaned_actuals".
2026-04-11 16:15:30 +0100 - dagster - INFO - xgboost_integration_job - 167f82c7-5fae-4dba-9fa0-b6bd2725dd5c - cleaned_actuals - Cleaning partition: 2026-02-18
2026-04-11 16:15:30 +0100 - dagster - INFO - xgboost_integration_job - 167f82c7-5fae-4dba-9fa0-b6bd2725dd5c - cleaned_actuals - Materialized data shape before cleaning: (3168, 3)
2026-04-11 16:15:30 +0100 - dagster - INFO - xgboost_integration_job - 167f82c7-5fae-4dba-9fa0-b6bd2725dd5c - cleaned_actuals - DF after dropping nulls: shape: (76_983, 3)
┌────────────────┬─────────────────────────┬───────┐
│ time_series_id ┆ period_end_time         ┆ power │
│ ---            ┆ ---                     ┆ ---   │
│ i32            ┆ datetime[μs, UTC]       ┆ f32   │
╞════════════════╪═════════════════════════╪═══════╡
│ 11             ┆ 2026-02-17 00:30:00 UTC ┆ 4.751 │
│ 11             ┆ 2026-02-17 00:30:00 UTC ┆ 4.751 │
│ 11             ┆ 2026-02-17 00:30:00 UTC ┆ 4.751 │
│ 11             ┆ 2026-02-17 00:30:00 UTC ┆ 4.751 │
│ 11             ┆ 2026-02-17 00:30:00 UTC ┆ 4.751 │
│ …              ┆ …                       ┆ …     │
│ 13             ┆ 2026-02-18 23:30:00 UTC ┆ 3.106 │
│ 13             ┆ 2026-02-18 23:30:00 UTC ┆ 3.106 │
│ 13             ┆ 2026-02-18 23:30:00 UTC ┆ 3.106 │
│ 13             ┆ 2026-02-18 23:30:00 UTC ┆ 3.106 │
│ 13             ┆ 2026-02-18 23:30:00 UTC ┆ 3.106 │
└────────────────┴─────────────────────────┴───────┘
2026-04-11 16:15:30,921 - dagster.builtin - INFO - xgboost_integration_job - 167f82c7-5fae-4dba-9fa0-b6bd2725dd5c - cleaned_actuals - DF after dropping nulls: shape: (76_983, 3)
┌────────────────┬─────────────────────────┬───────┐
│ time_series_id ┆ period_end_time         ┆ power │
│ ---            ┆ ---                     ┆ ---   │
│ i32            ┆ datetime[μs, UTC]       ┆ f32   │
╞════════════════╪═════════════════════════╪═══════╡
│ 11             ┆ 2026-02-17 00:30:00 UTC ┆ 4.751 │
│ 11             ┆ 2026-02-17 00:30:00 UTC ┆ 4.751 │
│ 11             ┆ 2026-02-17 00:30:00 UTC ┆ 4.751 │
│ 11             ┆ 2026-02-17 00:30:00 UTC ┆ 4.751 │
│ 11             ┆ 2026-02-17 00:30:00 UTC ┆ 4.751 │
│ …              ┆ …                       ┆ …     │
│ 13             ┆ 2026-02-18 23:30:00 UTC ┆ 3.106 │
│ 13             ┆ 2026-02-18 23:30:00 UTC ┆ 3.106 │
│ 13             ┆ 2026-02-18 23:30:00 UTC ┆ 3.106 │
│ 13             ┆ 2026-02-18 23:30:00 UTC ┆ 3.106 │
│ 13             ┆ 2026-02-18 23:30:00 UTC ┆ 3.106 │
└────────────────┴─────────────────────────┴───────┘
2026-04-11 16:15:30 +0100 - dagster - INFO - xgboost_integration_job - 167f82c7-5fae-4dba-9fa0-b6bd2725dd5c - cleaned_actuals - Cleaned data shape after cleaning: (76983, 3)
2026-04-11 16:15:30 +0100 - dagster - INFO - xgboost_integration_job - 167f82c7-5fae-4dba-9fa0-b6bd2725dd5c - cleaned_actuals - Validated data shape: (76983, 3)
2026-04-11 16:15:30 +0100 - dagster - INFO - xgboost_integration_job - 167f82c7-5fae-4dba-9fa0-b6bd2725dd5c - cleaned_actuals - Filtered cleaned actuals to current partition. Partition range: [2026-02-18 00:00:00+00:00, 2026-02-19 00:00:00+00:00). Data shape: (38984, 3)
2026-04-11 16:15:31 +0100 - dagster - INFO - xgboost_integration_job - 167f82c7-5fae-4dba-9fa0-b6bd2725dd5c - cleaned_actuals - Saved cleaned actuals to Delta table at data/NGED/delta/cleaned_actuals
2026-04-11 16:15:31 +0100 - dagster - DEBUG - xgboost_integration_job - 167f82c7-5fae-4dba-9fa0-b6bd2725dd5c - 163939 - cleaned_actuals - STEP_OUTPUT - Yielded output "result" of type "DataFrame". (Type check passed).
2026-04-11 16:15:31 +0100 - dagster - DEBUG - xgboost_integration_job - 167f82c7-5fae-4dba-9fa0-b6bd2725dd5c - cleaned_actuals - Writing file at: /tmp/pytest-of-jack/pytest-72/test_xgboost_dagster_integrati0/cleaned_actuals/2026-02-18 using CompositeIOManager...
2026-04-11 16:15:31 +0100 - dagster - DEBUG - xgboost_integration_job - 167f82c7-5fae-4dba-9fa0-b6bd2725dd5c - 163939 - cleaned_actuals - ASSET_MATERIALIZATION - Materialized value cleaned_actuals.
2026-04-11 16:15:31 +0100 - dagster - DEBUG - xgboost_integration_job - 167f82c7-5fae-4dba-9fa0-b6bd2725dd5c - 163939 - cleaned_actuals - HANDLED_OUTPUT - Handled output "result" using IO manager "io_manager"
2026-04-11 16:15:31 +0100 - dagster - DEBUG - xgboost_integration_job - 167f82c7-5fae-4dba-9fa0-b6bd2725dd5c - 163939 - cleaned_actuals - STEP_SUCCESS - Finished execution of step "cleaned_actuals" in 318ms.
2026-04-11 16:15:31 +0100 - dagster - DEBUG - xgboost_integration_job - 167f82c7-5fae-4dba-9fa0-b6bd2725dd5c - 163939 - ENGINE_EVENT - Finished steps in process (pid: 163939) in 322ms
2026-04-11 16:15:31 +0100 - dagster - DEBUG - xgboost_integration_job - 167f82c7-5fae-4dba-9fa0-b6bd2725dd5c - 163939 - RUN_SUCCESS - Finished execution of run for "xgboost_integration_job".
2026-04-11 16:15:31,207 - test_logger - INFO - Finished job execution for partition: 2026-02-18
2026-04-11 16:15:31,207 - test_logger - INFO - Starting job execution for partition: 2026-02-19
2026-04-11 16:15:31 +0100 - dagster - DEBUG - xgboost_integration_job - 8a315f6a-c265-490d-a2a8-e000844ca832 - 163939 - RUN_START - Started execution of run for "xgboost_integration_job".
2026-04-11 16:15:31 +0100 - dagster - DEBUG - xgboost_integration_job - 8a315f6a-c265-490d-a2a8-e000844ca832 - 163939 - ENGINE_EVENT - Executing steps in process (pid: 163939)
2026-04-11 16:15:31 +0100 - dagster - DEBUG - xgboost_integration_job - 8a315f6a-c265-490d-a2a8-e000844ca832 - 163939 - cleaned_actuals - RESOURCE_INIT_STARTED - Starting initialization of resources [io_manager, settings].
2026-04-11 16:15:31 +0100 - dagster - DEBUG - xgboost_integration_job - 8a315f6a-c265-490d-a2a8-e000844ca832 - 163939 - cleaned_actuals - RESOURCE_INIT_SUCCESS - Finished initialization of resources [io_manager, settings].
2026-04-11 16:15:31 +0100 - dagster - DEBUG - xgboost_integration_job - 8a315f6a-c265-490d-a2a8-e000844ca832 - 163939 - LOGS_CAPTURED - Started capturing logs in process (pid: 163939).
2026-04-11 16:15:31 +0100 - dagster - DEBUG - xgboost_integration_job - 8a315f6a-c265-490d-a2a8-e000844ca832 - 163939 - cleaned_actuals - STEP_START - Started execution of step "cleaned_actuals".
2026-04-11 16:15:31 +0100 - dagster - INFO - xgboost_integration_job - 8a315f6a-c265-490d-a2a8-e000844ca832 - cleaned_actuals - Cleaning partition: 2026-02-19
2026-04-11 16:15:31 +0100 - dagster - INFO - xgboost_integration_job - 8a315f6a-c265-490d-a2a8-e000844ca832 - cleaned_actuals - Materialized data shape before cleaning: (3168, 3)
2026-04-11 16:15:31 +0100 - dagster - INFO - xgboost_integration_job - 8a315f6a-c265-490d-a2a8-e000844ca832 - cleaned_actuals - DF after dropping nulls: shape: (76_483, 3)
┌────────────────┬─────────────────────────┬───────┐
│ time_series_id ┆ period_end_time         ┆ power │
│ ---            ┆ ---                     ┆ ---   │
│ i32            ┆ datetime[μs, UTC]       ┆ f32   │
╞════════════════╪═════════════════════════╪═══════╡
│ 11             ┆ 2026-02-18 00:30:00 UTC ┆ 4.887 │
│ 11             ┆ 2026-02-18 00:30:00 UTC ┆ 4.887 │
│ 11             ┆ 2026-02-18 00:30:00 UTC ┆ 4.887 │
│ 11             ┆ 2026-02-18 00:30:00 UTC ┆ 4.887 │
│ 11             ┆ 2026-02-18 00:30:00 UTC ┆ 4.887 │
│ …              ┆ …                       ┆ …     │
│ 13             ┆ 2026-02-19 23:30:00 UTC ┆ 3.015 │
│ 13             ┆ 2026-02-19 23:30:00 UTC ┆ 3.015 │
│ 13             ┆ 2026-02-19 23:30:00 UTC ┆ 3.015 │
│ 13             ┆ 2026-02-19 23:30:00 UTC ┆ 3.015 │
│ 13             ┆ 2026-02-19 23:30:00 UTC ┆ 3.015 │
└────────────────┴─────────────────────────┴───────┘
2026-04-11 16:15:31,250 - dagster.builtin - INFO - xgboost_integration_job - 8a315f6a-c265-490d-a2a8-e000844ca832 - cleaned_actuals - DF after dropping nulls: shape: (76_483, 3)
┌────────────────┬─────────────────────────┬───────┐
│ time_series_id ┆ period_end_time         ┆ power │
│ ---            ┆ ---                     ┆ ---   │
│ i32            ┆ datetime[μs, UTC]       ┆ f32   │
╞════════════════╪═════════════════════════╪═══════╡
│ 11             ┆ 2026-02-18 00:30:00 UTC ┆ 4.887 │
│ 11             ┆ 2026-02-18 00:30:00 UTC ┆ 4.887 │
│ 11             ┆ 2026-02-18 00:30:00 UTC ┆ 4.887 │
│ 11             ┆ 2026-02-18 00:30:00 UTC ┆ 4.887 │
│ 11             ┆ 2026-02-18 00:30:00 UTC ┆ 4.887 │
│ …              ┆ …                       ┆ …     │
│ 13             ┆ 2026-02-19 23:30:00 UTC ┆ 3.015 │
│ 13             ┆ 2026-02-19 23:30:00 UTC ┆ 3.015 │
│ 13             ┆ 2026-02-19 23:30:00 UTC ┆ 3.015 │
│ 13             ┆ 2026-02-19 23:30:00 UTC ┆ 3.015 │
│ 13             ┆ 2026-02-19 23:30:00 UTC ┆ 3.015 │
└────────────────┴─────────────────────────┴───────┘
2026-04-11 16:15:31 +0100 - dagster - INFO - xgboost_integration_job - 8a315f6a-c265-490d-a2a8-e000844ca832 - cleaned_actuals - Cleaned data shape after cleaning: (76483, 3)
2026-04-11 16:15:31 +0100 - dagster - INFO - xgboost_integration_job - 8a315f6a-c265-490d-a2a8-e000844ca832 - cleaned_actuals - Validated data shape: (76483, 3)
2026-04-11 16:15:31 +0100 - dagster - INFO - xgboost_integration_job - 8a315f6a-c265-490d-a2a8-e000844ca832 - cleaned_actuals - Filtered cleaned actuals to current partition. Partition range: [2026-02-19 00:00:00+00:00, 2026-02-20 00:00:00+00:00). Data shape: (38525, 3)
2026-04-11 16:15:31 +0100 - dagster - INFO - xgboost_integration_job - 8a315f6a-c265-490d-a2a8-e000844ca832 - cleaned_actuals - Saved cleaned actuals to Delta table at data/NGED/delta/cleaned_actuals
2026-04-11 16:15:31 +0100 - dagster - DEBUG - xgboost_integration_job - 8a315f6a-c265-490d-a2a8-e000844ca832 - 163939 - cleaned_actuals - STEP_OUTPUT - Yielded output "result" of type "DataFrame". (Type check passed).
2026-04-11 16:15:31 +0100 - dagster - DEBUG - xgboost_integration_job - 8a315f6a-c265-490d-a2a8-e000844ca832 - cleaned_actuals - Writing file at: /tmp/pytest-of-jack/pytest-72/test_xgboost_dagster_integrati0/cleaned_actuals/2026-02-19 using CompositeIOManager...
2026-04-11 16:15:31 +0100 - dagster - DEBUG - xgboost_integration_job - 8a315f6a-c265-490d-a2a8-e000844ca832 - 163939 - cleaned_actuals - ASSET_MATERIALIZATION - Materialized value cleaned_actuals.
2026-04-11 16:15:31 +0100 - dagster - DEBUG - xgboost_integration_job - 8a315f6a-c265-490d-a2a8-e000844ca832 - 163939 - cleaned_actuals - HANDLED_OUTPUT - Handled output "result" using IO manager "io_manager"
2026-04-11 16:15:31 +0100 - dagster - DEBUG - xgboost_integration_job - 8a315f6a-c265-490d-a2a8-e000844ca832 - 163939 - cleaned_actuals - STEP_SUCCESS - Finished execution of step "cleaned_actuals" in 117ms.
2026-04-11 16:15:31 +0100 - dagster - DEBUG - xgboost_integration_job - 8a315f6a-c265-490d-a2a8-e000844ca832 - 163939 - ENGINE_EVENT - Finished steps in process (pid: 163939) in 120ms
2026-04-11 16:15:31 +0100 - dagster - DEBUG - xgboost_integration_job - 8a315f6a-c265-490d-a2a8-e000844ca832 - 163939 - RUN_SUCCESS - Finished execution of run for "xgboost_integration_job".
2026-04-11 16:15:31,340 - test_logger - INFO - Finished job execution for partition: 2026-02-19
2026-04-11 16:15:31,340 - test_logger - INFO - Starting job execution for partition: 2026-02-20
2026-04-11 16:15:31 +0100 - dagster - DEBUG - xgboost_integration_job - 8634d4de-1fc8-4704-b9a1-1d2c71eedc62 - 163939 - RUN_START - Started execution of run for "xgboost_integration_job".
2026-04-11 16:15:31 +0100 - dagster - DEBUG - xgboost_integration_job - 8634d4de-1fc8-4704-b9a1-1d2c71eedc62 - 163939 - ENGINE_EVENT - Executing steps in process (pid: 163939)
2026-04-11 16:15:31 +0100 - dagster - DEBUG - xgboost_integration_job - 8634d4de-1fc8-4704-b9a1-1d2c71eedc62 - 163939 - cleaned_actuals - RESOURCE_INIT_STARTED - Starting initialization of resources [io_manager, settings].
2026-04-11 16:15:31 +0100 - dagster - DEBUG - xgboost_integration_job - 8634d4de-1fc8-4704-b9a1-1d2c71eedc62 - 163939 - cleaned_actuals - RESOURCE_INIT_SUCCESS - Finished initialization of resources [io_manager, settings].
2026-04-11 16:15:31 +0100 - dagster - DEBUG - xgboost_integration_job - 8634d4de-1fc8-4704-b9a1-1d2c71eedc62 - 163939 - LOGS_CAPTURED - Started capturing logs in process (pid: 163939).
2026-04-11 16:15:31 +0100 - dagster - DEBUG - xgboost_integration_job - 8634d4de-1fc8-4704-b9a1-1d2c71eedc62 - 163939 - cleaned_actuals - STEP_START - Started execution of step "cleaned_actuals".
2026-04-11 16:15:31 +0100 - dagster - INFO - xgboost_integration_job - 8634d4de-1fc8-4704-b9a1-1d2c71eedc62 - cleaned_actuals - Cleaning partition: 2026-02-20
2026-04-11 16:15:31 +0100 - dagster - INFO - xgboost_integration_job - 8634d4de-1fc8-4704-b9a1-1d2c71eedc62 - cleaned_actuals - Materialized data shape before cleaning: (3168, 3)
2026-04-11 16:15:31 +0100 - dagster - INFO - xgboost_integration_job - 8634d4de-1fc8-4704-b9a1-1d2c71eedc62 - cleaned_actuals - DF after dropping nulls: shape: (76_504, 3)
┌────────────────┬─────────────────────────┬───────┐
│ time_series_id ┆ period_end_time         ┆ power │
│ ---            ┆ ---                     ┆ ---   │
│ i32            ┆ datetime[μs, UTC]       ┆ f32   │
╞════════════════╪═════════════════════════╪═══════╡
│ 11             ┆ 2026-02-19 00:30:00 UTC ┆ 5.109 │
│ 11             ┆ 2026-02-19 00:30:00 UTC ┆ 5.109 │
│ 11             ┆ 2026-02-19 00:30:00 UTC ┆ 5.109 │
│ 11             ┆ 2026-02-19 00:30:00 UTC ┆ 5.109 │
│ 11             ┆ 2026-02-19 00:30:00 UTC ┆ 5.109 │
│ …              ┆ …                       ┆ …     │
│ 13             ┆ 2026-02-20 23:30:00 UTC ┆ 3.156 │
│ 13             ┆ 2026-02-20 23:30:00 UTC ┆ 3.156 │
│ 13             ┆ 2026-02-20 23:30:00 UTC ┆ 3.156 │
│ 13             ┆ 2026-02-20 23:30:00 UTC ┆ 3.156 │
│ 13             ┆ 2026-02-20 23:30:00 UTC ┆ 3.156 │
└────────────────┴─────────────────────────┴───────┘
2026-04-11 16:15:31,381 - dagster.builtin - INFO - xgboost_integration_job - 8634d4de-1fc8-4704-b9a1-1d2c71eedc62 - cleaned_actuals - DF after dropping nulls: shape: (76_504, 3)
┌────────────────┬─────────────────────────┬───────┐
│ time_series_id ┆ period_end_time         ┆ power │
│ ---            ┆ ---                     ┆ ---   │
│ i32            ┆ datetime[μs, UTC]       ┆ f32   │
╞════════════════╪═════════════════════════╪═══════╡
│ 11             ┆ 2026-02-19 00:30:00 UTC ┆ 5.109 │
│ 11             ┆ 2026-02-19 00:30:00 UTC ┆ 5.109 │
│ 11             ┆ 2026-02-19 00:30:00 UTC ┆ 5.109 │
│ 11             ┆ 2026-02-19 00:30:00 UTC ┆ 5.109 │
│ 11             ┆ 2026-02-19 00:30:00 UTC ┆ 5.109 │
│ …              ┆ …                       ┆ …     │
│ 13             ┆ 2026-02-20 23:30:00 UTC ┆ 3.156 │
│ 13             ┆ 2026-02-20 23:30:00 UTC ┆ 3.156 │
│ 13             ┆ 2026-02-20 23:30:00 UTC ┆ 3.156 │
│ 13             ┆ 2026-02-20 23:30:00 UTC ┆ 3.156 │
│ 13             ┆ 2026-02-20 23:30:00 UTC ┆ 3.156 │
└────────────────┴─────────────────────────┴───────┘
2026-04-11 16:15:31 +0100 - dagster - INFO - xgboost_integration_job - 8634d4de-1fc8-4704-b9a1-1d2c71eedc62 - cleaned_actuals - Cleaned data shape after cleaning: (76504, 3)
2026-04-11 16:15:31 +0100 - dagster - INFO - xgboost_integration_job - 8634d4de-1fc8-4704-b9a1-1d2c71eedc62 - cleaned_actuals - Validated data shape: (76504, 3)
2026-04-11 16:15:31 +0100 - dagster - INFO - xgboost_integration_job - 8634d4de-1fc8-4704-b9a1-1d2c71eedc62 - cleaned_actuals - Filtered cleaned actuals to current partition. Partition range: [2026-02-20 00:00:00+00:00, 2026-02-21 00:00:00+00:00). Data shape: (39086, 3)
2026-04-11 16:15:31 +0100 - dagster - INFO - xgboost_integration_job - 8634d4de-1fc8-4704-b9a1-1d2c71eedc62 - cleaned_actuals - Saved cleaned actuals to Delta table at data/NGED/delta/cleaned_actuals
2026-04-11 16:15:31 +0100 - dagster - DEBUG - xgboost_integration_job - 8634d4de-1fc8-4704-b9a1-1d2c71eedc62 - 163939 - cleaned_actuals - STEP_OUTPUT - Yielded output "result" of type "DataFrame". (Type check passed).
2026-04-11 16:15:31 +0100 - dagster - DEBUG - xgboost_integration_job - 8634d4de-1fc8-4704-b9a1-1d2c71eedc62 - cleaned_actuals - Writing file at: /tmp/pytest-of-jack/pytest-72/test_xgboost_dagster_integrati0/cleaned_actuals/2026-02-20 using CompositeIOManager...
2026-04-11 16:15:31 +0100 - dagster - DEBUG - xgboost_integration_job - 8634d4de-1fc8-4704-b9a1-1d2c71eedc62 - 163939 - cleaned_actuals - ASSET_MATERIALIZATION - Materialized value cleaned_actuals.
2026-04-11 16:15:31 +0100 - dagster - DEBUG - xgboost_integration_job - 8634d4de-1fc8-4704-b9a1-1d2c71eedc62 - 163939 - cleaned_actuals - HANDLED_OUTPUT - Handled output "result" using IO manager "io_manager"
2026-04-11 16:15:31 +0100 - dagster - DEBUG - xgboost_integration_job - 8634d4de-1fc8-4704-b9a1-1d2c71eedc62 - 163939 - cleaned_actuals - STEP_SUCCESS - Finished execution of step "cleaned_actuals" in 125ms.
2026-04-11 16:15:31 +0100 - dagster - DEBUG - xgboost_integration_job - 8634d4de-1fc8-4704-b9a1-1d2c71eedc62 - 163939 - ENGINE_EVENT - Finished steps in process (pid: 163939) in 128ms
2026-04-11 16:15:31 +0100 - dagster - DEBUG - xgboost_integration_job - 8634d4de-1fc8-4704-b9a1-1d2c71eedc62 - 163939 - RUN_SUCCESS - Finished execution of run for "xgboost_integration_job".
2026-04-11 16:15:31,481 - test_logger - INFO - Finished job execution for partition: 2026-02-20
2026-04-11 16:15:31,481 - test_logger - INFO - Starting job execution for partition: 2026-02-21
2026-04-11 16:15:31 +0100 - dagster - DEBUG - xgboost_integration_job - 4bd1c959-61f7-4a50-82aa-ede377d83a17 - 163939 - RUN_START - Started execution of run for "xgboost_integration_job".
2026-04-11 16:15:31 +0100 - dagster - DEBUG - xgboost_integration_job - 4bd1c959-61f7-4a50-82aa-ede377d83a17 - 163939 - ENGINE_EVENT - Executing steps in process (pid: 163939)
2026-04-11 16:15:31 +0100 - dagster - DEBUG - xgboost_integration_job - 4bd1c959-61f7-4a50-82aa-ede377d83a17 - 163939 - cleaned_actuals - RESOURCE_INIT_STARTED - Starting initialization of resources [io_manager, settings].
2026-04-11 16:15:31 +0100 - dagster - DEBUG - xgboost_integration_job - 4bd1c959-61f7-4a50-82aa-ede377d83a17 - 163939 - cleaned_actuals - RESOURCE_INIT_SUCCESS - Finished initialization of resources [io_manager, settings].
2026-04-11 16:15:31 +0100 - dagster - DEBUG - xgboost_integration_job - 4bd1c959-61f7-4a50-82aa-ede377d83a17 - 163939 - LOGS_CAPTURED - Started capturing logs in process (pid: 163939).
2026-04-11 16:15:31 +0100 - dagster - DEBUG - xgboost_integration_job - 4bd1c959-61f7-4a50-82aa-ede377d83a17 - 163939 - cleaned_actuals - STEP_START - Started execution of step "cleaned_actuals".
2026-04-11 16:15:31 +0100 - dagster - INFO - xgboost_integration_job - 4bd1c959-61f7-4a50-82aa-ede377d83a17 - cleaned_actuals - Cleaning partition: 2026-02-21
2026-04-11 16:15:31 +0100 - dagster - INFO - xgboost_integration_job - 4bd1c959-61f7-4a50-82aa-ede377d83a17 - cleaned_actuals - Materialized data shape before cleaning: (3168, 3)
2026-04-11 16:15:31 +0100 - dagster - INFO - xgboost_integration_job - 4bd1c959-61f7-4a50-82aa-ede377d83a17 - cleaned_actuals - DF after dropping nulls: shape: (76_825, 3)
┌────────────────┬─────────────────────────┬───────┐
│ time_series_id ┆ period_end_time         ┆ power │
│ ---            ┆ ---                     ┆ ---   │
│ i32            ┆ datetime[μs, UTC]       ┆ f32   │
╞════════════════╪═════════════════════════╪═══════╡
│ 11             ┆ 2026-02-20 00:30:00 UTC ┆ 4.665 │
│ 11             ┆ 2026-02-20 00:30:00 UTC ┆ 4.665 │
│ 11             ┆ 2026-02-20 00:30:00 UTC ┆ 4.665 │
│ 11             ┆ 2026-02-20 00:30:00 UTC ┆ 4.665 │
│ 11             ┆ 2026-02-20 00:30:00 UTC ┆ 4.665 │
│ …              ┆ …                       ┆ …     │
│ 13             ┆ 2026-02-21 23:30:00 UTC ┆ 3.101 │
│ 13             ┆ 2026-02-21 23:30:00 UTC ┆ 3.101 │
│ 13             ┆ 2026-02-21 23:30:00 UTC ┆ 3.101 │
│ 13             ┆ 2026-02-21 23:30:00 UTC ┆ 3.101 │
│ 13             ┆ 2026-02-21 23:30:00 UTC ┆ 3.101 │
└────────────────┴─────────────────────────┴───────┘
2026-04-11 16:15:31,525 - dagster.builtin - INFO - xgboost_integration_job - 4bd1c959-61f7-4a50-82aa-ede377d83a17 - cleaned_actuals - DF after dropping nulls: shape: (76_825, 3)
┌────────────────┬─────────────────────────┬───────┐
│ time_series_id ┆ period_end_time         ┆ power │
│ ---            ┆ ---                     ┆ ---   │
│ i32            ┆ datetime[μs, UTC]       ┆ f32   │
╞════════════════╪═════════════════════════╪═══════╡
│ 11             ┆ 2026-02-20 00:30:00 UTC ┆ 4.665 │
│ 11             ┆ 2026-02-20 00:30:00 UTC ┆ 4.665 │
│ 11             ┆ 2026-02-20 00:30:00 UTC ┆ 4.665 │
│ 11             ┆ 2026-02-20 00:30:00 UTC ┆ 4.665 │
│ 11             ┆ 2026-02-20 00:30:00 UTC ┆ 4.665 │
│ …              ┆ …                       ┆ …     │
│ 13             ┆ 2026-02-21 23:30:00 UTC ┆ 3.101 │
│ 13             ┆ 2026-02-21 23:30:00 UTC ┆ 3.101 │
│ 13             ┆ 2026-02-21 23:30:00 UTC ┆ 3.101 │
│ 13             ┆ 2026-02-21 23:30:00 UTC ┆ 3.101 │
│ 13             ┆ 2026-02-21 23:30:00 UTC ┆ 3.101 │
└────────────────┴─────────────────────────┴───────┘
2026-04-11 16:15:31 +0100 - dagster - INFO - xgboost_integration_job - 4bd1c959-61f7-4a50-82aa-ede377d83a17 - cleaned_actuals - Cleaned data shape after cleaning: (76825, 3)
2026-04-11 16:15:31 +0100 - dagster - INFO - xgboost_integration_job - 4bd1c959-61f7-4a50-82aa-ede377d83a17 - cleaned_actuals - Validated data shape: (76825, 3)
2026-04-11 16:15:31 +0100 - dagster - INFO - xgboost_integration_job - 4bd1c959-61f7-4a50-82aa-ede377d83a17 - cleaned_actuals - Filtered cleaned actuals to current partition. Partition range: [2026-02-21 00:00:00+00:00, 2026-02-22 00:00:00+00:00). Data shape: (38735, 3)
2026-04-11 16:15:31 +0100 - dagster - INFO - xgboost_integration_job - 4bd1c959-61f7-4a50-82aa-ede377d83a17 - cleaned_actuals - Saved cleaned actuals to Delta table at data/NGED/delta/cleaned_actuals
2026-04-11 16:15:31 +0100 - dagster - DEBUG - xgboost_integration_job - 4bd1c959-61f7-4a50-82aa-ede377d83a17 - 163939 - cleaned_actuals - STEP_OUTPUT - Yielded output "result" of type "DataFrame". (Type check passed).
2026-04-11 16:15:31 +0100 - dagster - DEBUG - xgboost_integration_job - 4bd1c959-61f7-4a50-82aa-ede377d83a17 - cleaned_actuals - Writing file at: /tmp/pytest-of-jack/pytest-72/test_xgboost_dagster_integrati0/cleaned_actuals/2026-02-21 using CompositeIOManager...
2026-04-11 16:15:31 +0100 - dagster - DEBUG - xgboost_integration_job - 4bd1c959-61f7-4a50-82aa-ede377d83a17 - 163939 - cleaned_actuals - ASSET_MATERIALIZATION - Materialized value cleaned_actuals.
2026-04-11 16:15:31 +0100 - dagster - DEBUG - xgboost_integration_job - 4bd1c959-61f7-4a50-82aa-ede377d83a17 - 163939 - cleaned_actuals - HANDLED_OUTPUT - Handled output "result" using IO manager "io_manager"
2026-04-11 16:15:31 +0100 - dagster - DEBUG - xgboost_integration_job - 4bd1c959-61f7-4a50-82aa-ede377d83a17 - 163939 - cleaned_actuals - STEP_SUCCESS - Finished execution of step "cleaned_actuals" in 140ms.
2026-04-11 16:15:31 +0100 - dagster - DEBUG - xgboost_integration_job - 4bd1c959-61f7-4a50-82aa-ede377d83a17 - 163939 - ENGINE_EVENT - Finished steps in process (pid: 163939) in 144ms
2026-04-11 16:15:31 +0100 - dagster - DEBUG - xgboost_integration_job - 4bd1c959-61f7-4a50-82aa-ede377d83a17 - 163939 - RUN_SUCCESS - Finished execution of run for "xgboost_integration_job".
2026-04-11 16:15:31,637 - test_logger - INFO - Finished job execution for partition: 2026-02-21
2026-04-11 16:15:31,637 - test_logger - INFO - Starting job execution for partition: 2026-02-22
2026-04-11 16:15:31 +0100 - dagster - DEBUG - xgboost_integration_job - dbea3be9-19d5-4b68-bc91-ec580f3f4a0a - 163939 - RUN_START - Started execution of run for "xgboost_integration_job".
2026-04-11 16:15:31 +0100 - dagster - DEBUG - xgboost_integration_job - dbea3be9-19d5-4b68-bc91-ec580f3f4a0a - 163939 - ENGINE_EVENT - Executing steps in process (pid: 163939)
2026-04-11 16:15:31 +0100 - dagster - DEBUG - xgboost_integration_job - dbea3be9-19d5-4b68-bc91-ec580f3f4a0a - 163939 - cleaned_actuals - RESOURCE_INIT_STARTED - Starting initialization of resources [io_manager, settings].
2026-04-11 16:15:31 +0100 - dagster - DEBUG - xgboost_integration_job - dbea3be9-19d5-4b68-bc91-ec580f3f4a0a - 163939 - cleaned_actuals - RESOURCE_INIT_SUCCESS - Finished initialization of resources [io_manager, settings].
2026-04-11 16:15:31 +0100 - dagster - DEBUG - xgboost_integration_job - dbea3be9-19d5-4b68-bc91-ec580f3f4a0a - 163939 - LOGS_CAPTURED - Started capturing logs in process (pid: 163939).
2026-04-11 16:15:31 +0100 - dagster - DEBUG - xgboost_integration_job - dbea3be9-19d5-4b68-bc91-ec580f3f4a0a - 163939 - cleaned_actuals - STEP_START - Started execution of step "cleaned_actuals".
2026-04-11 16:15:31 +0100 - dagster - INFO - xgboost_integration_job - dbea3be9-19d5-4b68-bc91-ec580f3f4a0a - cleaned_actuals - Cleaning partition: 2026-02-22
2026-04-11 16:15:31 +0100 - dagster - INFO - xgboost_integration_job - dbea3be9-19d5-4b68-bc91-ec580f3f4a0a - cleaned_actuals - Materialized data shape before cleaning: (3168, 3)
2026-04-11 16:15:31 +0100 - dagster - INFO - xgboost_integration_job - dbea3be9-19d5-4b68-bc91-ec580f3f4a0a - cleaned_actuals - DF after dropping nulls: shape: (77_978, 3)
┌────────────────┬─────────────────────────┬───────┐
│ time_series_id ┆ period_end_time         ┆ power │
│ ---            ┆ ---                     ┆ ---   │
│ i32            ┆ datetime[μs, UTC]       ┆ f32   │
╞════════════════╪═════════════════════════╪═══════╡
│ 11             ┆ 2026-02-21 00:30:00 UTC ┆ 4.703 │
│ 11             ┆ 2026-02-21 00:30:00 UTC ┆ 4.703 │
│ 11             ┆ 2026-02-21 00:30:00 UTC ┆ 4.703 │
│ 11             ┆ 2026-02-21 00:30:00 UTC ┆ 4.703 │
│ 11             ┆ 2026-02-21 00:30:00 UTC ┆ 4.703 │
│ …              ┆ …                       ┆ …     │
│ 13             ┆ 2026-02-22 23:30:00 UTC ┆ 2.775 │
│ 13             ┆ 2026-02-22 23:30:00 UTC ┆ 2.775 │
│ 13             ┆ 2026-02-22 23:30:00 UTC ┆ 2.775 │
│ 13             ┆ 2026-02-22 23:30:00 UTC ┆ 2.775 │
│ 13             ┆ 2026-02-22 23:30:00 UTC ┆ 2.775 │
└────────────────┴─────────────────────────┴───────┘
2026-04-11 16:15:31,687 - dagster.builtin - INFO - xgboost_integration_job - dbea3be9-19d5-4b68-bc91-ec580f3f4a0a - cleaned_actuals - DF after dropping nulls: shape: (77_978, 3)
┌────────────────┬─────────────────────────┬───────┐
│ time_series_id ┆ period_end_time         ┆ power │
│ ---            ┆ ---                     ┆ ---   │
│ i32            ┆ datetime[μs, UTC]       ┆ f32   │
╞════════════════╪═════════════════════════╪═══════╡
│ 11             ┆ 2026-02-21 00:30:00 UTC ┆ 4.703 │
│ 11             ┆ 2026-02-21 00:30:00 UTC ┆ 4.703 │
│ 11             ┆ 2026-02-21 00:30:00 UTC ┆ 4.703 │
│ 11             ┆ 2026-02-21 00:30:00 UTC ┆ 4.703 │
│ 11             ┆ 2026-02-21 00:30:00 UTC ┆ 4.703 │
│ …              ┆ …                       ┆ …     │
│ 13             ┆ 2026-02-22 23:30:00 UTC ┆ 2.775 │
│ 13             ┆ 2026-02-22 23:30:00 UTC ┆ 2.775 │
│ 13             ┆ 2026-02-22 23:30:00 UTC ┆ 2.775 │
│ 13             ┆ 2026-02-22 23:30:00 UTC ┆ 2.775 │
│ 13             ┆ 2026-02-22 23:30:00 UTC ┆ 2.775 │
└────────────────┴─────────────────────────┴───────┘
2026-04-11 16:15:31 +0100 - dagster - INFO - xgboost_integration_job - dbea3be9-19d5-4b68-bc91-ec580f3f4a0a - cleaned_actuals - Cleaned data shape after cleaning: (77978, 3)
2026-04-11 16:15:31 +0100 - dagster - INFO - xgboost_integration_job - dbea3be9-19d5-4b68-bc91-ec580f3f4a0a - cleaned_actuals - Validated data shape: (77978, 3)
2026-04-11 16:15:31 +0100 - dagster - INFO - xgboost_integration_job - dbea3be9-19d5-4b68-bc91-ec580f3f4a0a - cleaned_actuals - Filtered cleaned actuals to current partition. Partition range: [2026-02-22 00:00:00+00:00, 2026-02-23 00:00:00+00:00). Data shape: (40367, 3)
2026-04-11 16:15:31 +0100 - dagster - INFO - xgboost_integration_job - dbea3be9-19d5-4b68-bc91-ec580f3f4a0a - cleaned_actuals - Saved cleaned actuals to Delta table at data/NGED/delta/cleaned_actuals
2026-04-11 16:15:31 +0100 - dagster - DEBUG - xgboost_integration_job - dbea3be9-19d5-4b68-bc91-ec580f3f4a0a - 163939 - cleaned_actuals - STEP_OUTPUT - Yielded output "result" of type "DataFrame". (Type check passed).
2026-04-11 16:15:31 +0100 - dagster - DEBUG - xgboost_integration_job - dbea3be9-19d5-4b68-bc91-ec580f3f4a0a - cleaned_actuals - Writing file at: /tmp/pytest-of-jack/pytest-72/test_xgboost_dagster_integrati0/cleaned_actuals/2026-02-22 using CompositeIOManager...
2026-04-11 16:15:31 +0100 - dagster - DEBUG - xgboost_integration_job - dbea3be9-19d5-4b68-bc91-ec580f3f4a0a - 163939 - cleaned_actuals - ASSET_MATERIALIZATION - Materialized value cleaned_actuals.
2026-04-11 16:15:31 +0100 - dagster - DEBUG - xgboost_integration_job - dbea3be9-19d5-4b68-bc91-ec580f3f4a0a - 163939 - cleaned_actuals - HANDLED_OUTPUT - Handled output "result" using IO manager "io_manager"
2026-04-11 16:15:31 +0100 - dagster - DEBUG - xgboost_integration_job - dbea3be9-19d5-4b68-bc91-ec580f3f4a0a - 163939 - cleaned_actuals - STEP_SUCCESS - Finished execution of step "cleaned_actuals" in 163ms.
2026-04-11 16:15:31 +0100 - dagster - DEBUG - xgboost_integration_job - dbea3be9-19d5-4b68-bc91-ec580f3f4a0a - 163939 - ENGINE_EVENT - Finished steps in process (pid: 163939) in 167ms
2026-04-11 16:15:31 +0100 - dagster - DEBUG - xgboost_integration_job - dbea3be9-19d5-4b68-bc91-ec580f3f4a0a - 163939 - RUN_SUCCESS - Finished execution of run for "xgboost_integration_job".
2026-04-11 16:15:31,818 - test_logger - INFO - Finished job execution for partition: 2026-02-22
2026-04-11 16:15:31,818 - test_logger - INFO - Starting job execution for partition: 2026-02-23
2026-04-11 16:15:31 +0100 - dagster - DEBUG - xgboost_integration_job - aaa88926-58fa-46ba-8116-39b041001682 - 163939 - RUN_START - Started execution of run for "xgboost_integration_job".
2026-04-11 16:15:31 +0100 - dagster - DEBUG - xgboost_integration_job - aaa88926-58fa-46ba-8116-39b041001682 - 163939 - ENGINE_EVENT - Executing steps in process (pid: 163939)
2026-04-11 16:15:31 +0100 - dagster - DEBUG - xgboost_integration_job - aaa88926-58fa-46ba-8116-39b041001682 - 163939 - cleaned_actuals - RESOURCE_INIT_STARTED - Starting initialization of resources [io_manager, settings].
2026-04-11 16:15:31 +0100 - dagster - DEBUG - xgboost_integration_job - aaa88926-58fa-46ba-8116-39b041001682 - 163939 - cleaned_actuals - RESOURCE_INIT_SUCCESS - Finished initialization of resources [io_manager, settings].
2026-04-11 16:15:31 +0100 - dagster - DEBUG - xgboost_integration_job - aaa88926-58fa-46ba-8116-39b041001682 - 163939 - LOGS_CAPTURED - Started capturing logs in process (pid: 163939).
2026-04-11 16:15:31 +0100 - dagster - DEBUG - xgboost_integration_job - aaa88926-58fa-46ba-8116-39b041001682 - 163939 - cleaned_actuals - STEP_START - Started execution of step "cleaned_actuals".
2026-04-11 16:15:31 +0100 - dagster - INFO - xgboost_integration_job - aaa88926-58fa-46ba-8116-39b041001682 - cleaned_actuals - Cleaning partition: 2026-02-23
2026-04-11 16:15:31 +0100 - dagster - INFO - xgboost_integration_job - aaa88926-58fa-46ba-8116-39b041001682 - cleaned_actuals - Materialized data shape before cleaning: (3168, 3)
2026-04-11 16:15:31 +0100 - dagster - INFO - xgboost_integration_job - aaa88926-58fa-46ba-8116-39b041001682 - cleaned_actuals - DF after dropping nulls: shape: (78_785, 3)
┌────────────────┬─────────────────────────┬───────┐
│ time_series_id ┆ period_end_time         ┆ power │
│ ---            ┆ ---                     ┆ ---   │
│ i32            ┆ datetime[μs, UTC]       ┆ f32   │
╞════════════════╪═════════════════════════╪═══════╡
│ 11             ┆ 2026-02-22 00:30:00 UTC ┆ 4.022 │
│ 11             ┆ 2026-02-22 00:30:00 UTC ┆ 4.022 │
│ 11             ┆ 2026-02-22 00:30:00 UTC ┆ 4.022 │
│ 11             ┆ 2026-02-22 00:30:00 UTC ┆ 4.022 │
│ 11             ┆ 2026-02-22 00:30:00 UTC ┆ 4.022 │
│ …              ┆ …                       ┆ …     │
│ 13             ┆ 2026-02-23 23:30:00 UTC ┆ 2.791 │
│ 13             ┆ 2026-02-23 23:30:00 UTC ┆ 2.791 │
│ 13             ┆ 2026-02-23 23:30:00 UTC ┆ 2.791 │
│ 13             ┆ 2026-02-23 23:30:00 UTC ┆ 2.791 │
│ 13             ┆ 2026-02-23 23:30:00 UTC ┆ 2.791 │
└────────────────┴─────────────────────────┴───────┘
2026-04-11 16:15:31,866 - dagster.builtin - INFO - xgboost_integration_job - aaa88926-58fa-46ba-8116-39b041001682 - cleaned_actuals - DF after dropping nulls: shape: (78_785, 3)
┌────────────────┬─────────────────────────┬───────┐
│ time_series_id ┆ period_end_time         ┆ power │
│ ---            ┆ ---                     ┆ ---   │
│ i32            ┆ datetime[μs, UTC]       ┆ f32   │
╞════════════════╪═════════════════════════╪═══════╡
│ 11             ┆ 2026-02-22 00:30:00 UTC ┆ 4.022 │
│ 11             ┆ 2026-02-22 00:30:00 UTC ┆ 4.022 │
│ 11             ┆ 2026-02-22 00:30:00 UTC ┆ 4.022 │
│ 11             ┆ 2026-02-22 00:30:00 UTC ┆ 4.022 │
│ 11             ┆ 2026-02-22 00:30:00 UTC ┆ 4.022 │
│ …              ┆ …                       ┆ …     │
│ 13             ┆ 2026-02-23 23:30:00 UTC ┆ 2.791 │
│ 13             ┆ 2026-02-23 23:30:00 UTC ┆ 2.791 │
│ 13             ┆ 2026-02-23 23:30:00 UTC ┆ 2.791 │
│ 13             ┆ 2026-02-23 23:30:00 UTC ┆ 2.791 │
│ 13             ┆ 2026-02-23 23:30:00 UTC ┆ 2.791 │
└────────────────┴─────────────────────────┴───────┘
2026-04-11 16:15:31 +0100 - dagster - INFO - xgboost_integration_job - aaa88926-58fa-46ba-8116-39b041001682 - cleaned_actuals - Cleaned data shape after cleaning: (78785, 3)
2026-04-11 16:15:31 +0100 - dagster - INFO - xgboost_integration_job - aaa88926-58fa-46ba-8116-39b041001682 - cleaned_actuals - Validated data shape: (78785, 3)
2026-04-11 16:15:31 +0100 - dagster - INFO - xgboost_integration_job - aaa88926-58fa-46ba-8116-39b041001682 - cleaned_actuals - Filtered cleaned actuals to current partition. Partition range: [2026-02-23 00:00:00+00:00, 2026-02-24 00:00:00+00:00). Data shape: (39544, 3)
2026-04-11 16:15:31 +0100 - dagster - INFO - xgboost_integration_job - aaa88926-58fa-46ba-8116-39b041001682 - cleaned_actuals - Saved cleaned actuals to Delta table at data/NGED/delta/cleaned_actuals
2026-04-11 16:15:31 +0100 - dagster - DEBUG - xgboost_integration_job - aaa88926-58fa-46ba-8116-39b041001682 - 163939 - cleaned_actuals - STEP_OUTPUT - Yielded output "result" of type "DataFrame". (Type check passed).
2026-04-11 16:15:31 +0100 - dagster - DEBUG - xgboost_integration_job - aaa88926-58fa-46ba-8116-39b041001682 - cleaned_actuals - Writing file at: /tmp/pytest-of-jack/pytest-72/test_xgboost_dagster_integrati0/cleaned_actuals/2026-02-23 using CompositeIOManager...
2026-04-11 16:15:31 +0100 - dagster - DEBUG - xgboost_integration_job - aaa88926-58fa-46ba-8116-39b041001682 - 163939 - cleaned_actuals - ASSET_MATERIALIZATION - Materialized value cleaned_actuals.
[...]
2026-04-11 16:15:37 +0100 - dagster - DEBUG - xgboost_integration_job - 8191ed40-1402-4e92-8ecc-c00cb588edf1 - 163939 - ENGINE_EVENT - Finished steps in process (pid: 163939) in 140ms
2026-04-11 16:15:37 +0100 - dagster - DEBUG - xgboost_integration_job - 8191ed40-1402-4e92-8ecc-c00cb588edf1 - 163939 - RUN_SUCCESS - Finished execution of run for "xgboost_integration_job".
2026-04-11 16:15:37,039 - test_logger - INFO - Finished job execution for partition: 2026-03-26
2026-04-11 16:15:37,039 - test_logger - INFO - Starting final job execution for test_end: 2026-03-26
2026-04-11 16:15:37 +0100 - dagster - DEBUG - xgboost_integration_job - d8b1edcb-277b-47f9-b5a0-2cc2c626a1d4 - 163939 - RUN_START - Started execution of run for "xgboost_integration_job".
2026-04-11 16:15:37 +0100 - dagster - DEBUG - xgboost_integration_job - d8b1edcb-277b-47f9-b5a0-2cc2c626a1d4 - 163939 - ENGINE_EVENT - Executing steps in process (pid: 163939)
2026-04-11 16:15:37 +0100 - dagster - DEBUG - xgboost_integration_job - d8b1edcb-277b-47f9-b5a0-2cc2c626a1d4 - 163939 - RESOURCE_INIT_STARTED - Starting initialization of resources [io_manager, settings].
2026-04-11 16:15:37 +0100 - dagster - DEBUG - xgboost_integration_job - d8b1edcb-277b-47f9-b5a0-2cc2c626a1d4 - 163939 - RESOURCE_INIT_SUCCESS - Finished initialization of resources [io_manager, settings].
2026-04-11 16:15:37 +0100 - dagster - DEBUG - xgboost_integration_job - d8b1edcb-277b-47f9-b5a0-2cc2c626a1d4 - 163939 - LOGS_CAPTURED - Started capturing logs in process (pid: 163939).
2026-04-11 16:15:37 +0100 - dagster - DEBUG - xgboost_integration_job - d8b1edcb-277b-47f9-b5a0-2cc2c626a1d4 - 163939 - all_nwp_data - STEP_START - Started execution of step "all_nwp_data".
2026-04-11 16:15:37 +0100 - dagster - DEBUG - xgboost_integration_job - d8b1edcb-277b-47f9-b5a0-2cc2c626a1d4 - 163939 - all_nwp_data - STEP_OUTPUT - Yielded output "result" of type "LazyFrame". (Type check passed).
2026-04-11 16:15:37 +0100 - dagster - DEBUG - xgboost_integration_job - d8b1edcb-277b-47f9-b5a0-2cc2c626a1d4 - all_nwp_data - Writing file at: /tmp/pytest-of-jack/pytest-72/test_xgboost_dagster_integrati0/all_nwp_data using CompositeIOManager...
2026-04-11 16:15:37 +0100 - dagster - DEBUG - xgboost_integration_job - d8b1edcb-277b-47f9-b5a0-2cc2c626a1d4 - 163939 - all_nwp_data - ASSET_MATERIALIZATION - Materialized value all_nwp_data.
2026-04-11 16:15:37 +0100 - dagster - DEBUG - xgboost_integration_job - d8b1edcb-277b-47f9-b5a0-2cc2c626a1d4 - 163939 - all_nwp_data - HANDLED_OUTPUT - Handled output "result" using IO manager "io_manager"
2026-04-11 16:15:37 +0100 - dagster - DEBUG - xgboost_integration_job - d8b1edcb-277b-47f9-b5a0-2cc2c626a1d4 - 163939 - all_nwp_data - STEP_SUCCESS - Finished execution of step "all_nwp_data" in 9.63ms.
2026-04-11 16:15:37 +0100 - dagster - DEBUG - xgboost_integration_job - d8b1edcb-277b-47f9-b5a0-2cc2c626a1d4 - 163939 - cleaned_actuals - STEP_START - Started execution of step "cleaned_actuals".
2026-04-11 16:15:37 +0100 - dagster - INFO - xgboost_integration_job - d8b1edcb-277b-47f9-b5a0-2cc2c626a1d4 - cleaned_actuals - Cleaning partition: 2026-03-26
2026-04-11 16:15:37 +0100 - dagster - INFO - xgboost_integration_job - d8b1edcb-277b-47f9-b5a0-2cc2c626a1d4 - cleaned_actuals - Materialized data shape before cleaning: (2178, 3)
2026-04-11 16:15:37 +0100 - dagster - INFO - xgboost_integration_job - d8b1edcb-277b-47f9-b5a0-2cc2c626a1d4 - cleaned_actuals - DF after dropping nulls: shape: (51_737, 3)
┌────────────────┬─────────────────────────┬───────┐
│ time_series_id ┆ period_end_time         ┆ power │
│ ---            ┆ ---                     ┆ ---   │
│ i32            ┆ datetime[μs, UTC]       ┆ f32   │
╞════════════════╪═════════════════════════╪═══════╡
│ 11             ┆ 2026-03-25 00:30:00 UTC ┆ 5.008 │
│ 11             ┆ 2026-03-25 00:30:00 UTC ┆ 5.008 │
│ 11             ┆ 2026-03-25 00:30:00 UTC ┆ 5.008 │
│ 11             ┆ 2026-03-25 00:30:00 UTC ┆ 5.008 │
│ 11             ┆ 2026-03-25 00:30:00 UTC ┆ 5.008 │
│ …              ┆ …                       ┆ …     │
│ 13             ┆ 2026-03-26 08:30:00 UTC ┆ 2.739 │
│ 13             ┆ 2026-03-26 08:30:00 UTC ┆ 2.739 │
│ 13             ┆ 2026-03-26 08:30:00 UTC ┆ 2.739 │
│ 13             ┆ 2026-03-26 08:30:00 UTC ┆ 2.739 │
│ 13             ┆ 2026-03-26 08:30:00 UTC ┆ 2.739 │
└────────────────┴─────────────────────────┴───────┘
2026-04-11 16:15:37,096 - dagster.builtin - INFO - xgboost_integration_job - d8b1edcb-277b-47f9-b5a0-2cc2c626a1d4 - cleaned_actuals - DF after dropping nulls: shape: (51_737, 3)
┌────────────────┬─────────────────────────┬───────┐
│ time_series_id ┆ period_end_time         ┆ power │
│ ---            ┆ ---                     ┆ ---   │
│ i32            ┆ datetime[μs, UTC]       ┆ f32   │
╞════════════════╪═════════════════════════╪═══════╡
│ 11             ┆ 2026-03-25 00:30:00 UTC ┆ 5.008 │
│ 11             ┆ 2026-03-25 00:30:00 UTC ┆ 5.008 │
│ 11             ┆ 2026-03-25 00:30:00 UTC ┆ 5.008 │
│ 11             ┆ 2026-03-25 00:30:00 UTC ┆ 5.008 │
│ 11             ┆ 2026-03-25 00:30:00 UTC ┆ 5.008 │
│ …              ┆ …                       ┆ …     │
│ 13             ┆ 2026-03-26 08:30:00 UTC ┆ 2.739 │
│ 13             ┆ 2026-03-26 08:30:00 UTC ┆ 2.739 │
│ 13             ┆ 2026-03-26 08:30:00 UTC ┆ 2.739 │
│ 13             ┆ 2026-03-26 08:30:00 UTC ┆ 2.739 │
│ 13             ┆ 2026-03-26 08:30:00 UTC ┆ 2.739 │
└────────────────┴─────────────────────────┴───────┘
2026-04-11 16:15:37 +0100 - dagster - INFO - xgboost_integration_job - d8b1edcb-277b-47f9-b5a0-2cc2c626a1d4 - cleaned_actuals - Cleaned data shape after cleaning: (51737, 3)
2026-04-11 16:15:37 +0100 - dagster - INFO - xgboost_integration_job - d8b1edcb-277b-47f9-b5a0-2cc2c626a1d4 - cleaned_actuals - Validated data shape: (51737, 3)
2026-04-11 16:15:37 +0100 - dagster - INFO - xgboost_integration_job - d8b1edcb-277b-47f9-b5a0-2cc2c626a1d4 - cleaned_actuals - Filtered cleaned actuals to current partition. Partition range: [2026-03-26 00:00:00+00:00, 2026-03-27 00:00:00+00:00). Data shape: (13556, 3)
2026-04-11 16:15:37 +0100 - dagster - INFO - xgboost_integration_job - d8b1edcb-277b-47f9-b5a0-2cc2c626a1d4 - cleaned_actuals - Saved cleaned actuals to Delta table at data/NGED/delta/cleaned_actuals
2026-04-11 16:15:37 +0100 - dagster - DEBUG - xgboost_integration_job - d8b1edcb-277b-47f9-b5a0-2cc2c626a1d4 - 163939 - cleaned_actuals - STEP_OUTPUT - Yielded output "result" of type "DataFrame". (Type check passed).
2026-04-11 16:15:37 +0100 - dagster - DEBUG - xgboost_integration_job - d8b1edcb-277b-47f9-b5a0-2cc2c626a1d4 - cleaned_actuals - Writing file at: /tmp/pytest-of-jack/pytest-72/test_xgboost_dagster_integrati0/cleaned_actuals/2026-03-26 using CompositeIOManager...
2026-04-11 16:15:37 +0100 - dagster - DEBUG - xgboost_integration_job - d8b1edcb-277b-47f9-b5a0-2cc2c626a1d4 - 163939 - cleaned_actuals - ASSET_MATERIALIZATION - Materialized value cleaned_actuals.
2026-04-11 16:15:37 +0100 - dagster - DEBUG - xgboost_integration_job - d8b1edcb-277b-47f9-b5a0-2cc2c626a1d4 - 163939 - cleaned_actuals - HANDLED_OUTPUT - Handled output "result" using IO manager "io_manager"
2026-04-11 16:15:37 +0100 - dagster - DEBUG - xgboost_integration_job - d8b1edcb-277b-47f9-b5a0-2cc2c626a1d4 - 163939 - cleaned_actuals - STEP_SUCCESS - Finished execution of step "cleaned_actuals" in 160ms.
2026-04-11 16:15:37 +0100 - dagster - DEBUG - xgboost_integration_job - d8b1edcb-277b-47f9-b5a0-2cc2c626a1d4 - 163939 - processed_nwp_data - STEP_START - Started execution of step "processed_nwp_data".
2026-04-11 16:15:37 +0100 - dagster - DEBUG - xgboost_integration_job - d8b1edcb-277b-47f9-b5a0-2cc2c626a1d4 - processed_nwp_data - Loading file from: /tmp/pytest-of-jack/pytest-72/test_xgboost_dagster_integrati0/all_nwp_data using CompositeIOManager...
2026-04-11 16:15:37 +0100 - dagster - DEBUG - xgboost_integration_job - d8b1edcb-277b-47f9-b5a0-2cc2c626a1d4 - 163939 - processed_nwp_data - LOADED_INPUT - Loaded input "all_nwp_data" using input manager "io_manager", from output "result" of step "all_nwp_data"
2026-04-11 16:15:37 +0100 - dagster - DEBUG - xgboost_integration_job - d8b1edcb-277b-47f9-b5a0-2cc2c626a1d4 - 163939 - processed_nwp_data - STEP_INPUT - Got input "all_nwp_data" of type "LazyFrame". (Type check passed).
2026-04-11 16:15:37 +0100 - dagster - INFO - xgboost_integration_job - d8b1edcb-277b-47f9-b5a0-2cc2c626a1d4 - processed_nwp_data - processed_nwp_data config: substation_ids=[16, 27, 31, 6] start_date='2026-01-28' end_date='2026-03-26'
2026-04-11 16:15:37 +0100 - dagster - INFO - xgboost_integration_job - d8b1edcb-277b-47f9-b5a0-2cc2c626a1d4 - processed_nwp_data - all_nwp_data schema: ['h3_index', 'ensemble_member', 'pressure_surface', 'geopotential_height_500hpa', 'wind_u_10m', 'precipitation_surface', 'wind_u_100m', 'wind_v_10m', 'temperature_2m', 'dew_point_temperature_2m', 'downward_long_wave_radiation_flux_surface', 'downward_short_wave_radiation_flux_surface', 'wind_v_100m', 'pressure_reduced_to_mean_sea_level', 'categorical_precipitation_type_surface', 'init_time', 'valid_time']
2026-04-11 16:15:37 +0100 - dagster - DEBUG - xgboost_integration_job - d8b1edcb-277b-47f9-b5a0-2cc2c626a1d4 - 163939 - processed_nwp_data - STEP_OUTPUT - Yielded output "result" of type "LazyFrame". (Type check passed).
2026-04-11 16:15:37 +0100 - dagster - DEBUG - xgboost_integration_job - d8b1edcb-277b-47f9-b5a0-2cc2c626a1d4 - processed_nwp_data - Writing file at: /tmp/pytest-of-jack/pytest-72/test_xgboost_dagster_integrati0/processed_nwp_data using CompositeIOManager...
2026-04-11 16:15:37 +0100 - dagster - DEBUG - xgboost_integration_job - d8b1edcb-277b-47f9-b5a0-2cc2c626a1d4 - 163939 - processed_nwp_data - ASSET_MATERIALIZATION - Materialized value processed_nwp_data.
2026-04-11 16:15:37 +0100 - dagster - DEBUG - xgboost_integration_job - d8b1edcb-277b-47f9-b5a0-2cc2c626a1d4 - 163939 - processed_nwp_data - HANDLED_OUTPUT - Handled output "result" using IO manager "io_manager"
2026-04-11 16:15:37 +0100 - dagster - DEBUG - xgboost_integration_job - d8b1edcb-277b-47f9-b5a0-2cc2c626a1d4 - 163939 - processed_nwp_data - STEP_SUCCESS - Finished execution of step "processed_nwp_data" in 36ms.
2026-04-11 16:15:37 +0100 - dagster - DEBUG - xgboost_integration_job - d8b1edcb-277b-47f9-b5a0-2cc2c626a1d4 - 163939 - train_xgboost - STEP_START - Started execution of step "train_xgboost".
2026-04-11 16:15:37 +0100 - dagster - DEBUG - xgboost_integration_job - d8b1edcb-277b-47f9-b5a0-2cc2c626a1d4 - train_xgboost - Loading file from: /tmp/pytest-of-jack/pytest-72/test_xgboost_dagster_integrati0/processed_nwp_data using CompositeIOManager...
2026-04-11 16:15:37 +0100 - dagster - DEBUG - xgboost_integration_job - d8b1edcb-277b-47f9-b5a0-2cc2c626a1d4 - 163939 - train_xgboost - LOADED_INPUT - Loaded input "nwp" using input manager "io_manager", from output "result" of step "processed_nwp_data"
2026-04-11 16:15:37 +0100 - dagster - DEBUG - xgboost_integration_job - d8b1edcb-277b-47f9-b5a0-2cc2c626a1d4 - 163939 - train_xgboost - STEP_INPUT - Got input "nwp" of type "LazyFrame". (Type check passed).
2026-04-11 16:15:37 +0100 - dagster - INFO - xgboost_integration_job - d8b1edcb-277b-47f9-b5a0-2cc2c626a1d4 - train_xgboost - Reading cleaned actuals from data/NGED/delta/cleaned_actuals
2026-04-11 16:15:37 +0100 - dagster - INFO - xgboost_integration_job - d8b1edcb-277b-47f9-b5a0-2cc2c626a1d4 - train_xgboost - Filtered requested substations to 4 healthy ones.
2026-04-11 16:15:37 +0100 - dagster - INFO - xgboost_integration_job - d8b1edcb-277b-47f9-b5a0-2cc2c626a1d4 - train_xgboost - time_series_metadata_filtered shape: (4, 14)
2026-04-11 16:15:37 +0100 - dagster - INFO - xgboost_integration_job - d8b1edcb-277b-47f9-b5a0-2cc2c626a1d4 - train_xgboost - sub_ids: [16, 27, 31, 6]
2026-04-11 16:15:37,407 - xgboost_forecaster.model - INFO - Starting XGBoost training...
2026-04-11 16:15:37,407 - xgboost_forecaster.model - INFO - Input power_time_series columns: ['time_series_id', 'period_end_time', 'power']
2026-04-11 16:15:37,418 - xgboost_forecaster.model - INFO - power_time_series range: shape: (1, 2)
┌─────────────────────────┬─────────────────────────┐
│ min                     ┆ max                     │
│ ---                     ┆ ---                     │
│ datetime[μs, UTC]       ┆ datetime[μs, UTC]       │
╞═════════════════════════╪═════════════════════════╡
│ 2026-02-11 00:00:00 UTC ┆ 2026-03-11 23:30:00 UTC │
└─────────────────────────┴─────────────────────────┘
2026-04-11 16:15:37,419 - xgboost_forecaster.model - INFO - Input NWP ecmwf_ens_0_25deg columns: ['init_time', 'h3_index', 'ensemble_member', 'valid_time', 'pressure_surface', 'geopotential_height_500hpa', 'precipitation_surface', 'temperature_2m', 'dew_point_temperature_2m', 'downward_long_wave_radiation_flux_surface', 'downward_short_wave_radiation_flux_surface', 'pressure_reduced_to_mean_sea_level', 'categorical_precipitation_type_surface', 'lead_time_hours', 'wind_speed_10m', 'wind_direction_10m', 'wind_speed_100m', 'wind_direction_100m']
2026-04-11 16:15:37,621 - xgboost_forecaster.model - INFO - NWP range: shape: (1, 2)
┌─────────────────────────┬─────────────────────────┐
│ min                     ┆ max                     │
│ ---                     ┆ ---                     │
│ datetime[μs, UTC]       ┆ datetime[μs, UTC]       │
╞═════════════════════════╪═════════════════════════╡
│ 2026-02-16 00:00:00 UTC ┆ 2026-03-11 23:30:00 UTC │
└─────────────────────────┴─────────────────────────┘
2026-04-11 16:15:42,431 - xgboost_forecaster.model - INFO - Collected raw_df shape before dropping nulls: (25737492, 28)
2026-04-11 16:15:42,432 - xgboost_forecaster.model - INFO - Null counts: shape: (1, 28)
┌───────┬────────────┬────────────┬───────────┬───┬────────────┬───────────┬───────────┬───────────┐
│ power ┆ downward_s ┆ day_of_yea ┆ windchill ┆ … ┆ pressure_s ┆ geopotent ┆ temperatu ┆ lead_time │
│ ---   ┆ hort_wave_ ┆ r_cos      ┆ ---       ┆   ┆ urface     ┆ ial_heigh ┆ re_2m_6h_ ┆ _hours    │
│ u32   ┆ radiation_ ┆ ---        ┆ u32       ┆   ┆ ---        ┆ t_500hpa  ┆ ago       ┆ ---       │
│       ┆ …          ┆ u32        ┆           ┆   ┆ u32        ┆ ---       ┆ ---       ┆ u32       │
│       ┆ ---        ┆            ┆           ┆   ┆            ┆ u32       ┆ u32       ┆           │
│       ┆ u32        ┆            ┆           ┆   ┆            ┆           ┆           ┆           │
╞═══════╪════════════╪════════════╪═══════════╪═══╪════════════╪═══════════╪═══════════╪═══════════╡
│ 0     ┆ 2539507    ┆ 0          ┆ 22225     ┆ … ┆ 22225      ┆ 22225     ┆ 22621     ┆ 22225     │
└───────┴────────────┴────────────┴───────────┴───┴────────────┴───────────┴───────────┴───────────┘
2026-04-11 16:15:42,446 - xgboost_forecaster.model - WARNING - Dropped 22225 rows during training due to nulls in critical columns: ['power', 'temperature_2m', 'downward_short_wave_radiation_flux_surface', 'wind_speed_10m']
2026/04/11 16:19:23 WARNING mlflow.models.model: `artifact_path` is deprecated. Please use `name` instead.
2026/04/11 16:19:23 INFO mlflow.utils.uv_utils: Detected uv project: found uv.lock and pyproject.toml in /home/jack/dev/python/nged-substation-forecast
2026/04/11 16:19:23 INFO mlflow.utils.uv_utils: Detected uv project: found uv.lock and pyproject.toml in /home/jack/dev/python/nged-substation-forecast
2026/04/11 16:19:23 INFO mlflow.utils.environment: Detected uv project at /home/jack/dev/python/nged-substation-forecast. Attempting to export requirements via 'uv export'.
2026/04/11 16:19:23 INFO mlflow.utils.uv_utils: Exported 172 dependencies via uv
2026/04/11 16:19:23 INFO mlflow.utils.environment: Successfully exported 172 requirements from uv project. Skipping package capture based inference.
2026/04/11 16:19:24 WARNING mlflow.utils.environment: Failed to resolve installed pip version. ``pip`` will be added to conda.yaml environment spec without a version specifier.
2026-04-11 16:19:24 +0100 - dagster - DEBUG - xgboost_integration_job - d8b1edcb-277b-47f9-b5a0-2cc2c626a1d4 - 163939 - train_xgboost - STEP_OUTPUT - Yielded output "result" of type "Any". (Type check passed).
2026-04-11 16:19:24 +0100 - dagster - DEBUG - xgboost_integration_job - d8b1edcb-277b-47f9-b5a0-2cc2c626a1d4 - train_xgboost - Writing file at: /tmp/pytest-of-jack/pytest-72/test_xgboost_dagster_integrati0/train_xgboost using CompositeIOManager...
2026-04-11 16:19:24 +0100 - dagster - DEBUG - xgboost_integration_job - d8b1edcb-277b-47f9-b5a0-2cc2c626a1d4 - 163939 - train_xgboost - ASSET_MATERIALIZATION - Materialized value train_xgboost.
2026-04-11 16:19:24 +0100 - dagster - DEBUG - xgboost_integration_job - d8b1edcb-277b-47f9-b5a0-2cc2c626a1d4 - 163939 - train_xgboost - HANDLED_OUTPUT - Handled output "result" using IO manager "io_manager"
2026-04-11 16:19:24 +0100 - dagster - DEBUG - xgboost_integration_job - d8b1edcb-277b-47f9-b5a0-2cc2c626a1d4 - 163939 - train_xgboost - STEP_SUCCESS - Finished execution of step "train_xgboost" in 3m46s.
2026-04-11 16:19:24 +0100 - dagster - DEBUG - xgboost_integration_job - d8b1edcb-277b-47f9-b5a0-2cc2c626a1d4 - 163939 - evaluate_xgboost - STEP_START - Started execution of step "evaluate_xgboost".
2026-04-11 16:19:24 +0100 - dagster - DEBUG - xgboost_integration_job - d8b1edcb-277b-47f9-b5a0-2cc2c626a1d4 - evaluate_xgboost - Loading file from: /tmp/pytest-of-jack/pytest-72/test_xgboost_dagster_integrati0/train_xgboost using CompositeIOManager...
2026-04-11 16:19:24 +0100 - dagster - DEBUG - xgboost_integration_job - d8b1edcb-277b-47f9-b5a0-2cc2c626a1d4 - 163939 - evaluate_xgboost - LOADED_INPUT - Loaded input "model" using input manager "io_manager", from output "result" of step "train_xgboost"
2026-04-11 16:19:24 +0100 - dagster - DEBUG - xgboost_integration_job - d8b1edcb-277b-47f9-b5a0-2cc2c626a1d4 - evaluate_xgboost - Loading file from: /tmp/pytest-of-jack/pytest-72/test_xgboost_dagster_integrati0/processed_nwp_data using CompositeIOManager...
2026-04-11 16:19:24 +0100 - dagster - DEBUG - xgboost_integration_job - d8b1edcb-277b-47f9-b5a0-2cc2c626a1d4 - 163939 - evaluate_xgboost - LOADED_INPUT - Loaded input "nwp" using input manager "io_manager", from output "result" of step "processed_nwp_data"
2026-04-11 16:19:24 +0100 - dagster - DEBUG - xgboost_integration_job - d8b1edcb-277b-47f9-b5a0-2cc2c626a1d4 - 163939 - evaluate_xgboost - STEP_INPUT - Got input "model" of type "XGBoostForecaster". (Type check passed).
2026-04-11 16:19:24 +0100 - dagster - DEBUG - xgboost_integration_job - d8b1edcb-277b-47f9-b5a0-2cc2c626a1d4 - 163939 - evaluate_xgboost - STEP_INPUT - Got input "nwp" of type "LazyFrame". (Type check passed).
2026-04-11 16:19:24 +0100 - dagster - INFO - xgboost_integration_job - d8b1edcb-277b-47f9-b5a0-2cc2c626a1d4 - evaluate_xgboost - Reading cleaned actuals from data/NGED/delta/cleaned_actuals
2026-04-11 16:19:24 +0100 - dagster - INFO - xgboost_integration_job - d8b1edcb-277b-47f9-b5a0-2cc2c626a1d4 - evaluate_xgboost - Filtered requested substations to 4 healthy ones.
2026-04-11 16:19:24 +0100 - dagster - INFO - xgboost_integration_job - d8b1edcb-277b-47f9-b5a0-2cc2c626a1d4 - evaluate_xgboost - substation_power_flows_filtered shape: (171296, 3)
2026-04-11 16:19:24 +0100 - dagster - INFO - xgboost_integration_job - d8b1edcb-277b-47f9-b5a0-2cc2c626a1d4 - evaluate_xgboost - time_series_metadata_filtered shape: (4, 14)
2026-04-11 16:19:24 +0100 - dagster - INFO - xgboost_integration_job - d8b1edcb-277b-47f9-b5a0-2cc2c626a1d4 - evaluate_xgboost - Number of NWP ensemble members: 51
2026-04-11 16:19:24 +0100 - dagster - INFO - xgboost_integration_job - d8b1edcb-277b-47f9-b5a0-2cc2c626a1d4 - evaluate_xgboost - Starting evaluation...
2026-04-11 16:20:49 +0100 - dagster - INFO - xgboost_integration_job - d8b1edcb-277b-47f9-b5a0-2cc2c626a1d4 - evaluate_xgboost - XGBoost inference finished.
